{
  "stats": {
    "suites": 1,
    "tests": 1,
    "passes": 0,
    "pending": 0,
    "failures": 1,
    "start": "2024-12-03T08:18:16.341Z",
    "end": "2024-12-03T08:18:19.659Z",
    "duration": 3318,
    "testsRegistered": 3,
    "passPercent": 0,
    "pendingPercent": 0,
    "other": 0,
    "hasOther": false,
    "skipped": 2,
    "hasSkipped": true
  },
  "results": [
    {
      "uuid": "54b689af-03b9-4a51-b0ab-cabd4c7a9893",
      "title": "",
      "fullFile": "cypress/e2e/Bussiness_owners/Erp_Login/Sales/Customer_Category/tests/customer_category_add.cy.ts",
      "file": "cypress/e2e/Bussiness_owners/Erp_Login/Sales/Customer_Category/tests/customer_category_add.cy.ts",
      "beforeHooks": [],
      "afterHooks": [],
      "tests": [],
      "suites": [
        {
          "uuid": "7f212f2d-c73c-433b-a612-8157a1111737",
          "title": "Customer Category (Add)",
          "fullFile": "",
          "file": "",
          "beforeHooks": [],
          "afterHooks": [],
          "tests": [
            {
              "title": "1.Verify All components are displaying",
              "fullTitle": "Customer Category (Add) 1.Verify All components are displaying",
              "timedOut": null,
              "duration": 1613,
              "state": "failed",
              "speed": null,
              "pass": false,
              "fail": true,
              "pending": false,
              "context": null,
              "code": "Customer_category_1.CustomerCategory.landing();\ncy.wait(1500);\nCustomer_category_1.CustomerCategory.clickAddNewButton();\n// Verify Labels\ncy.verifyLabelText(\"code\", /category code/i);\ncy.verifyLabelText(\"name\", /category name/i);\ncy.verifyLabelText(\"receivableAccountId\", /recievable gl account/i);\ncy.verifyLabelText(\"salesAccountId\", /sales gl account/i);\ncy.verifyLabelText(\"salesReturnAccountId\", /sales return gl account/i);\ncy.verifyLabelText(\"discountAccountId\", /discount gl account/i);\ncy.verifyLabelText(\"pricePolicyId\", /price policy/i);\ncy.verifyLabelText(\"paymentTermId\", /payment terms/i);\ncy.verifyLabelText(\"marketType\", /market type/i);\n// Verify The Dimmed Code\ncy.getByTestAttribute(\"code\").should(\"have.attr\", \"readonly\");\ncy.getByTestAttribute(\"code\").should(\"have.attr\", \"disabled\");\n// Verify All Dropdown Buttons\ncy.get('span[role=\"combobox\"]').should(\"have.length\", 11);",
              "err": {
                "message": "CypressError: `cy.visit()` failed trying to load:\n\nhttps://intmicrotec.neat-url.com:2006/bussiness-owners/\n\nWe attempted to make an http request to this URL but the request failed without a response.\n\nWe received this error at the network level:\n\n  > Error: connect ECONNREFUSED 77.31.144.166:2006\n\nCommon situations why this would fail:\n  - you don't have internet access\n  - you forgot to run / boot your web server\n  - your web server isn't accessible\n  - you have weird network configuration settings on your computer\n\nThis error occurred while creating the session. Because the session setup failed, we failed the test.\n\nBecause this error occurred during a `before each` hook we are skipping all of the remaining tests.",
                "estack": "CypressError: `cy.visit()` failed trying to load:\n\nhttps://intmicrotec.neat-url.com:2006/bussiness-owners/\n\nWe attempted to make an http request to this URL but the request failed without a response.\n\nWe received this error at the network level:\n\n  > Error: connect ECONNREFUSED 77.31.144.166:2006\n\nCommon situations why this would fail:\n  - you don't have internet access\n  - you forgot to run / boot your web server\n  - your web server isn't accessible\n  - you have weird network configuration settings on your computer\n\nThis error occurred while creating the session. Because the session setup failed, we failed the test.\n\nBecause this error occurred during a `before each` hook we are skipping all of the remaining tests.\n    at <unknown> (https://intmicrotec.neat-url.com:2006/__cypress/runner/cypress_runner.js:131477:74)\n    at visitFailedByErr (https://intmicrotec.neat-url.com:2006/__cypress/runner/cypress_runner.js:130876:12)\n    at <unknown> (https://intmicrotec.neat-url.com:2006/__cypress/runner/cypress_runner.js:131476:11)\n    at tryCatcher (https://intmicrotec.neat-url.com:2006/__cypress/runner/cypress_runner.js:1830:23)\n    at Promise._settlePromiseFromHandler (https://intmicrotec.neat-url.com:2006/__cypress/runner/cypress_runner.js:1542:31)\n    at Promise._settlePromise (https://intmicrotec.neat-url.com:2006/__cypress/runner/cypress_runner.js:1599:18)\n    at Promise._settlePromise0 (https://intmicrotec.neat-url.com:2006/__cypress/runner/cypress_runner.js:1644:10)\n    at Promise._settlePromises (https://intmicrotec.neat-url.com:2006/__cypress/runner/cypress_runner.js:1720:18)\n    at _drainQueueStep (https://intmicrotec.neat-url.com:2006/__cypress/runner/cypress_runner.js:2430:12)\n    at _drainQueue (https://intmicrotec.neat-url.com:2006/__cypress/runner/cypress_runner.js:2423:9)\n    at Async._drainQueues (https://intmicrotec.neat-url.com:2006/__cypress/runner/cypress_runner.js:2439:5)\n    at Async.drainQueues (https://intmicrotec.neat-url.com:2006/__cypress/runner/cypress_runner.js:2309:14)\nFrom Your Spec Code:\n    at Context.eval (webpack://ERP_MicroTec_Cypress/./cypress/support/commands.ts:1239:0)\n\nFrom Node.js Internals:\n  Error: connect ECONNREFUSED 77.31.144.166:2006\n      at TCPConnectWrap.afterConnect [as oncomplete] (node:net:1495:16)",
                "diff": null
              },
              "uuid": "113e69b8-a7b5-4899-856b-bd8de2a868ba",
              "parentUUID": "7f212f2d-c73c-433b-a612-8157a1111737",
              "isHook": false,
              "skipped": false
            },
            {
              "title": "2.Verify Submitting new Customer Category",
              "fullTitle": "Customer Category (Add) 2.Verify Submitting new Customer Category",
              "timedOut": null,
              "duration": 0,
              "state": "skipped",
              "speed": null,
              "pass": false,
              "fail": false,
              "pending": false,
              "context": null,
              "code": "Customer_category_1.CustomerCategory.landing();\ncy.getInitItemsCountInListView();\nCustomer_category_1.CustomerCategory.clickAddNewButton();\ncy.getByTestAttribute(\"name\").clear().type((0, utils_1.generateRandomString)(7));\ncy.getFirstItemInDropDownList(\"receivableAccountId\");\ncy.getFirstItemInDropDownList(\"salesAccountId\");\ncy.getFirstItemInDropDownList(\"salesReturnAccountId\");\ncy.getFirstItemInDropDownList(\"pricePolicyId\");\ncy.getFirstItemInDropDownList(\"paymentTermId\");\ncy.getFirstItemInDropDownList(\"marketType\");\ncy.getFirstItemInDropDownList(\"discountAccountId\");\nCustomer_category_1.CustomerCategory.clickSaveButton();\n// Assertion\ncy.wait(1000);\ncy.assertnewItemAddedToListView();",
              "err": {},
              "uuid": "3962d1ca-881a-44ad-a6b5-776fabd71fa1",
              "parentUUID": "7f212f2d-c73c-433b-a612-8157a1111737",
              "isHook": false,
              "skipped": true
            },
            {
              "title": "3.Verify Required Validation and The name Field is Required",
              "fullTitle": "Customer Category (Add) 3.Verify Required Validation and The name Field is Required",
              "timedOut": null,
              "duration": 0,
              "state": "skipped",
              "speed": null,
              "pass": false,
              "fail": false,
              "pending": false,
              "context": null,
              "code": "Customer_category_1.CustomerCategory.landing();\nCustomer_category_1.CustomerCategory.clickAddNewButton();\ncy.contains(\"span\", /required/i).should(\"not.exist\");\ncy.getByTestAttribute(\"name\").clear().type((0, utils_1.generateRandomString)(7));\ncy.contains(\"span\", /required/i).should(\"not.exist\");\ncy.getByTestAttribute(\"name\").clear();\ncy.contains(\"span\", /required/i).should(\"be.visible\");\nCustomer_category_1.CustomerCategory.clickSaveButton();\ncy.get(\"span\").should(\"include\", /create/i);\ncy.getByTestAttribute(\"name\").clear().type((0, utils_1.generateRandomString)(7));\nCustomer_category_1.CustomerCategory.clickSaveButton();\ncy.wait(1500);\ncy.get(\"span\").should(\"not.include\", /create/i);",
              "err": {},
              "uuid": "2e95279a-4cc7-4579-bb9d-18ec4947a373",
              "parentUUID": "7f212f2d-c73c-433b-a612-8157a1111737",
              "isHook": false,
              "skipped": true
            }
          ],
          "suites": [],
          "passes": [],
          "failures": [
            "113e69b8-a7b5-4899-856b-bd8de2a868ba"
          ],
          "pending": [],
          "skipped": [
            "3962d1ca-881a-44ad-a6b5-776fabd71fa1",
            "2e95279a-4cc7-4579-bb9d-18ec4947a373"
          ],
          "duration": 1613,
          "root": false,
          "rootEmpty": false,
          "_timeout": 2000
        }
      ],
      "passes": [],
      "failures": [],
      "pending": [],
      "skipped": [],
      "duration": 0,
      "root": true,
      "rootEmpty": true,
      "_timeout": 2000
    }
  ],
  "meta": {
    "mocha": {
      "version": "7.0.1"
    },
    "mochawesome": {
      "options": {
        "quiet": false,
        "reportFilename": "mochawesome",
        "saveHtml": false,
        "saveJson": true,
        "consoleReporter": "spec",
        "useInlineDiffs": false,
        "code": true
      },
      "version": "7.1.3"
    },
    "marge": {
      "options": {
        "reportDir": "cypress/reports",
        "overwrite": false,
        "html": false,
        "json": true
      },
      "version": "6.2.0"
    }
  }
}