{
  "stats": {
    "suites": 1,
    "tests": 7,
    "passes": 0,
    "pending": 0,
    "failures": 7,
    "start": "2024-11-13T11:31:45.775Z",
    "end": "2024-11-13T11:40:03.907Z",
    "duration": 498132,
    "testsRegistered": 7,
    "passPercent": 0,
    "pendingPercent": 0,
    "other": 0,
    "hasOther": false,
    "skipped": 0,
    "hasSkipped": false
  },
  "results": [
    {
      "uuid": "84b9ec79-8129-4d2c-8e5f-0066366ec0e6",
      "title": "",
      "fullFile": "cypress/e2e/Bussiness_owners/My-subscriptions/Add_domain_space/tests/Add_domain_space.cy.ts",
      "file": "cypress/e2e/Bussiness_owners/My-subscriptions/Add_domain_space/tests/Add_domain_space.cy.ts",
      "beforeHooks": [],
      "afterHooks": [],
      "tests": [],
      "suites": [
        {
          "uuid": "897e3d86-8bd1-49e5-9285-4cbbf4488a25",
          "title": "Add Domain Space",
          "fullFile": "",
          "file": "",
          "beforeHooks": [],
          "afterHooks": [],
          "tests": [
            {
              "title": "1.Verify Adding Subdomain",
              "fullTitle": "Add Domain Space 1.Verify Adding Subdomain",
              "timedOut": null,
              "duration": 34306,
              "state": "failed",
              "speed": null,
              "pass": false,
              "fail": true,
              "pending": false,
              "context": null,
              "code": "my_subscriptions_page_1.MySubscriptionsPage.clickAddDomainSpaceBtn();\n// implement Add SubDomain and Monthly\nadd_domain_space_1.AddDomainSpace.implementAddSubDomain(sub_domain_data_1.SubDomainData.count, sub_domain_data_1.SubDomainData.subDomainName);\nadd_domain_space_1.AddDomainSpace.clickAddToCartButton();\ncy.wait(30000);\n// Verify That The Saved Data is Stored and Displayed Successfully\nadd_domain_space_1.AddDomainSpace.validateNewCardIsAddedOnTheGrid(sub_domain_data_1.SubDomainData.subDomainName, sub_domain_data_1.SubDomainData.count, sub_domain_data_1.SubDomainData.isMonthly);",
              "err": {
                "message": "AssertionError: Timed out retrying after 25000ms: Expected to find element: `div[class=\"plan_header\"] button`, but never found it.",
                "estack": "AssertionError: Timed out retrying after 25000ms: Expected to find element: `div[class=\"plan_header\"] button`, but never found it.\n    at MySubscriptionsPage.clickAddDomainSpaceBtn (webpack://ERP_MicroTec_Cypress/./cypress/e2e/Bussiness_owners/My-subscriptions/My_subscriptions_page/pages/my-subscriptions_page.ts:7:0)\n    at Context.eval (webpack://ERP_MicroTec_Cypress/./cypress/e2e/Bussiness_owners/My-subscriptions/Add_domain_space/tests/Add_domain_space.cy.ts:13:0)",
                "diff": null
              },
              "uuid": "67efcac3-01de-4c7b-9de6-0d957d97f310",
              "parentUUID": "897e3d86-8bd1-49e5-9285-4cbbf4488a25",
              "isHook": false,
              "skipped": false
            },
            {
              "title": "2.Verify That The System Correctly Calculate The Price Monthly and Yearly",
              "fullTitle": "Add Domain Space 2.Verify That The System Correctly Calculate The Price Monthly and Yearly",
              "timedOut": null,
              "duration": 36751,
              "state": "failed",
              "speed": null,
              "pass": false,
              "fail": true,
              "pending": false,
              "context": null,
              "code": "cy.clickContinueAs();\nmy_subscriptions_page_1.MySubscriptionsPage.clickAddDomainSpaceBtn();\nadd_domain_space_1.AddDomainSpace.inputeCount(sub_domain_data_1.SubDomainData.count);\nadd_domain_space_1.AddDomainSpace.validateYearlyCount(sub_domain_data_1.SubDomainData.count);\nadd_domain_space_1.AddDomainSpace.clickMonthly();\nadd_domain_space_1.AddDomainSpace.validateMonthlyCount(sub_domain_data_1.SubDomainData.count);",
              "err": {
                "message": "AssertionError: Timed out retrying after 25000ms: Expected to find element: `div[class=\"plan_header\"] button`, but never found it.",
                "estack": "AssertionError: Timed out retrying after 25000ms: Expected to find element: `div[class=\"plan_header\"] button`, but never found it.\n    at MySubscriptionsPage.clickAddDomainSpaceBtn (webpack://ERP_MicroTec_Cypress/./cypress/e2e/Bussiness_owners/My-subscriptions/My_subscriptions_page/pages/my-subscriptions_page.ts:7:0)\n    at Context.eval (webpack://ERP_MicroTec_Cypress/./cypress/e2e/Bussiness_owners/My-subscriptions/Add_domain_space/tests/Add_domain_space.cy.ts:24:0)",
                "diff": null
              },
              "uuid": "4d929279-5cc3-4e8a-9e7c-4ca389bbb192",
              "parentUUID": "897e3d86-8bd1-49e5-9285-4cbbf4488a25",
              "isHook": false,
              "skipped": false
            },
            {
              "title": "3.Verify That The Count Can't be Greater Than 12 or Less Than 1",
              "fullTitle": "Add Domain Space 3.Verify That The Count Can't be Greater Than 12 or Less Than 1",
              "timedOut": null,
              "duration": 38034,
              "state": "failed",
              "speed": null,
              "pass": false,
              "fail": true,
              "pending": false,
              "context": null,
              "code": "var count = 13;\nmy_subscriptions_page_1.MySubscriptionsPage.clickAddDomainSpaceBtn();\nadd_domain_space_1.AddDomainSpace.clickMonthly();\nadd_domain_space_1.AddDomainSpace.inputeCount(count);\nadd_domain_space_1.AddDomainSpace.clickDialoge();\nadd_domain_space_1.AddDomainSpace.verifyValidSubDomainCount(count);\ncount = 0;\nadd_domain_space_1.AddDomainSpace.inputeCount(count);\nadd_domain_space_1.AddDomainSpace.clickDialoge();\nadd_domain_space_1.AddDomainSpace.verifyValidSubDomainCount(count);",
              "err": {
                "message": "AssertionError: Timed out retrying after 25000ms: Expected to find element: `div.new_domain`, but never found it.",
                "estack": "AssertionError: Timed out retrying after 25000ms: Expected to find element: `div.new_domain`, but never found it.\n    at AddDomainSpace.clickDialoge (webpack://ERP_MicroTec_Cypress/./cypress/e2e/Bussiness_owners/My-subscriptions/Add_domain_space/pages/add_domain_space.ts:19:0)\n    at Context.eval (webpack://ERP_MicroTec_Cypress/./cypress/e2e/Bussiness_owners/My-subscriptions/Add_domain_space/tests/Add_domain_space.cy.ts:35:0)",
                "diff": null
              },
              "uuid": "b625dbf0-d139-4d88-89f7-3e46dbe59a2c",
              "parentUUID": "897e3d86-8bd1-49e5-9285-4cbbf4488a25",
              "isHook": false,
              "skipped": false
            },
            {
              "title": "4.Verify That The Count accepts Numbers",
              "fullTitle": "Add Domain Space 4.Verify That The Count accepts Numbers",
              "timedOut": null,
              "duration": 34094,
              "state": "failed",
              "speed": null,
              "pass": false,
              "fail": true,
              "pending": false,
              "context": null,
              "code": "my_subscriptions_page_1.MySubscriptionsPage.clickAddDomainSpaceBtn();\nvar count = \"A\";\nadd_domain_space_1.AddDomainSpace.validateStringCount(count);",
              "err": {
                "message": "AssertionError: Timed out retrying after 25000ms: Expected to find element: `div[class=\"plan_header\"] button`, but never found it.",
                "estack": "AssertionError: Timed out retrying after 25000ms: Expected to find element: `div[class=\"plan_header\"] button`, but never found it.\n    at MySubscriptionsPage.clickAddDomainSpaceBtn (webpack://ERP_MicroTec_Cypress/./cypress/e2e/Bussiness_owners/My-subscriptions/My_subscriptions_page/pages/my-subscriptions_page.ts:7:0)\n    at Context.eval (webpack://ERP_MicroTec_Cypress/./cypress/e2e/Bussiness_owners/My-subscriptions/Add_domain_space/tests/Add_domain_space.cy.ts:43:0)",
                "diff": null
              },
              "uuid": "d5698d15-cb2a-4c54-b884-68ec84476f83",
              "parentUUID": "897e3d86-8bd1-49e5-9285-4cbbf4488a25",
              "isHook": false,
              "skipped": false
            },
            {
              "title": "5.Verify That The System Can't Accept The Existing Domain Space Name",
              "fullTitle": "Add Domain Space 5.Verify That The System Can't Accept The Existing Domain Space Name",
              "timedOut": null,
              "duration": 34419,
              "state": "failed",
              "speed": null,
              "pass": false,
              "fail": true,
              "pending": false,
              "context": null,
              "code": "my_subscriptions_page_1.MySubscriptionsPage.clickAddDomainSpaceBtn();\nadd_domain_space_1.AddDomainSpace.inputeCount(3);\nadd_domain_space_1.AddDomainSpace.inputeYourDomainSpace(sub_domain_data_1.SubDomainData.subDomainName);\nadd_domain_space_1.AddDomainSpace.validateDublicatedDomainSpace();",
              "err": {
                "message": "AssertionError: Timed out retrying after 25000ms: Expected to find element: `div[class=\"plan_header\"] button`, but never found it.",
                "estack": "AssertionError: Timed out retrying after 25000ms: Expected to find element: `div[class=\"plan_header\"] button`, but never found it.\n    at MySubscriptionsPage.clickAddDomainSpaceBtn (webpack://ERP_MicroTec_Cypress/./cypress/e2e/Bussiness_owners/My-subscriptions/My_subscriptions_page/pages/my-subscriptions_page.ts:7:0)\n    at Context.eval (webpack://ERP_MicroTec_Cypress/./cypress/e2e/Bussiness_owners/My-subscriptions/Add_domain_space/tests/Add_domain_space.cy.ts:48:0)",
                "diff": null
              },
              "uuid": "816b4acb-a0c0-47ef-99f6-7459f1316508",
              "parentUUID": "897e3d86-8bd1-49e5-9285-4cbbf4488a25",
              "isHook": false,
              "skipped": false
            },
            {
              "title": "6.Verify That form validate all the required components before submitting",
              "fullTitle": "Add Domain Space 6.Verify That form validate all the required components before submitting",
              "timedOut": null,
              "duration": 34419,
              "state": "failed",
              "speed": null,
              "pass": false,
              "fail": true,
              "pending": false,
              "context": null,
              "code": "my_subscriptions_page_1.MySubscriptionsPage.clickAddDomainSpaceBtn();\nadd_domain_space_1.AddDomainSpace.clearCount();\nadd_domain_space_1.AddDomainSpace.inputeYourDomainSpace(sub_domain_data_1.SubDomainData.subDomainName);\nadd_domain_space_1.AddDomainSpace.validateRequiredComponents(1);\nadd_domain_space_1.AddDomainSpace.inputeCount(7);\nadd_domain_space_1.AddDomainSpace.inputeYourDomainSpace(sub_domain_data_1.SubDomainData.subDomainName);\nadd_domain_space_1.AddDomainSpace.validateRequiredComponentsMsgRemoval();",
              "err": {
                "message": "AssertionError: Timed out retrying after 25000ms: Expected to find element: `div[class=\"plan_header\"] button`, but never found it.",
                "estack": "AssertionError: Timed out retrying after 25000ms: Expected to find element: `div[class=\"plan_header\"] button`, but never found it.\n    at MySubscriptionsPage.clickAddDomainSpaceBtn (webpack://ERP_MicroTec_Cypress/./cypress/e2e/Bussiness_owners/My-subscriptions/My_subscriptions_page/pages/my-subscriptions_page.ts:7:0)\n    at Context.eval (webpack://ERP_MicroTec_Cypress/./cypress/e2e/Bussiness_owners/My-subscriptions/Add_domain_space/tests/Add_domain_space.cy.ts:54:0)",
                "diff": null
              },
              "uuid": "1cd49c22-6097-4f6b-8d1d-64a3b39ff684",
              "parentUUID": "897e3d86-8bd1-49e5-9285-4cbbf4488a25",
              "isHook": false,
              "skipped": false
            },
            {
              "title": "7.Verify Adding Subdomain has Special Characters, Prevent Submission",
              "fullTitle": "Add Domain Space 7.Verify Adding Subdomain has Special Characters, Prevent Submission",
              "timedOut": null,
              "duration": 34019,
              "state": "failed",
              "speed": null,
              "pass": false,
              "fail": true,
              "pending": false,
              "context": null,
              "code": "const subDomainNameSpecial = \"****/***lowerdomain\" + sub_domain_data_1.SubDomainData.subDomainName;\nmy_subscriptions_page_1.MySubscriptionsPage.clickAddDomainSpaceBtn();\nadd_domain_space_1.AddDomainSpace.implementAddSubDomain(sub_domain_data_1.SubDomainData.count, subDomainNameSpecial);\nadd_domain_space_1.AddDomainSpace.clickAddToCartButton();\ncy.wait(300);\nadd_domain_space_1.AddDomainSpace.verifyDialogPresistance();\n// Verify That  Special Charachters Not Allowed Displayed Successfully\nadd_domain_space_1.AddDomainSpace.validationSpecialCharacters();",
              "err": {
                "message": "AssertionError: Timed out retrying after 25000ms: Expected to find element: `div[class=\"plan_header\"] button`, but never found it.",
                "estack": "AssertionError: Timed out retrying after 25000ms: Expected to find element: `div[class=\"plan_header\"] button`, but never found it.\n    at MySubscriptionsPage.clickAddDomainSpaceBtn (webpack://ERP_MicroTec_Cypress/./cypress/e2e/Bussiness_owners/My-subscriptions/My_subscriptions_page/pages/my-subscriptions_page.ts:7:0)\n    at Context.eval (webpack://ERP_MicroTec_Cypress/./cypress/e2e/Bussiness_owners/My-subscriptions/Add_domain_space/tests/Add_domain_space.cy.ts:64:0)",
                "diff": null
              },
              "uuid": "d15a52e1-52c5-4935-9959-928cd4e6b330",
              "parentUUID": "897e3d86-8bd1-49e5-9285-4cbbf4488a25",
              "isHook": false,
              "skipped": false
            }
          ],
          "suites": [],
          "passes": [],
          "failures": [
            "67efcac3-01de-4c7b-9de6-0d957d97f310",
            "4d929279-5cc3-4e8a-9e7c-4ca389bbb192",
            "b625dbf0-d139-4d88-89f7-3e46dbe59a2c",
            "d5698d15-cb2a-4c54-b884-68ec84476f83",
            "816b4acb-a0c0-47ef-99f6-7459f1316508",
            "1cd49c22-6097-4f6b-8d1d-64a3b39ff684",
            "d15a52e1-52c5-4935-9959-928cd4e6b330"
          ],
          "pending": [],
          "skipped": [],
          "duration": 246042,
          "root": false,
          "rootEmpty": false,
          "_timeout": 2000
        }
      ],
      "passes": [],
      "failures": [],
      "pending": [],
      "skipped": [],
      "duration": 0,
      "root": true,
      "rootEmpty": true,
      "_timeout": 2000
    }
  ],
  "meta": {
    "mocha": {
      "version": "7.0.1"
    },
    "mochawesome": {
      "options": {
        "quiet": false,
        "reportFilename": "mochawesome",
        "saveHtml": false,
        "saveJson": true,
        "consoleReporter": "spec",
        "useInlineDiffs": false,
        "code": true
      },
      "version": "7.1.3"
    },
    "marge": {
      "options": {
        "reportDir": "cypress/reports",
        "overwrite": false,
        "html": false,
        "json": true
      },
      "version": "6.2.0"
    }
  }
}