{
  "stats": {
    "suites": 1,
    "tests": 2,
    "passes": 2,
    "pending": 0,
    "failures": 0,
    "start": "2024-11-26T05:19:58.488Z",
    "end": "2024-11-26T05:24:33.462Z",
    "duration": 274974,
    "testsRegistered": 2,
    "passPercent": 100,
    "pendingPercent": 0,
    "other": 0,
    "hasOther": false,
    "skipped": 0,
    "hasSkipped": false
  },
  "results": [
    {
      "uuid": "0be9cefe-3f38-4381-b1f1-fc4439af9ed6",
      "title": "",
      "fullFile": "cypress/e2e/Bussiness_owners/Erp_Login/General_Setting/currency_definitions/tests/currency_definitions_listview.cy.ts",
      "file": "cypress/e2e/Bussiness_owners/Erp_Login/General_Setting/currency_definitions/tests/currency_definitions_listview.cy.ts",
      "beforeHooks": [],
      "afterHooks": [],
      "tests": [],
      "suites": [
        {
          "uuid": "a663e0e1-7538-4932-b631-a65e0b5cf9d2",
          "title": "Currency Definitions List View",
          "fullFile": "",
          "file": "",
          "beforeHooks": [],
          "afterHooks": [],
          "tests": [
            {
              "title": "1.Verify all the components are displayed on the Listview",
              "fullTitle": "Currency Definitions List View 1.Verify all the components are displayed on the Listview",
              "timedOut": null,
              "duration": 196217,
              "state": "passed",
              "speed": "slow",
              "pass": true,
              "fail": false,
              "pending": false,
              "context": null,
              "code": "currency_definition_1.CurrencyDefinitions.landing();\ncy.wait(1500);\ncy.get(\"table\").then((table) => {\n    cy.wrap(table).find(\"th\").eq(0).contains(/code/i).should(\"be.visible\");\n    cy.wrap(table).find(\"th\").eq(1).contains(/name/i).should(\"be.visible\");\n    cy.wrap(table)\n        .find(\"th\")\n        .eq(2)\n        .contains(/sympol/i)\n        .should(\"be.visible\");\n    cy.wrap(table)\n        .find(\"th\")\n        .eq(3)\n        .contains(/subunit/i)\n        .should(\"be.visible\");\n    cy.wrap(table)\n        .find(\"th\")\n        .eq(4)\n        .contains(/country/i)\n        .should(\"be.visible\");\n    cy.wrap(table)\n        .find(\"th\")\n        .eq(5)\n        .contains(/actions/i)\n        .should(\"be.visible\");\n});",
              "err": {},
              "uuid": "568df79d-3b58-4847-a430-dd2f0e718e20",
              "parentUUID": "a663e0e1-7538-4932-b631-a65e0b5cf9d2",
              "isHook": false,
              "skipped": false
            },
            {
              "title": "2.should filter the table based on search input in the first two columns",
              "fullTitle": "Currency Definitions List View 2.should filter the table based on search input in the first two columns",
              "timedOut": null,
              "duration": 76663,
              "state": "passed",
              "speed": "slow",
              "pass": true,
              "fail": false,
              "pending": false,
              "context": null,
              "code": "currency_definition_1.CurrencyDefinitions.landing();\ncy.wait(1000);\ncy.verifySearchFunctionality();",
              "err": {},
              "uuid": "37ebcce4-fb87-43ad-85f2-679b6195d0ff",
              "parentUUID": "a663e0e1-7538-4932-b631-a65e0b5cf9d2",
              "isHook": false,
              "skipped": false
            }
          ],
          "suites": [],
          "passes": [
            "568df79d-3b58-4847-a430-dd2f0e718e20",
            "37ebcce4-fb87-43ad-85f2-679b6195d0ff"
          ],
          "failures": [],
          "pending": [],
          "skipped": [],
          "duration": 272880,
          "root": false,
          "rootEmpty": false,
          "_timeout": 2000
        }
      ],
      "passes": [],
      "failures": [],
      "pending": [],
      "skipped": [],
      "duration": 0,
      "root": true,
      "rootEmpty": true,
      "_timeout": 2000
    }
  ],
  "meta": {
    "mocha": {
      "version": "7.0.1"
    },
    "mochawesome": {
      "options": {
        "quiet": false,
        "reportFilename": "mochawesome",
        "saveHtml": false,
        "saveJson": true,
        "consoleReporter": "spec",
        "useInlineDiffs": false,
        "code": true
      },
      "version": "7.1.3"
    },
    "marge": {
      "options": {
        "reportDir": "cypress/reports",
        "overwrite": false,
        "html": false,
        "json": true
      },
      "version": "6.2.0"
    }
  }
}