{
  "stats": {
    "suites": 1,
    "tests": 1,
    "passes": 0,
    "pending": 0,
    "failures": 1,
    "start": "2024-12-03T08:20:15.544Z",
    "end": "2024-12-03T08:20:18.840Z",
    "duration": 3296,
    "testsRegistered": 3,
    "passPercent": 0,
    "pendingPercent": 0,
    "other": 0,
    "hasOther": false,
    "skipped": 2,
    "hasSkipped": true
  },
  "results": [
    {
      "uuid": "335cffb2-187a-475c-a711-348aebe8e70f",
      "title": "",
      "fullFile": "cypress/e2e/Bussiness_owners/Erp_Login/Inventory/Warehouses/tests/warehouse_edit.cy.ts",
      "file": "cypress/e2e/Bussiness_owners/Erp_Login/Inventory/Warehouses/tests/warehouse_edit.cy.ts",
      "beforeHooks": [],
      "afterHooks": [],
      "tests": [],
      "suites": [
        {
          "uuid": "d81cea87-2ed7-4e5c-a56e-307d493bc26e",
          "title": "Warehouse(Edit)",
          "fullFile": "",
          "file": "",
          "beforeHooks": [],
          "afterHooks": [],
          "tests": [
            {
              "title": "1.Verify Editting exist Warehouse(All fields are filled)",
              "fullTitle": "Warehouse(Edit) 1.Verify Editting exist Warehouse(All fields are filled)",
              "timedOut": null,
              "duration": 1585,
              "state": "failed",
              "speed": null,
              "pass": false,
              "fail": true,
              "pending": false,
              "context": null,
              "code": "warehouse_1.Warehouse.landing();\ncy.wait(1500);\ncy.getInitItemsCountInListView();\ncy.clickFirstEditActionButton();\ncy.wait(1500);\n// Essential Header Data\ncy.logMsg(\"(Edit) Essential Header Data\");\nwarehouse_1.Warehouse.setName(inventory_data_1.InventoryData.vName);\ncy.wait(750);\nwarehouse_1.Warehouse.selectWarehouseTypeTxt(inventory_data_1.InventoryData.physicalType);\ncy.wait(750);\nwarehouse_1.Warehouse.checkAllRelatedBranch();\ncy.wait(750);\nwarehouse_1.Warehouse.setGlAccountId(\"edit\");\nwarehouse_1.Warehouse.setCashSalesAccountId(\"edit\");\nwarehouse_1.Warehouse.setCreditSalesAccountId(\"edit\");\nwarehouse_1.Warehouse.setSalesReturnAccountId(\"edit\");\nwarehouse_1.Warehouse.setPurchaseAccountId(\"edit\");\nwarehouse_1.Warehouse.setSalesCostAccountId(\"edit\");\nwarehouse_1.Warehouse.setDiscountAccountId(\"edit\");\nwarehouse_1.Warehouse.setEvaluationAccountId(\"edit\");\nwarehouse_1.Warehouse.setAdjustmentAccountId(\"edit\");\nwarehouse_1.Warehouse.setGoodsInTransitAccountId(\"edit\");\n// Address Tab\ncy.logMsg(\"(Add) Address Tab\");\nwarehouse_1.Warehouse.switchToAddressTab();\nwarehouse_1.Warehouse.selectCountryCode();\nwarehouse_1.Warehouse.inputPhone();\nwarehouse_1.Warehouse.setCity(\"edit\");\nwarehouse_1.Warehouse.inputAddressLine();\nwarehouse_1.Warehouse.inputEmail();\nwarehouse_1.Warehouse.inputFax();\nwarehouse_1.Warehouse.inputPostalCode();\nwarehouse_1.Warehouse.inputLongitude();\nwarehouse_1.Warehouse.inputLatitude();\nwarehouse_1.Warehouse.inputRadius();\nwarehouse_1.Warehouse.clickSaveButton();\ncy.assertnewItemAddedToListView();",
              "err": {
                "message": "CypressError: `cy.visit()` failed trying to load:\n\nhttps://intmicrotec.neat-url.com:2006/bussiness-owners/\n\nWe attempted to make an http request to this URL but the request failed without a response.\n\nWe received this error at the network level:\n\n  > Error: connect ECONNREFUSED 77.31.144.166:2006\n\nCommon situations why this would fail:\n  - you don't have internet access\n  - you forgot to run / boot your web server\n  - your web server isn't accessible\n  - you have weird network configuration settings on your computer\n\nThis error occurred while creating the session. Because the session setup failed, we failed the test.\n\nBecause this error occurred during a `before each` hook we are skipping all of the remaining tests.",
                "estack": "CypressError: `cy.visit()` failed trying to load:\n\nhttps://intmicrotec.neat-url.com:2006/bussiness-owners/\n\nWe attempted to make an http request to this URL but the request failed without a response.\n\nWe received this error at the network level:\n\n  > Error: connect ECONNREFUSED 77.31.144.166:2006\n\nCommon situations why this would fail:\n  - you don't have internet access\n  - you forgot to run / boot your web server\n  - your web server isn't accessible\n  - you have weird network configuration settings on your computer\n\nThis error occurred while creating the session. Because the session setup failed, we failed the test.\n\nBecause this error occurred during a `before each` hook we are skipping all of the remaining tests.\n    at <unknown> (https://intmicrotec.neat-url.com:2006/__cypress/runner/cypress_runner.js:131477:74)\n    at visitFailedByErr (https://intmicrotec.neat-url.com:2006/__cypress/runner/cypress_runner.js:130876:12)\n    at <unknown> (https://intmicrotec.neat-url.com:2006/__cypress/runner/cypress_runner.js:131476:11)\n    at tryCatcher (https://intmicrotec.neat-url.com:2006/__cypress/runner/cypress_runner.js:1830:23)\n    at Promise._settlePromiseFromHandler (https://intmicrotec.neat-url.com:2006/__cypress/runner/cypress_runner.js:1542:31)\n    at Promise._settlePromise (https://intmicrotec.neat-url.com:2006/__cypress/runner/cypress_runner.js:1599:18)\n    at Promise._settlePromise0 (https://intmicrotec.neat-url.com:2006/__cypress/runner/cypress_runner.js:1644:10)\n    at Promise._settlePromises (https://intmicrotec.neat-url.com:2006/__cypress/runner/cypress_runner.js:1720:18)\n    at _drainQueueStep (https://intmicrotec.neat-url.com:2006/__cypress/runner/cypress_runner.js:2430:12)\n    at _drainQueue (https://intmicrotec.neat-url.com:2006/__cypress/runner/cypress_runner.js:2423:9)\n    at Async._drainQueues (https://intmicrotec.neat-url.com:2006/__cypress/runner/cypress_runner.js:2439:5)\n    at Async.drainQueues (https://intmicrotec.neat-url.com:2006/__cypress/runner/cypress_runner.js:2309:14)\nFrom Your Spec Code:\n    at Context.eval (webpack://ERP_MicroTec_Cypress/./cypress/support/commands.ts:1239:0)\n\nFrom Node.js Internals:\n  Error: connect ECONNREFUSED 77.31.144.166:2006\n      at TCPConnectWrap.afterConnect [as oncomplete] (node:net:1495:16)",
                "diff": null
              },
              "uuid": "d7c13eff-853c-4198-8a54-5fa8fb816360",
              "parentUUID": "d81cea87-2ed7-4e5c-a56e-307d493bc26e",
              "isHook": false,
              "skipped": false
            },
            {
              "title": "2.Verify Requird Validation",
              "fullTitle": "Warehouse(Edit) 2.Verify Requird Validation",
              "timedOut": null,
              "duration": 0,
              "state": "skipped",
              "speed": null,
              "pass": false,
              "fail": false,
              "pending": false,
              "context": null,
              "code": "warehouse_1.Warehouse.landing();\ncy.wait(1500);\ncy.clickFirstEditActionButton();\ncy.wait(1500);\ncy.verifyNotExistanceTheRequiredValidation();\nwarehouse_1.Warehouse.clearName();\ncy.verifyDisplayingTheRequiredValidationMsgsCount(1);\nwarehouse_1.Warehouse.setName(inventory_data_1.InventoryData.vName);\ncy.verifyNotExistanceTheRequiredValidation();\nwarehouse_1.Warehouse.clickSaveButton();\ncy.url().should(\"not.include\", \"edit\");",
              "err": {},
              "uuid": "8d15060d-b4d1-4da4-a864-be70a1d1b483",
              "parentUUID": "d81cea87-2ed7-4e5c-a56e-307d493bc26e",
              "isHook": false,
              "skipped": true
            },
            {
              "title": "3.Verify Labels",
              "fullTitle": "Warehouse(Edit) 3.Verify Labels",
              "timedOut": null,
              "duration": 0,
              "state": "skipped",
              "speed": null,
              "pass": false,
              "fail": false,
              "pending": false,
              "context": null,
              "code": "warehouse_1.Warehouse.landing();\ncy.wait(1500);\ncy.clickFirstEditActionButton();\ncy.wait(1500);\nwarehouse_1.Warehouse.selectWarehouseTypeTxt(inventory_data_1.InventoryData.physicalType);\n// Headers\ncy.logMsg(\"Labels Headers\");\ncy.contains(\"label\", /Code/i);\ncy.contains(\"label\", /Name/i);\ncy.contains(\"label\", /Related Branch/i);\ncy.contains(\"label\", /Warehouse Type/i);\n// Account Tab\ncy.logMsg(\"Labels Account Tab\");\ncy.contains(\"label\", /GL Account/i);\ncy.contains(\"label\", /Cash Sales Account/i);\ncy.contains(\"label\", /Credit Sales Account/i);\ncy.contains(\"label\", /Sales Return Account/i);\ncy.contains(\"label\", /Purchase Account/i);\ncy.contains(\"label\", /Sales Cost Center/i);\ncy.contains(\"label\", /Discount Account/i);\ncy.contains(\"label\", /Evaluation Account/i);\ncy.contains(\"label\", /Adjustment Account/i);\ncy.contains(\"label\", /Goods In Transit/i);\nwarehouse_1.Warehouse.switchToAddressTab();\ncy.contains(\"label\", /company Phone Number/i);\ncy.contains(\"label\", /address Line/i);\ncy.contains(\"label\", /city/i);\ncy.contains(\"label\", /email/i);\ncy.contains(\"label\", /fax/i);\ncy.contains(\"label\", /postal Code/i);\ncy.contains(\"label\", /longitude/i);\ncy.contains(\"label\", /latitude/i);\ncy.contains(\"label\", /radius/i);",
              "err": {},
              "uuid": "f9bf2e74-2b06-4cb1-b5a8-5f067a2aeeea",
              "parentUUID": "d81cea87-2ed7-4e5c-a56e-307d493bc26e",
              "isHook": false,
              "skipped": true
            }
          ],
          "suites": [],
          "passes": [],
          "failures": [
            "d7c13eff-853c-4198-8a54-5fa8fb816360"
          ],
          "pending": [],
          "skipped": [
            "8d15060d-b4d1-4da4-a864-be70a1d1b483",
            "f9bf2e74-2b06-4cb1-b5a8-5f067a2aeeea"
          ],
          "duration": 1585,
          "root": false,
          "rootEmpty": false,
          "_timeout": 2000
        }
      ],
      "passes": [],
      "failures": [],
      "pending": [],
      "skipped": [],
      "duration": 0,
      "root": true,
      "rootEmpty": true,
      "_timeout": 2000
    }
  ],
  "meta": {
    "mocha": {
      "version": "7.0.1"
    },
    "mochawesome": {
      "options": {
        "quiet": false,
        "reportFilename": "mochawesome",
        "saveHtml": false,
        "saveJson": true,
        "consoleReporter": "spec",
        "useInlineDiffs": false,
        "code": true
      },
      "version": "7.1.3"
    },
    "marge": {
      "options": {
        "reportDir": "cypress/reports",
        "overwrite": false,
        "html": false,
        "json": true
      },
      "version": "6.2.0"
    }
  }
}