{
  "stats": {
    "suites": 1,
    "tests": 4,
    "passes": 3,
    "pending": 0,
    "failures": 1,
    "start": "2024-11-20T13:58:21.261Z",
    "end": "2024-11-20T14:06:51.763Z",
    "duration": 510502,
    "testsRegistered": 4,
    "passPercent": 75,
    "pendingPercent": 0,
    "other": 0,
    "hasOther": false,
    "skipped": 0,
    "hasSkipped": false
  },
  "results": [
    {
      "uuid": "3c79deb1-ddb9-4fad-a4a4-2050af6565cc",
      "title": "",
      "fullFile": "cypress/e2e/Bussiness_owners/Erp_Login/General_Setting/Taxs Group/tests/Taxes_group_listview.cy.ts",
      "file": "cypress/e2e/Bussiness_owners/Erp_Login/General_Setting/Taxs Group/tests/Taxes_group_listview.cy.ts",
      "beforeHooks": [],
      "afterHooks": [],
      "tests": [],
      "suites": [
        {
          "uuid": "140c7ecc-3b33-4d2b-bd56-fe166ec7f1a6",
          "title": "Taxs Group List View",
          "fullFile": "",
          "file": "",
          "beforeHooks": [],
          "afterHooks": [],
          "tests": [
            {
              "title": "1.Verify all the components are displayed on the Listview",
              "fullTitle": "Taxs Group List View 1.Verify all the components are displayed on the Listview",
              "timedOut": null,
              "duration": 54805,
              "state": "passed",
              "speed": "slow",
              "pass": true,
              "fail": false,
              "pending": false,
              "context": null,
              "code": "TaxsGroup_1.TaxsGroup.landing();\ncy.wait(1500);\ncy.get(\"table\").then((table) => {\n    cy.wrap(table).find(\"th\").eq(0).contains(/code/i).should(\"be.visible\");\n    cy.wrap(table).find(\"th\").eq(1).contains(/name/i).should(\"be.visible\");\n    cy.wrap(table)\n        .find(\"th\")\n        .eq(2)\n        .contains(/country name/i)\n        .should(\"be.visible\");\n    cy.wrap(table)\n        .find(\"th\")\n        .eq(3)\n        .contains(/actions/i)\n        .should(\"be.visible\");\n});",
              "err": {},
              "uuid": "ad09e818-47a2-4c92-9545-95e70aa596a7",
              "parentUUID": "140c7ecc-3b33-4d2b-bd56-fe166ec7f1a6",
              "isHook": false,
              "skipped": false
            },
            {
              "title": "2.should filter the table based on search input in the first two columns",
              "fullTitle": "Taxs Group List View 2.should filter the table based on search input in the first two columns",
              "timedOut": null,
              "duration": 96822,
              "state": "passed",
              "speed": "slow",
              "pass": true,
              "fail": false,
              "pending": false,
              "context": null,
              "code": "TaxsGroup_1.TaxsGroup.landing();\ncy.wait(2000);\ncy.verifySearchFunctionality();",
              "err": {},
              "uuid": "03cbe817-1b49-479a-9a11-bfe76db824bb",
              "parentUUID": "140c7ecc-3b33-4d2b-bd56-fe166ec7f1a6",
              "isHook": false,
              "skipped": false
            },
            {
              "title": "3.Verify canceling Deleting an Existing Taxes Group",
              "fullTitle": "Taxs Group List View 3.Verify canceling Deleting an Existing Taxes Group",
              "timedOut": null,
              "duration": 42728,
              "state": "passed",
              "speed": "slow",
              "pass": true,
              "fail": false,
              "pending": false,
              "context": null,
              "code": "TaxsGroup_1.TaxsGroup.landing();\ncy.wait(2000);\ncy.getInitItemsCountInListView();\ncy.clickFirstDeleteActionButton();\nTaxsGroup_1.TaxsGroup.cancelDeleteAction();\ncy.wait(1000);\ncy.assertAfterItemEditedInListView();",
              "err": {},
              "uuid": "e970f6d9-8fdc-482f-8550-a0ae82781a12",
              "parentUUID": "140c7ecc-3b33-4d2b-bd56-fe166ec7f1a6",
              "isHook": false,
              "skipped": false
            },
            {
              "title": "4.Verify Deleting an Existing Taxes Group",
              "fullTitle": "Taxs Group List View 4.Verify Deleting an Existing Taxes Group",
              "timedOut": null,
              "duration": 83579,
              "state": "failed",
              "speed": null,
              "pass": false,
              "fail": true,
              "pending": false,
              "context": null,
              "code": "TaxsGroup_1.TaxsGroup.landing();\ncy.wait(2000);\ncy.getInitItemsCountInListView();\ncy.clickFirstDeleteActionButton();\nTaxsGroup_1.TaxsGroup.confirmDeleteAction();\ncy.wait(1000);\ncy.assertItemDeletedFromListView();",
              "err": {
                "message": "AssertionError: expected 3 to equal 2",
                "estack": "AssertionError: expected 3 to equal 2\n    at Context.eval (webpack://ERP_MicroTec_Cypress/./cypress/support/commands.ts:211:0)",
                "diff": "- 3\n+ 2\n"
              },
              "uuid": "864c9519-d3f4-4201-81db-e01701f9d91a",
              "parentUUID": "140c7ecc-3b33-4d2b-bd56-fe166ec7f1a6",
              "isHook": false,
              "skipped": false
            }
          ],
          "suites": [],
          "passes": [
            "ad09e818-47a2-4c92-9545-95e70aa596a7",
            "03cbe817-1b49-479a-9a11-bfe76db824bb",
            "e970f6d9-8fdc-482f-8550-a0ae82781a12"
          ],
          "failures": [
            "864c9519-d3f4-4201-81db-e01701f9d91a"
          ],
          "pending": [],
          "skipped": [],
          "duration": 277934,
          "root": false,
          "rootEmpty": false,
          "_timeout": 2000
        }
      ],
      "passes": [],
      "failures": [],
      "pending": [],
      "skipped": [],
      "duration": 0,
      "root": true,
      "rootEmpty": true,
      "_timeout": 2000
    }
  ],
  "meta": {
    "mocha": {
      "version": "7.0.1"
    },
    "mochawesome": {
      "options": {
        "quiet": false,
        "reportFilename": "mochawesome",
        "saveHtml": false,
        "saveJson": true,
        "consoleReporter": "spec",
        "useInlineDiffs": false,
        "code": true
      },
      "version": "7.1.3"
    },
    "marge": {
      "options": {
        "reportDir": "cypress/reports",
        "overwrite": false,
        "html": false,
        "json": true
      },
      "version": "6.2.0"
    }
  }
}