{
  "stats": {
    "suites": 1,
    "tests": 6,
    "passes": 4,
    "pending": 0,
    "failures": 2,
    "start": "2024-11-20T15:57:24.405Z",
    "end": "2024-11-20T16:19:09.380Z",
    "duration": 1304975,
    "testsRegistered": 6,
    "passPercent": 66.66666666666666,
    "pendingPercent": 0,
    "other": 0,
    "hasOther": false,
    "skipped": 0,
    "hasSkipped": false
  },
  "results": [
    {
      "uuid": "850ed3f0-3540-4201-bb25-fb3d89f0150a",
      "title": "",
      "fullFile": "cypress/e2e/Bussiness_owners/Erp_Login/Accounting/charts_of_accounts/tests/Configuration.cy.ts",
      "file": "cypress/e2e/Bussiness_owners/Erp_Login/Accounting/charts_of_accounts/tests/Configuration.cy.ts",
      "beforeHooks": [],
      "afterHooks": [],
      "tests": [],
      "suites": [
        {
          "uuid": "a9213e19-4cb1-4192-b669-e690cf4cf4af",
          "title": "Configurations of Charts of Accounts",
          "fullFile": "",
          "file": "",
          "beforeHooks": [],
          "afterHooks": [],
          "tests": [
            {
              "title": "1.Verify Submitting Add A New Line ",
              "fullTitle": "Configurations of Charts of Accounts 1.Verify Submitting Add A New Line ",
              "timedOut": null,
              "duration": 81760,
              "state": "failed",
              "speed": null,
              "pass": false,
              "fail": true,
              "pending": false,
              "context": null,
              "code": "const c = (0, utils_1.getRandomNumber)(10, 100);\ncharts_of_accounts_1.ChartOfAccounts.landing();\ncy.wait(1500);\ncy.reload();\ncy.wait(1000);\n_0_configuration_1.ChartOfAccountsConfigurations.clickConfigurationButtonOnDisplayScreen();\ncy.wait(1000);\ncy.get(\".pop_up_footer\").invoke(\"hide\");\ncy.get(\"tbody\").find(\"tr\").last().scrollIntoView();\ncy.get(\"tbody\").find(\"tr\").last().scrollIntoView();\ncy.get(\"tbody\")\n    .find(\"tr\")\n    .its(\"length\")\n    .then((linesCountInit) => {\n    cy.wrap(linesCountInit).as(\"linesCountInit\");\n});\n_0_configuration_1.ChartOfAccountsConfigurations.clickAddNewLine();\ncy.get(\"tbody\").then(($tbody) => {\n    if ($tbody.find(\"tr\").is(\":visible\")) {\n        cy.wait(500);\n        cy.wrap($tbody).find(\"tr\").last().scrollIntoView().should(\"be.visible\");\n        cy.wrap($tbody).find(\"tr\").last().find(\"td\").eq(0).click();\n        cy.wrap($tbody)\n            .find(\"tr\")\n            .last()\n            .find(\"td\")\n            .eq(0)\n            .find(\"input\")\n            .clear()\n            .type(\"\" + c);\n        cy.wrap($tbody).find(\"tr\").last().find(\"td\").eq(1).click();\n        cy.wrap($tbody)\n            .find(\"tr\")\n            .last()\n            .find(\"td\")\n            .eq(1)\n            .find(\"input\")\n            .clear()\n            .type(\"Level \" + c);\n        cy.wrap($tbody).find(\"tr\").last().find(\"td\").eq(2).click();\n        cy.wrap($tbody)\n            .find(\"tr\")\n            .last()\n            .find(\"td\")\n            .eq(2)\n            .find(\"input\")\n            .clear()\n            .type(\"\" + c);\n    }\n});\ncy.get(\".pop_up_footer\").invoke(\"css\", \"display\", \"block\");\n_0_configuration_1.ChartOfAccountsConfigurations.clickSaveButton();\ncy.wait(1000);\n_0_configuration_1.ChartOfAccountsConfigurations.clickConfigurationButtonOnDisplayScreen();\ncy.wait(1000);\ncy.get(\"tbody\").find(\"tr\").last().scrollIntoView();\ncy.get(\"@linesCountInit\").then((linesCountInit) => {\n    cy.get(\".pop_up_footer\").invoke(\"hide\");\n    cy.wait(1000);\n    cy.get(\"tbody\").find(\"tr\").last().scrollIntoView();\n    cy.get(\"tbody\")\n        .find(\"tr\")\n        .its(\"length\")\n        .then((linesCountFinal) => {\n        expect(linesCountFinal).to.equal(parseInt((0, utils_1.trimText)(linesCountInit.toString().trim())) + 1);\n    });\n});",
              "err": {
                "message": "CypressError: Timed out after waiting `60000ms` for your remote page to load.\n\nYour page did not fire its `load` event within `60000ms`.\n\nYou can try increasing the `pageLoadTimeout` value in `cypress.config.ts` to wait longer.\n\nBrowsers will not fire the `load` event until all stylesheets and scripts are done downloading.\n\nWhen this `load` event occurs, Cypress will continue running commands.",
                "estack": "CypressError: Timed out after waiting `60000ms` for your remote page to load.\n\nYour page did not fire its `load` event within `60000ms`.\n\nYou can try increasing the `pageLoadTimeout` value in `cypress.config.ts` to wait longer.\n\nBrowsers will not fire the `load` event until all stylesheets and scripts are done downloading.\n\nWhen this `load` event occurs, Cypress will continue running commands.\n    at timedOutWaitingForPageLoad (https://mohamed.microtecdev.com:2050/__cypress/runner/cypress_runner.js:130482:64)\n    at <unknown> (https://mohamed.microtecdev.com:2050/__cypress/runner/cypress_runner.js:130798:16)\n    at tryCatcher (https://mohamed.microtecdev.com:2050/__cypress/runner/cypress_runner.js:1807:23)\n    at <unknown> (https://mohamed.microtecdev.com:2050/__cypress/runner/cypress_runner.js:4186:41)\n    at tryCatcher (https://mohamed.microtecdev.com:2050/__cypress/runner/cypress_runner.js:1807:23)\n    at Promise._settlePromiseFromHandler (https://mohamed.microtecdev.com:2050/__cypress/runner/cypress_runner.js:1519:31)\n    at Promise._settlePromise (https://mohamed.microtecdev.com:2050/__cypress/runner/cypress_runner.js:1576:18)\n    at Promise._settlePromise0 (https://mohamed.microtecdev.com:2050/__cypress/runner/cypress_runner.js:1621:10)\n    at Promise._settlePromises (https://mohamed.microtecdev.com:2050/__cypress/runner/cypress_runner.js:1697:18)\n    at _drainQueueStep (https://mohamed.microtecdev.com:2050/__cypress/runner/cypress_runner.js:2407:12)\n    at _drainQueue (https://mohamed.microtecdev.com:2050/__cypress/runner/cypress_runner.js:2400:9)\n    at Async._drainQueues (https://mohamed.microtecdev.com:2050/__cypress/runner/cypress_runner.js:2416:5)\n    at Async.drainQueues (https://mohamed.microtecdev.com:2050/__cypress/runner/cypress_runner.js:2286:14)\nFrom Your Spec Code:\n    at Context.eval (webpack://ERP_MicroTec_Cypress/./cypress/support/commands.ts:1211:0)",
                "diff": null
              },
              "uuid": "3f0380ac-26da-4b8d-99dc-16c084bcfb9d",
              "parentUUID": "a9213e19-4cb1-4192-b669-e690cf4cf4af",
              "isHook": false,
              "skipped": false
            },
            {
              "title": "2.Verify cancel Add New Line ",
              "fullTitle": "Configurations of Charts of Accounts 2.Verify cancel Add New Line ",
              "timedOut": null,
              "duration": 86606,
              "state": "passed",
              "speed": "slow",
              "pass": true,
              "fail": false,
              "pending": false,
              "context": null,
              "code": "const c = (0, utils_1.getRandomNumber)(10, 100);\ncharts_of_accounts_1.ChartOfAccounts.landing();\n_0_configuration_1.ChartOfAccountsConfigurations.clickConfigurationButtonOnDisplayScreen();\ncy.wait(1000);\ncy.get(\".pop_up_footer\").invoke(\"hide\");\ncy.get(\"tbody\").find(\"tr\").last().scrollIntoView();\ncy.get(\"tbody\").find(\"tr\").last().scrollIntoView();\ncy.get(\"tbody\")\n    .find(\"tr\")\n    .its(\"length\")\n    .then((linesCountInit) => {\n    cy.wrap(linesCountInit).as(\"linesCountInit\");\n});\n_0_configuration_1.ChartOfAccountsConfigurations.clickAddNewLine();\ncy.get(\"tbody\").then(($tbody) => {\n    if ($tbody.find(\"tr\").is(\":visible\")) {\n        cy.wait(500);\n        cy.wrap($tbody).find(\"tr\").last().scrollIntoView().should(\"be.visible\");\n        cy.wrap($tbody).find(\"tr\").last().find(\"td\").eq(0).click();\n        cy.wrap($tbody)\n            .find(\"tr\")\n            .last()\n            .find(\"td\")\n            .eq(0)\n            .find(\"input\")\n            .clear()\n            .type(\"\" + c);\n        cy.wrap($tbody).find(\"tr\").last().find(\"td\").eq(1).click();\n        cy.wrap($tbody)\n            .find(\"tr\")\n            .last()\n            .find(\"td\")\n            .eq(1)\n            .find(\"input\")\n            .clear()\n            .type(\"Level \" + c);\n        cy.wrap($tbody).find(\"tr\").last().find(\"td\").eq(2).click();\n        cy.wrap($tbody)\n            .find(\"tr\")\n            .last()\n            .find(\"td\")\n            .eq(2)\n            .find(\"input\")\n            .clear()\n            .type(\"\" + c);\n    }\n});\n_0_configuration_1.ChartOfAccountsConfigurations.clickcancelButton();\ncy.wait(1000);\n_0_configuration_1.ChartOfAccountsConfigurations.clickConfigurationButtonOnDisplayScreen();\ncy.wait(1000);\ncy.get(\"tbody\").find(\"tr\").last().scrollIntoView();\ncy.get(\"@linesCountInit\").then((linesCountInit) => {\n    cy.get(\".pop_up_footer\").invoke(\"hide\");\n    cy.wait(1000);\n    cy.get(\"tbody\").find(\"tr\").last().scrollIntoView();\n    cy.get(\"tbody\")\n        .find(\"tr\")\n        .its(\"length\")\n        .then((linesCountFinal) => {\n        expect(linesCountFinal).to.equal(parseInt((0, utils_1.trimText)(linesCountInit.toString().trim())));\n    });\n});",
              "err": {},
              "uuid": "fedbb044-8fca-4ae6-a826-6fbc94a6a6f0",
              "parentUUID": "a9213e19-4cb1-4192-b669-e690cf4cf4af",
              "isHook": false,
              "skipped": false
            },
            {
              "title": "3.Verify Submitting Add multiple New Lines ",
              "fullTitle": "Configurations of Charts of Accounts 3.Verify Submitting Add multiple New Lines ",
              "timedOut": null,
              "duration": 96012,
              "state": "passed",
              "speed": "slow",
              "pass": true,
              "fail": false,
              "pending": false,
              "context": null,
              "code": "const c = (0, utils_1.getRandomNumber)(10, 100);\ncharts_of_accounts_1.ChartOfAccounts.landing();\n_0_configuration_1.ChartOfAccountsConfigurations.clickConfigurationButtonOnDisplayScreen();\ncy.wait(1000);\ncy.get(\".pop_up_footer\").invoke(\"hide\");\ncy.wait(1000);\ncy.get(\"tbody\").find(\"tr\").last().scrollIntoView();\ncy.get(\"tbody\").find(\"tr\").last().scrollIntoView();\ncy.get(\"tbody\")\n    .find(\"tr\")\n    .its(\"length\")\n    .then((linesCountInit) => {\n    cy.wrap(linesCountInit).as(\"linesCountInit\");\n});\nfor (var i = 0; i < 5; i++) {\n    var m = c + i;\n    _0_configuration_1.ChartOfAccountsConfigurations.clickAddNewLine();\n    cy.get(\"tbody\").then(($tbody) => {\n        if ($tbody.find(\"tr\").is(\":visible\")) {\n            cy.wait(500);\n            cy.wrap($tbody)\n                .find(\"tr\")\n                .last()\n                .scrollIntoView()\n                .should(\"be.visible\");\n            cy.wrap($tbody).find(\"tr\").last().find(\"td\").eq(0).click();\n            cy.wrap($tbody)\n                .find(\"tr\")\n                .last()\n                .find(\"td\")\n                .eq(0)\n                .find(\"input\")\n                .clear()\n                .type(\"\" + m);\n            cy.wrap($tbody).find(\"tr\").last().find(\"td\").eq(1).click();\n            cy.wrap($tbody)\n                .find(\"tr\")\n                .last()\n                .find(\"td\")\n                .eq(1)\n                .find(\"input\")\n                .clear()\n                .type(\"Level \" + m);\n            cy.wrap($tbody).find(\"tr\").last().find(\"td\").eq(2).click();\n            cy.wrap($tbody)\n                .find(\"tr\")\n                .last()\n                .find(\"td\")\n                .eq(2)\n                .find(\"input\")\n                .clear()\n                .type(\"\" + m);\n        }\n    });\n}\ncy.get(\".pop_up_footer\").invoke(\"css\", \"display\", \"block\");\n_0_configuration_1.ChartOfAccountsConfigurations.clickSaveButton();\ncy.wait(1000);\n_0_configuration_1.ChartOfAccountsConfigurations.clickConfigurationButtonOnDisplayScreen();\ncy.wait(1000);\ncy.get(\"tbody\").find(\"tr\").last().scrollIntoView();\ncy.get(\"@linesCountInit\").then((linesCountInit) => {\n    cy.get(\".pop_up_footer\").invoke(\"hide\");\n    cy.wait(1000);\n    cy.get(\"tbody\").find(\"tr\").last().scrollIntoView();\n    cy.get(\"tbody\")\n        .find(\"tr\")\n        .its(\"length\")\n        .then((linesCountFinal) => {\n        expect(linesCountFinal).to.equal(parseInt((0, utils_1.trimText)(linesCountInit.toString().trim())) + 5);\n    });\n});",
              "err": {},
              "uuid": "a76b00b1-196a-41a5-b71e-eacebf8359ff",
              "parentUUID": "a9213e19-4cb1-4192-b669-e690cf4cf4af",
              "isHook": false,
              "skipped": false
            },
            {
              "title": "4.Verify All Components are displaying in their correct states",
              "fullTitle": "Configurations of Charts of Accounts 4.Verify All Components are displaying in their correct states",
              "timedOut": null,
              "duration": 114752,
              "state": "failed",
              "speed": null,
              "pass": false,
              "fail": true,
              "pending": false,
              "context": null,
              "code": "charts_of_accounts_1.ChartOfAccounts.landing();\n_0_configuration_1.ChartOfAccountsConfigurations.clickConfigurationButtonOnDisplayScreen();\n// Verify the main Headers\ncy.contains(\".add_line\", /add new line/i).should(\"be.visible\");\ncy.get(\".add_line > .icon\")\n    .should(\"be.visible\")\n    .should(\"have.class\", \"fa-plus\");\n// Verify the Column Headers\ncy.get(\".p-datatable-thead > .ng-star-inserted > :nth-child(1)\")\n    .should(\"be.visible\")\n    .should(\"have.text\", \"level Number\");\ncy.get(\".p-datatable-thead > .ng-star-inserted > :nth-child(2)\")\n    .should(\"be.visible\")\n    .should(\"have.text\", \"level Name\");\ncy.get(\".p-datatable-thead > .ng-star-inserted > :nth-child(3)\")\n    .should(\"be.visible\")\n    .should(\"have.text\", \"Number Of Digits\");\ncy.get(\"tbody\").then(($tbody) => {\n    if ($tbody.find(\"tr\").is(\":visible\")) {\n        for (var i = 0; i < 5; i++) {\n            var d = i == 4 ? 4 : i + 1;\n            cy.wait(500);\n            cy.wrap($tbody)\n                .find(\"tr\")\n                .eq(i)\n                .find(\"td\")\n                .eq(0)\n                .should(\"be.visible\")\n                .should(\"have.text\", \" \" + (i + 1) + \" \");\n            cy.wrap($tbody)\n                .find(\"tr\")\n                .eq(i)\n                .find(\"td\")\n                .eq(1)\n                .should(\"be.visible\")\n                .should(\"have.text\", \" Level\" + \" \" + (i + 1) + \" \");\n            cy.wrap($tbody)\n                .find(\"tr\")\n                .eq(i)\n                .find(\"td\")\n                .eq(2)\n                .should(\"be.visible\")\n                .should(\"have.text\", \" \" + d + \" \");\n        }\n    }\n});\ncy.getByTestAttribute(\"cancel\").scrollIntoView();\ncy.getByTestAttribute(\"cancel\").scrollIntoView().click();",
              "err": {
                "message": "AssertionError: Timed out retrying after 25000ms: Expected to find content: '/configuration/i' within the selector: 'button' but never did.",
                "estack": "AssertionError: Timed out retrying after 25000ms: Expected to find content: '/configuration/i' within the selector: 'button' but never did.\n    at ChartOfAccountsConfigurations.clickConfigurationButtonOnDisplayScreen (webpack://ERP_MicroTec_Cypress/./cypress/e2e/Bussiness_owners/Erp_Login/Accounting/charts_of_accounts/pages/0.configuration.ts:7:0)\n    at Context.eval (webpack://ERP_MicroTec_Cypress/./cypress/e2e/Bussiness_owners/Erp_Login/Accounting/charts_of_accounts/tests/Configuration.cy.ts:221:0)",
                "diff": null
              },
              "uuid": "3b05f70b-4675-4fd1-8450-2463ca922d23",
              "parentUUID": "a9213e19-4cb1-4192-b669-e690cf4cf4af",
              "isHook": false,
              "skipped": false
            },
            {
              "title": "5.Verify that he System can edit the Level that is not used in accounts these are parents or enters in Transaction",
              "fullTitle": "Configurations of Charts of Accounts 5.Verify that he System can edit the Level that is not used in accounts these are parents or enters in Transaction",
              "timedOut": null,
              "duration": 147782,
              "state": "passed",
              "speed": "slow",
              "pass": true,
              "fail": false,
              "pending": false,
              "context": null,
              "code": "const c = (0, utils_1.getRandomNumber)(10, 100);\nconst l = \"Editted Level \" + c;\nconst v = c + 1;\ncharts_of_accounts_1.ChartOfAccounts.landing();\n_0_configuration_1.ChartOfAccountsConfigurations.clickConfigurationButtonOnDisplayScreen();\ncy.wait(1000);\ncy.get(\"tbody\").find(\"tr\").last().scrollIntoView();\ncy.get(\"tbody\").then(($tbody) => {\n    if ($tbody.find(\"tr\").is(\":visible\")) {\n        cy.wait(500);\n        cy.wrap($tbody).find(\"tr\").last().scrollIntoView().should(\"be.visible\");\n        cy.wrap($tbody).find(\"tr\").last().scrollIntoView().should(\"be.visible\");\n        cy.wrap($tbody).find(\"tr\").last().find(\"td\").eq(0).click();\n        cy.wrap($tbody)\n            .find(\"tr\")\n            .last()\n            .find(\"td\")\n            .eq(0)\n            .find(\"input\")\n            .clear()\n            .type(\"\" + c);\n        cy.wrap($tbody).find(\"tr\").last().find(\"td\").eq(1).click();\n        cy.wrap($tbody)\n            .find(\"tr\")\n            .last()\n            .find(\"td\")\n            .eq(1)\n            .find(\"input\")\n            .clear()\n            .type(l);\n        cy.wrap($tbody).find(\"tr\").last().find(\"td\").eq(2).click();\n        cy.wrap($tbody)\n            .find(\"tr\")\n            .last()\n            .find(\"td\")\n            .eq(2)\n            .find(\"input\")\n            .clear()\n            .type(\"\" + v);\n    }\n});\ncy.get(\".pop_up_footer\").invoke(\"css\", \"display\", \"block\");\n_0_configuration_1.ChartOfAccountsConfigurations.clickSaveButton();\ncy.wait(1000);\n_0_configuration_1.ChartOfAccountsConfigurations.clickConfigurationButtonOnDisplayScreen();\ncy.wait(1000);\ncy.get(\"tbody\").find(\"tr\").last().scrollIntoView();\ncy.get(\".pop_up_footer\").invoke(\"hide\");\ncy.get(\"tbody\").then(($tbody) => {\n    if ($tbody.find(\"tr\").is(\":visible\")) {\n        cy.wait(500);\n        cy.wrap($tbody).find(\"tr\").last().scrollIntoView().should(\"be.visible\");\n        cy.wrap($tbody).find(\"tr\").last().scrollIntoView().should(\"be.visible\");\n        cy.wrap($tbody)\n            .find(\"tr\")\n            .last()\n            .find(\"td\")\n            .eq(0)\n            .find(\"p-celleditor\")\n            .invoke(\"text\")\n            .then((tdTxt1) => {\n            expect(tdTxt1).to.contain(c.toString());\n        });\n        cy.wrap($tbody)\n            .find(\"tr\")\n            .last()\n            .find(\"td\")\n            .eq(1)\n            .find(\"p-celleditor\")\n            .invoke(\"text\")\n            .then((tdTxt2) => {\n            expect(tdTxt2).to.contain(l.toString());\n        });\n        cy.wrap($tbody)\n            .find(\"tr\")\n            .last()\n            .find(\"td\")\n            .eq(2)\n            .find(\"p-celleditor\")\n            .invoke(\"text\")\n            .then((tdTxt3) => {\n            expect(tdTxt3).to.contain(v.toString());\n        });\n    }\n});",
              "err": {},
              "uuid": "f439e1a2-ebb4-4770-970e-64e690c200bf",
              "parentUUID": "a9213e19-4cb1-4192-b669-e690cf4cf4af",
              "isHook": false,
              "skipped": false
            },
            {
              "title": "6.Verify that he System prevents editting the Level that is used in accounts these are parents or enters in Transaction",
              "fullTitle": "Configurations of Charts of Accounts 6.Verify that he System prevents editting the Level that is used in accounts these are parents or enters in Transaction",
              "timedOut": null,
              "duration": 136541,
              "state": "passed",
              "speed": "slow",
              "pass": true,
              "fail": false,
              "pending": false,
              "context": null,
              "code": "const c = (0, utils_1.getRandomNumber)(10, 100);\nconst l = \"Editted Level \" + c;\nconst v = c + 1;\ncharts_of_accounts_1.ChartOfAccounts.landing();\n_0_configuration_1.ChartOfAccountsConfigurations.clickConfigurationButtonOnDisplayScreen();\ncy.get(\"tbody\").then(($tbody) => {\n    if ($tbody.find(\"tr\").is(\":visible\")) {\n        cy.wait(500);\n        cy.wrap($tbody)\n            .find(\"tr\")\n            .first()\n            .scrollIntoView()\n            .should(\"be.visible\");\n        cy.wrap($tbody).find(\"tr\").first().find(\"td\").eq(0).click();\n        cy.wrap($tbody)\n            .find(\"tr\")\n            .first()\n            .find(\"td\")\n            .eq(0)\n            .find(\"input\")\n            .clear()\n            .type(\"\" + c);\n        cy.wrap($tbody).find(\"tr\").first().find(\"td\").eq(1).click();\n        cy.wrap($tbody)\n            .find(\"tr\")\n            .first()\n            .find(\"td\")\n            .eq(1)\n            .find(\"input\")\n            .clear()\n            .type(l);\n        cy.wrap($tbody).find(\"tr\").first().find(\"td\").eq(2).click();\n        cy.wrap($tbody)\n            .find(\"tr\")\n            .first()\n            .find(\"td\")\n            .eq(2)\n            .find(\"input\")\n            .clear()\n            .type(\"\" + v);\n    }\n});\ncy.get(\".pop_up_footer\").invoke(\"css\", \"display\", \"block\");\n_0_configuration_1.ChartOfAccountsConfigurations.clickSaveButton();\ncy.wait(1000);\n_0_configuration_1.ChartOfAccountsConfigurations.clickConfigurationButtonOnDisplayScreen();\ncy.get(\".pop_up_footer\").invoke(\"hide\");\ncy.get(\"tbody\").then(($tbody) => {\n    if ($tbody.find(\"tr\").is(\":visible\")) {\n        cy.wait(500);\n        cy.wrap($tbody).find(\"tr\").last().scrollIntoView().should(\"be.visible\");\n        cy.wrap($tbody)\n            .find(\"tr\")\n            .last()\n            .find(\"td\")\n            .eq(0)\n            .find(\"p-celleditor\")\n            .invoke(\"text\")\n            .then((tdTxt1) => {\n            expect(tdTxt1).not.to.contain(c.toString());\n        });\n        cy.wrap($tbody)\n            .find(\"tr\")\n            .last()\n            .find(\"td\")\n            .eq(1)\n            .find(\"p-celleditor\")\n            .invoke(\"text\")\n            .then((tdTxt2) => {\n            expect(tdTxt2).not.to.contain(l.toString());\n        });\n        cy.wrap($tbody)\n            .find(\"tr\")\n            .last()\n            .find(\"td\")\n            .eq(2)\n            .find(\"p-celleditor\")\n            .invoke(\"text\")\n            .then((tdTxt3) => {\n            expect(tdTxt3).not.to.contain(v.toString());\n        });\n    }\n});",
              "err": {},
              "uuid": "3b9b642b-00ce-4de8-8b5e-d0c3cf889eea",
              "parentUUID": "a9213e19-4cb1-4192-b669-e690cf4cf4af",
              "isHook": false,
              "skipped": false
            }
          ],
          "suites": [],
          "passes": [
            "fedbb044-8fca-4ae6-a826-6fbc94a6a6f0",
            "a76b00b1-196a-41a5-b71e-eacebf8359ff",
            "f439e1a2-ebb4-4770-970e-64e690c200bf",
            "3b9b642b-00ce-4de8-8b5e-d0c3cf889eea"
          ],
          "failures": [
            "3f0380ac-26da-4b8d-99dc-16c084bcfb9d",
            "3b05f70b-4675-4fd1-8450-2463ca922d23"
          ],
          "pending": [],
          "skipped": [],
          "duration": 663453,
          "root": false,
          "rootEmpty": false,
          "_timeout": 2000
        }
      ],
      "passes": [],
      "failures": [],
      "pending": [],
      "skipped": [],
      "duration": 0,
      "root": true,
      "rootEmpty": true,
      "_timeout": 2000
    }
  ],
  "meta": {
    "mocha": {
      "version": "7.0.1"
    },
    "mochawesome": {
      "options": {
        "quiet": false,
        "reportFilename": "mochawesome",
        "saveHtml": false,
        "saveJson": true,
        "consoleReporter": "spec",
        "useInlineDiffs": false,
        "code": true
      },
      "version": "7.1.3"
    },
    "marge": {
      "options": {
        "reportDir": "cypress/reports",
        "overwrite": false,
        "html": false,
        "json": true
      },
      "version": "6.2.0"
    }
  }
}