{
  "stats": {
    "suites": 1,
    "tests": 5,
    "passes": 3,
    "pending": 0,
    "failures": 2,
    "start": "2024-11-26T07:50:43.893Z",
    "end": "2024-11-26T08:03:12.619Z",
    "duration": 748726,
    "testsRegistered": 5,
    "passPercent": 60,
    "pendingPercent": 0,
    "other": 0,
    "hasOther": false,
    "skipped": 0,
    "hasSkipped": false
  },
  "results": [
    {
      "uuid": "1e904db4-7a79-4d84-a214-b2bef568253f",
      "title": "",
      "fullFile": "cypress/e2e/Bussiness_owners/Erp_Login/Accounting/Cost Center/tests/Edit_cost_center.cy.ts",
      "file": "cypress/e2e/Bussiness_owners/Erp_Login/Accounting/Cost Center/tests/Edit_cost_center.cy.ts",
      "beforeHooks": [],
      "afterHooks": [],
      "tests": [],
      "suites": [
        {
          "uuid": "7f198a65-2458-4e02-880d-9420ea02350b",
          "title": "Editing Cost Center",
          "fullFile": "",
          "file": "",
          "beforeHooks": [],
          "afterHooks": [],
          "tests": [
            {
              "title": "1.verify that all Components are visible in Edit Cost Center Screen pf Parent Account",
              "fullTitle": "Editing Cost Center 1.verify that all Components are visible in Edit Cost Center Screen pf Parent Account",
              "timedOut": null,
              "duration": 161807,
              "state": "passed",
              "speed": "slow",
              "pass": true,
              "fail": false,
              "pending": false,
              "context": null,
              "code": "cost_center_1.CostCenter.landing();\ncy.wait(5000);\ncharts_of_accounts_1.ChartOfAccounts.clickEditButtonDetailAccount();\ncost_center_1.CostCenter.verifyAddPanalLabels();\ncost_center_1.CostCenter.verifyIsDetailCheckBox();\ncost_center_1.CostCenter.verifyCostCenterCode();\ncost_center_1.CostCenter.verifyCostCenterName();\ncost_center_1.CostCenter.verifyParentCodeDropDownNotEmpty();",
              "err": {},
              "uuid": "97082d76-98a9-4c8b-8a8e-5de093bb6957",
              "parentUUID": "7f198a65-2458-4e02-880d-9420ea02350b",
              "isHook": false,
              "skipped": false
            },
            {
              "title": "2.verify that all Components are visible in Edit Cost Center Screen pf Detail Account",
              "fullTitle": "Editing Cost Center 2.verify that all Components are visible in Edit Cost Center Screen pf Detail Account",
              "timedOut": null,
              "duration": 77139,
              "state": "passed",
              "speed": "slow",
              "pass": true,
              "fail": false,
              "pending": false,
              "context": null,
              "code": "cost_center_1.CostCenter.landing();\ncy.wait(5000);\ncharts_of_accounts_1.ChartOfAccounts.clickEditButtonDetailAccount();\ncost_center_1.CostCenter.verifyAddPanalLabels();\ncost_center_1.CostCenter.verifyIsDetailCheckBox();\ncost_center_1.CostCenter.verifyCostCenterCode();\ncost_center_1.CostCenter.verifyCostCenterName();\ncost_center_1.CostCenter.verifyParentCodeDropDownNotEmpty();\ncost_center_1.CostCenter.clickCancelButton();",
              "err": {},
              "uuid": "b963fd5e-6ee5-4ecc-86d8-6545f4850ea2",
              "parentUUID": "7f198a65-2458-4e02-880d-9420ea02350b",
              "isHook": false,
              "skipped": false
            },
            {
              "title": "3.Validate TheCost Center Name Required Message",
              "fullTitle": "Editing Cost Center 3.Validate TheCost Center Name Required Message",
              "timedOut": null,
              "duration": 115999,
              "state": "passed",
              "speed": "slow",
              "pass": true,
              "fail": false,
              "pending": false,
              "context": null,
              "code": "cost_center_1.CostCenter.landing();\ncy.wait(5000);\ncharts_of_accounts_1.ChartOfAccounts.clickEditButtonDetailAccount();\ncost_center_1.CostCenter.clearCostCenterName();\ncost_center_1.CostCenter.clickSaveButton();\ncy.contains(\"span\", /required/i).should(\"be.visible\");\ncost_center_1.CostCenter.inputCostCenterName(accounting_data_1.AccountingData.detailCostCenterName);\ncy.contains(\"span\", /required/i).should(\"not.exist\");",
              "err": {},
              "uuid": "542d7a19-690f-43bd-8923-785c8e33e77b",
              "parentUUID": "7f198a65-2458-4e02-880d-9420ea02350b",
              "isHook": false,
              "skipped": false
            },
            {
              "title": "4.Edit An Existing Cost Center For Cost Center That does not have a related parent account or Transaction",
              "fullTitle": "Editing Cost Center 4.Edit An Existing Cost Center For Cost Center That does not have a related parent account or Transaction",
              "timedOut": null,
              "duration": 117299,
              "state": "failed",
              "speed": null,
              "pass": false,
              "fail": true,
              "pending": false,
              "context": null,
              "code": "cost_center_1.CostCenter.landing();\ncy.wait(3000);\ncharts_of_accounts_1.ChartOfAccounts.SearchAnTreeAccount(accounting_data_1.AccountingData.detailCostCenterSrch);\ncy.wait(1000);\ncharts_of_accounts_1.ChartOfAccounts.clickEditButtonDetailAccount();\ncy.wait(5500);\ncy.getByTestAttribute(\"name\")\n    .invoke(\"val\")\n    .then((nameTxt) => {\n    cy.wrap(nameTxt + \"Editted\").as(\"editNameTxt\");\n    cy.logMsg(nameTxt);\n});\ncy.get(\"@editNameTxt\").then((editNameTxt) => {\n    cost_center_1.CostCenter.inputcostCenterNameInDialog((0, utils_1.getWrappedString)(editNameTxt));\n});\ncost_center_1.CostCenter.clickParentDropDown();\ncost_center_1.CostCenter.clickIsDetail();\ncost_center_1.CostCenter.clickSaveButton();\ncy.wait(2000);\ncy.reload();\ncy.get(\"@editNameTxt\").then((editNameTxt) => {\n    cost_center_1.CostCenter.inputSearchTree(accounting_data_1.AccountingData.detailCostCenterName + \"Editted\");\n    cy.contains('span[id=\"label_tree\"]', (0, utils_1.getWrappedString)(editNameTxt)).should(\"be.visible\");\n});",
              "err": {
                "message": "AssertionError: Timed out retrying after 25000ms: Expected to find content: 'DCC_aZWxBEditted' within the selector: 'span[id=\"label_tree\"]' but never did.",
                "estack": "AssertionError: Timed out retrying after 25000ms: Expected to find content: 'DCC_aZWxBEditted' within the selector: 'span[id=\"label_tree\"]' but never did.\n    at Context.eval (webpack://ERP_MicroTec_Cypress/./cypress/e2e/Bussiness_owners/Erp_Login/Accounting/Cost Center/tests/Edit_cost_center.cy.ts:65:0)",
                "diff": null
              },
              "uuid": "7e2cca64-945d-4c44-ba16-9f4b461bf40e",
              "parentUUID": "7f198a65-2458-4e02-880d-9420ea02350b",
              "isHook": false,
              "skipped": false
            },
            {
              "title": "5.Verify that the System Prevents Editting Cost Center That has a related parent account or Transaction",
              "fullTitle": "Editing Cost Center 5.Verify that the System Prevents Editting Cost Center That has a related parent account or Transaction",
              "timedOut": null,
              "duration": 61431,
              "state": "failed",
              "speed": null,
              "pass": false,
              "fail": true,
              "pending": false,
              "context": null,
              "code": "cost_center_1.CostCenter.landing();\ncy.wait(3000);\ncharts_of_accounts_1.ChartOfAccounts.SearchAnTreeAccount(accounting_data_1.AccountingData.detailCostCenterSrch);\ncy.wait(1000);\ncharts_of_accounts_1.ChartOfAccounts.clickEditButtonDetailAccount();\ncy.wait(5500);\ncost_center_1.CostCenter.inputcostCenterNameInDialog(accounting_data_1.AccountingData.detailCostCenterName + \"Editted\");\ncost_center_1.CostCenter.clickParentDropDown();\ncost_center_1.CostCenter.clickIsDetail();\ncost_center_1.CostCenter.clickSaveButton();\ncy.wait(2000);\ncy.contains(\".btn\", /save/i).should(\"be.visible\");\ncost_center_1.CostCenter.inputSearchTree(accounting_data_1.AccountingData.detailCostCenterName + \"Editted\");\ncy.contains('span[id=\"label_tree\"]', accounting_data_1.AccountingData.detailCostCenterName + \"Editted\").should(\"not.exist\");",
              "err": {
                "message": "AssertionError: Timed out retrying after 25000ms: Expected to find element: `.p-tree-filter`, but never found it.",
                "estack": "AssertionError: Timed out retrying after 25000ms: Expected to find element: `.p-tree-filter`, but never found it.\n    at ChartOfAccounts.SearchAnTreeAccount (webpack://ERP_MicroTec_Cypress/./cypress/e2e/Bussiness_owners/Erp_Login/Accounting/charts_of_accounts/pages/charts_of_accounts.ts:49:0)\n    at Context.eval (webpack://ERP_MicroTec_Cypress/./cypress/e2e/Bussiness_owners/Erp_Login/Accounting/Cost Center/tests/Edit_cost_center.cy.ts:71:0)",
                "diff": null
              },
              "uuid": "ce89c516-e41b-44a3-a32e-3eb12461f00b",
              "parentUUID": "7f198a65-2458-4e02-880d-9420ea02350b",
              "isHook": false,
              "skipped": false
            }
          ],
          "suites": [],
          "passes": [
            "97082d76-98a9-4c8b-8a8e-5de093bb6957",
            "b963fd5e-6ee5-4ecc-86d8-6545f4850ea2",
            "542d7a19-690f-43bd-8923-785c8e33e77b"
          ],
          "failures": [
            "7e2cca64-945d-4c44-ba16-9f4b461bf40e",
            "ce89c516-e41b-44a3-a32e-3eb12461f00b"
          ],
          "pending": [],
          "skipped": [],
          "duration": 533675,
          "root": false,
          "rootEmpty": false,
          "_timeout": 2000
        }
      ],
      "passes": [],
      "failures": [],
      "pending": [],
      "skipped": [],
      "duration": 0,
      "root": true,
      "rootEmpty": true,
      "_timeout": 2000
    }
  ],
  "meta": {
    "mocha": {
      "version": "7.0.1"
    },
    "mochawesome": {
      "options": {
        "quiet": false,
        "reportFilename": "mochawesome",
        "saveHtml": false,
        "saveJson": true,
        "consoleReporter": "spec",
        "useInlineDiffs": false,
        "code": true
      },
      "version": "7.1.3"
    },
    "marge": {
      "options": {
        "reportDir": "cypress/reports",
        "overwrite": false,
        "html": false,
        "json": true
      },
      "version": "6.2.0"
    }
  }
}