{
  "stats": {
    "suites": 1,
    "tests": 1,
    "passes": 0,
    "pending": 0,
    "failures": 1,
    "start": "2024-12-03T08:16:16.032Z",
    "end": "2024-12-03T08:16:19.402Z",
    "duration": 3370,
    "testsRegistered": 6,
    "passPercent": 0,
    "pendingPercent": 0,
    "other": 0,
    "hasOther": false,
    "skipped": 5,
    "hasSkipped": true
  },
  "results": [
    {
      "uuid": "ff7485ab-b06e-4b1a-b88c-d7ab30f29f40",
      "title": "",
      "fullFile": "cypress/e2e/Bussiness_owners/Erp_Login/Accounting/Cost Center/tests/Add_cost_center.cy.ts",
      "file": "cypress/e2e/Bussiness_owners/Erp_Login/Accounting/Cost Center/tests/Add_cost_center.cy.ts",
      "beforeHooks": [],
      "afterHooks": [],
      "tests": [],
      "suites": [
        {
          "uuid": "c7338fcb-f1c8-45f0-93eb-9100cc119b4d",
          "title": "Adding Cost Center",
          "fullFile": "",
          "file": "",
          "beforeHooks": [],
          "afterHooks": [],
          "tests": [
            {
              "title": "1.Verify Empty Data Cost Center",
              "fullTitle": "Adding Cost Center 1.Verify Empty Data Cost Center",
              "timedOut": null,
              "duration": 1613,
              "state": "failed",
              "speed": null,
              "pass": false,
              "fail": true,
              "pending": false,
              "context": null,
              "code": "cost_center_1.CostCenter.landing();\ncy.wait(5500);\ncy.get(\".p-tree\").should(\"be.visible\");\ncy.get(\".p-tree\").should(\"have.class\", \"p-tree\");",
              "err": {
                "message": "CypressError: `cy.visit()` failed trying to load:\n\nhttps://intmicrotec.neat-url.com:2006/bussiness-owners/\n\nWe attempted to make an http request to this URL but the request failed without a response.\n\nWe received this error at the network level:\n\n  > Error: connect ECONNREFUSED 77.31.144.166:2006\n\nCommon situations why this would fail:\n  - you don't have internet access\n  - you forgot to run / boot your web server\n  - your web server isn't accessible\n  - you have weird network configuration settings on your computer\n\nThis error occurred while creating the session. Because the session setup failed, we failed the test.\n\nBecause this error occurred during a `before each` hook we are skipping all of the remaining tests.",
                "estack": "CypressError: `cy.visit()` failed trying to load:\n\nhttps://intmicrotec.neat-url.com:2006/bussiness-owners/\n\nWe attempted to make an http request to this URL but the request failed without a response.\n\nWe received this error at the network level:\n\n  > Error: connect ECONNREFUSED 77.31.144.166:2006\n\nCommon situations why this would fail:\n  - you don't have internet access\n  - you forgot to run / boot your web server\n  - your web server isn't accessible\n  - you have weird network configuration settings on your computer\n\nThis error occurred while creating the session. Because the session setup failed, we failed the test.\n\nBecause this error occurred during a `before each` hook we are skipping all of the remaining tests.\n    at <unknown> (https://intmicrotec.neat-url.com:2006/__cypress/runner/cypress_runner.js:131477:74)\n    at visitFailedByErr (https://intmicrotec.neat-url.com:2006/__cypress/runner/cypress_runner.js:130876:12)\n    at <unknown> (https://intmicrotec.neat-url.com:2006/__cypress/runner/cypress_runner.js:131476:11)\n    at tryCatcher (https://intmicrotec.neat-url.com:2006/__cypress/runner/cypress_runner.js:1830:23)\n    at Promise._settlePromiseFromHandler (https://intmicrotec.neat-url.com:2006/__cypress/runner/cypress_runner.js:1542:31)\n    at Promise._settlePromise (https://intmicrotec.neat-url.com:2006/__cypress/runner/cypress_runner.js:1599:18)\n    at Promise._settlePromise0 (https://intmicrotec.neat-url.com:2006/__cypress/runner/cypress_runner.js:1644:10)\n    at Promise._settlePromises (https://intmicrotec.neat-url.com:2006/__cypress/runner/cypress_runner.js:1720:18)\n    at _drainQueueStep (https://intmicrotec.neat-url.com:2006/__cypress/runner/cypress_runner.js:2430:12)\n    at _drainQueue (https://intmicrotec.neat-url.com:2006/__cypress/runner/cypress_runner.js:2423:9)\n    at Async._drainQueues (https://intmicrotec.neat-url.com:2006/__cypress/runner/cypress_runner.js:2439:5)\n    at Async.drainQueues (https://intmicrotec.neat-url.com:2006/__cypress/runner/cypress_runner.js:2309:14)\nFrom Your Spec Code:\n    at Context.eval (webpack://ERP_MicroTec_Cypress/./cypress/support/commands.ts:1239:0)\n\nFrom Node.js Internals:\n  Error: connect ECONNREFUSED 77.31.144.166:2006\n      at TCPConnectWrap.afterConnect [as oncomplete] (node:net:1495:16)",
                "diff": null
              },
              "uuid": "4f64b519-3805-414f-96a4-57c347235507",
              "parentUUID": "c7338fcb-f1c8-45f0-93eb-9100cc119b4d",
              "isHook": false,
              "skipped": false
            },
            {
              "title": "2.Verify that all Components are visible in Add Cost Center Screen",
              "fullTitle": "Adding Cost Center 2.Verify that all Components are visible in Add Cost Center Screen",
              "timedOut": null,
              "duration": 0,
              "state": "skipped",
              "speed": null,
              "pass": false,
              "fail": false,
              "pending": false,
              "context": null,
              "code": "cost_center_1.CostCenter.landing();\ncy.wait(2000);\ncost_center_1.CostCenter.clickLastTreeAddButton();\ncost_center_1.CostCenter.verifyAddPanalLabels();\ncost_center_1.CostCenter.verifyIsDetailCheckBox();\ncost_center_1.CostCenter.verifyCostCenterCode();\ncost_center_1.CostCenter.verifyCostCenterName();\n// CostCenter.verifyParentCodeDropDownNotEmpty();",
              "err": {},
              "uuid": "2b167b81-db1a-4e15-8187-600933300baa",
              "parentUUID": "c7338fcb-f1c8-45f0-93eb-9100cc119b4d",
              "isHook": false,
              "skipped": true
            },
            {
              "title": "3.Validate The Cost Center Name Required Message",
              "fullTitle": "Adding Cost Center 3.Validate The Cost Center Name Required Message",
              "timedOut": null,
              "duration": 0,
              "state": "skipped",
              "speed": null,
              "pass": false,
              "fail": false,
              "pending": false,
              "context": null,
              "code": "cost_center_1.CostCenter.landing();\ncy.wait(2000);\ncost_center_1.CostCenter.clickLastTreeAddButton();\ncost_center_1.CostCenter.clickSaveButton();\ncy.contains(\"span\", /required/i).should(\"be.visible\");\ncost_center_1.CostCenter.inputCostCenterName(accounting_data_1.AccountingData.parentCostCenterName);\ncy.contains(\"span\", /required/i).should(\"not.exist\");\ncost_center_1.CostCenter.clickSaveButton();\ncost_center_1.CostCenter.verifyDialogeDisappears();",
              "err": {},
              "uuid": "5f4ddd5d-6463-4bcd-b19b-da962556fbc2",
              "parentUUID": "c7338fcb-f1c8-45f0-93eb-9100cc119b4d",
              "isHook": false,
              "skipped": true
            },
            {
              "title": "4.Verify Adding Parent Cost Centre On The Tree",
              "fullTitle": "Adding Cost Center 4.Verify Adding Parent Cost Centre On The Tree",
              "timedOut": null,
              "duration": 0,
              "state": "skipped",
              "speed": null,
              "pass": false,
              "fail": false,
              "pending": false,
              "context": null,
              "code": "cost_center_1.CostCenter.landing();\ncy.wait(2000);\ncost_center_1.CostCenter.clickLastTreeAddButton();\ncost_center_1.CostCenter.inputCostCenterName(accounting_data_1.AccountingData.parentCostCenterName);\ncost_center_1.CostCenter.clickSaveButton();\ncost_center_1.CostCenter.verifyDialogeDisappears();\ncy.reload();\ncy.wait(1500);\ncy.clickContinueAs();\ncost_center_1.CostCenter.switchingToListMode();\ncy.navigateToTheLatestScreen();\ncy.verifyFirstCellInTable(1, accounting_data_1.AccountingData.parentCostCenterName);\ncy.verifyLastCellParagraoghInTable(3, /main/i);",
              "err": {},
              "uuid": "0b040ff7-2c8f-4224-8c48-a3a4df850ec0",
              "parentUUID": "c7338fcb-f1c8-45f0-93eb-9100cc119b4d",
              "isHook": false,
              "skipped": true
            },
            {
              "title": "5.Verify Adding Detail Cost Centre On The Tree Without Assigned Parent Account",
              "fullTitle": "Adding Cost Center 5.Verify Adding Detail Cost Centre On The Tree Without Assigned Parent Account",
              "timedOut": null,
              "duration": 0,
              "state": "skipped",
              "speed": null,
              "pass": false,
              "fail": false,
              "pending": false,
              "context": null,
              "code": "cost_center_1.CostCenter.landing();\ncy.wait(2000);\ncost_center_1.CostCenter.clickLastTreeAddButton();\ncost_center_1.CostCenter.inputCostCenterName(accounting_data_1.AccountingData.detailCostCenterName);\ncost_center_1.CostCenter.clickIsDetailCheckBox();\ncost_center_1.CostCenter.clickSaveButton();\ncost_center_1.CostCenter.verifyDialogeDisappears();\ncy.reload();\ncy.wait(1500);\ncy.clickContinueAs();\ncost_center_1.CostCenter.switchingToListMode();\ncost_center_1.CostCenter.inputSearchList(accounting_data_1.AccountingData.detailCostCenterName);\ncy.verifyFirstCellInTable(1, accounting_data_1.AccountingData.detailCostCenterName);\ncy.verifyLastCellParagraoghInTable(3, /detail/i);",
              "err": {},
              "uuid": "0151973b-b741-4ac9-b460-8c4d2a7a2661",
              "parentUUID": "c7338fcb-f1c8-45f0-93eb-9100cc119b4d",
              "isHook": false,
              "skipped": true
            },
            {
              "title": "6.Verify Adding Detail Cost Centre On The Tree with Selected Parent Code",
              "fullTitle": "Adding Cost Center 6.Verify Adding Detail Cost Centre On The Tree with Selected Parent Code",
              "timedOut": null,
              "duration": 0,
              "state": "skipped",
              "speed": null,
              "pass": false,
              "fail": false,
              "pending": false,
              "context": null,
              "code": "cost_center_1.CostCenter.landing();\ncy.wait(2000);\ncost_center_1.CostCenter.clickLastTreeAddButton();\ncost_center_1.CostCenter.inputCostCenterName(accounting_data_1.AccountingData.detailCostCenterName);\ncost_center_1.CostCenter.selectParent();\ncost_center_1.CostCenter.clickIsDetailCheckBox();\ncost_center_1.CostCenter.clickSaveButton();\ncost_center_1.CostCenter.verifyDialogeDisappears();\ncy.reload();\ncy.wait(1500);\ncy.clickContinueAs();\ncost_center_1.CostCenter.switchingToListMode();\ncost_center_1.CostCenter.inputSearchList(accounting_data_1.AccountingData.detailCostCenterName);\ncy.verifyFirstCellInTable(1, accounting_data_1.AccountingData.detailCostCenterName);\ncy.verifyLastCellParagraoghInTable(3, /detail/i);",
              "err": {},
              "uuid": "ece7474d-b356-4e26-a58c-94e6ff0e47b5",
              "parentUUID": "c7338fcb-f1c8-45f0-93eb-9100cc119b4d",
              "isHook": false,
              "skipped": true
            }
          ],
          "suites": [],
          "passes": [],
          "failures": [
            "4f64b519-3805-414f-96a4-57c347235507"
          ],
          "pending": [],
          "skipped": [
            "2b167b81-db1a-4e15-8187-600933300baa",
            "5f4ddd5d-6463-4bcd-b19b-da962556fbc2",
            "0b040ff7-2c8f-4224-8c48-a3a4df850ec0",
            "0151973b-b741-4ac9-b460-8c4d2a7a2661",
            "ece7474d-b356-4e26-a58c-94e6ff0e47b5"
          ],
          "duration": 1613,
          "root": false,
          "rootEmpty": false,
          "_timeout": 2000
        }
      ],
      "passes": [],
      "failures": [],
      "pending": [],
      "skipped": [],
      "duration": 0,
      "root": true,
      "rootEmpty": true,
      "_timeout": 2000
    }
  ],
  "meta": {
    "mocha": {
      "version": "7.0.1"
    },
    "mochawesome": {
      "options": {
        "quiet": false,
        "reportFilename": "mochawesome",
        "saveHtml": false,
        "saveJson": true,
        "consoleReporter": "spec",
        "useInlineDiffs": false,
        "code": true
      },
      "version": "7.1.3"
    },
    "marge": {
      "options": {
        "reportDir": "cypress/reports",
        "overwrite": false,
        "html": false,
        "json": true
      },
      "version": "6.2.0"
    }
  }
}