{
  "stats": {
    "suites": 1,
    "tests": 4,
    "passes": 3,
    "pending": 0,
    "failures": 1,
    "start": "2024-11-26T03:49:59.162Z",
    "end": "2024-11-26T04:00:05.522Z",
    "duration": 606360,
    "testsRegistered": 4,
    "passPercent": 75,
    "pendingPercent": 0,
    "other": 0,
    "hasOther": false,
    "skipped": 0,
    "hasSkipped": false
  },
  "results": [
    {
      "uuid": "ecb390e5-a0e3-4c69-a6c0-d3e1a4a04c3b",
      "title": "",
      "fullFile": "cypress/e2e/Bussiness_owners/Erp_Login/General_Setting/Taxs Group/tests/Add_taxes_group.cy.ts",
      "file": "cypress/e2e/Bussiness_owners/Erp_Login/General_Setting/Taxs Group/tests/Add_taxes_group.cy.ts",
      "beforeHooks": [],
      "afterHooks": [],
      "tests": [],
      "suites": [
        {
          "uuid": "a1bb757b-06f7-4436-9b02-920f78bb60a3",
          "title": "Add New Taxs Group",
          "fullFile": "",
          "file": "",
          "beforeHooks": [],
          "afterHooks": [],
          "tests": [
            {
              "title": "1.Verify all the components are displayed on the Add New Tax Group",
              "fullTitle": "Add New Taxs Group 1.Verify all the components are displayed on the Add New Tax Group",
              "timedOut": null,
              "duration": 112890,
              "state": "failed",
              "speed": null,
              "pass": false,
              "fail": true,
              "pending": false,
              "context": null,
              "code": "TaxsGroup_1.TaxsGroup.landing();\ncy.wait(1500);\ncy.reload();\ncy.wait(1000);\nTaxsGroup_1.TaxsGroup.clickAddNewButton();\ncy.verifyLabelText(\"code\", /code/i);\ncy.verifyLabelText(\"name\", /name/i);",
              "err": {
                "message": "AssertionError: Timed out retrying after 25000ms: Expected to find content: '/create/i' within the selector: 'button' but never did.",
                "estack": "AssertionError: Timed out retrying after 25000ms: Expected to find content: '/create/i' within the selector: 'button' but never did.\n    at Context.eval (webpack://ERP_MicroTec_Cypress/./cypress/support/commands.ts:227:0)",
                "diff": null
              },
              "uuid": "4c4515d8-1d96-4462-b7be-e28cf464e68c",
              "parentUUID": "a1bb757b-06f7-4436-9b02-920f78bb60a3",
              "isHook": false,
              "skipped": false
            },
            {
              "title": "2.Verify Displaying Of Required Messsages",
              "fullTitle": "Add New Taxs Group 2.Verify Displaying Of Required Messsages",
              "timedOut": null,
              "duration": 130909,
              "state": "passed",
              "speed": "slow",
              "pass": true,
              "fail": false,
              "pending": false,
              "context": null,
              "code": "TaxsGroup_1.TaxsGroup.landing();\ncy.wait(2000);\nTaxsGroup_1.TaxsGroup.clickAddNewButton();\nTaxsGroup_1.TaxsGroup.submitDialog();\nTaxsGroup_1.TaxsGroup.verifyRequiredMessages(\"2\");\ncy.get(\".pop_up_footer\").invoke(\"hide\");\nTaxsGroup_1.TaxsGroup.inputCode(\"123\");\nTaxsGroup_1.TaxsGroup.verifyRequiredMessages(\"1\");\nTaxsGroup_1.TaxsGroup.inputName(\"name\");\nTaxsGroup_1.TaxsGroup.verifyInExistenceOfRequiredMessage();",
              "err": {},
              "uuid": "4b43372a-c3cc-435d-baa4-2c161cadc3d4",
              "parentUUID": "a1bb757b-06f7-4436-9b02-920f78bb60a3",
              "isHook": false,
              "skipped": false
            },
            {
              "title": "3.Verify canceling Adding New Taxes Group",
              "fullTitle": "Add New Taxs Group 3.Verify canceling Adding New Taxes Group",
              "timedOut": null,
              "duration": 99281,
              "state": "passed",
              "speed": "slow",
              "pass": true,
              "fail": false,
              "pending": false,
              "context": null,
              "code": "TaxsGroup_1.TaxsGroup.landing();\ncy.wait(2000);\ncy.getInitItemsCountInListView();\nTaxsGroup_1.TaxsGroup.clickAddNewButton();\nTaxsGroup_1.TaxsGroup.inputCode(general_settings_data_1.GeneralSettingsData.taxesGroupCode);\nTaxsGroup_1.TaxsGroup.inputName(general_settings_data_1.GeneralSettingsData.taxesGroupName);\nTaxsGroup_1.TaxsGroup.cancelDialog();\ncy.wait(1000);\ncy.assertAfterItemEditedInListView();",
              "err": {},
              "uuid": "d50dbb87-de55-4824-a9db-a3a889e4696c",
              "parentUUID": "a1bb757b-06f7-4436-9b02-920f78bb60a3",
              "isHook": false,
              "skipped": false
            },
            {
              "title": "4.Verify Adding New Taxes Group",
              "fullTitle": "Add New Taxs Group 4.Verify Adding New Taxes Group",
              "timedOut": null,
              "duration": 102490,
              "state": "passed",
              "speed": "slow",
              "pass": true,
              "fail": false,
              "pending": false,
              "context": null,
              "code": "TaxsGroup_1.TaxsGroup.landing();\ncy.wait(2000);\ncy.getInitItemsCountInListView();\nTaxsGroup_1.TaxsGroup.clickAddNewButton();\nTaxsGroup_1.TaxsGroup.inputCode(general_settings_data_1.GeneralSettingsData.taxesGroupCode);\nTaxsGroup_1.TaxsGroup.inputName(general_settings_data_1.GeneralSettingsData.taxesGroupName);\nTaxsGroup_1.TaxsGroup.submitDialog();\ncy.wait(1000);\ncy.assertnewItemAddedToListView();\ncy.verifyFirstCellInTable(0, general_settings_data_1.GeneralSettingsData.taxesGroupCode);\ncy.verifyFirstCellInTable(1, general_settings_data_1.GeneralSettingsData.taxesGroupName);",
              "err": {},
              "uuid": "9a6f951a-442e-4ceb-a5f4-919321040285",
              "parentUUID": "a1bb757b-06f7-4436-9b02-920f78bb60a3",
              "isHook": false,
              "skipped": false
            }
          ],
          "suites": [],
          "passes": [
            "4b43372a-c3cc-435d-baa4-2c161cadc3d4",
            "d50dbb87-de55-4824-a9db-a3a889e4696c",
            "9a6f951a-442e-4ceb-a5f4-919321040285"
          ],
          "failures": [
            "4c4515d8-1d96-4462-b7be-e28cf464e68c"
          ],
          "pending": [],
          "skipped": [],
          "duration": 445570,
          "root": false,
          "rootEmpty": false,
          "_timeout": 2000
        }
      ],
      "passes": [],
      "failures": [],
      "pending": [],
      "skipped": [],
      "duration": 0,
      "root": true,
      "rootEmpty": true,
      "_timeout": 2000
    }
  ],
  "meta": {
    "mocha": {
      "version": "7.0.1"
    },
    "mochawesome": {
      "options": {
        "quiet": false,
        "reportFilename": "mochawesome",
        "saveHtml": false,
        "saveJson": true,
        "consoleReporter": "spec",
        "useInlineDiffs": false,
        "code": true
      },
      "version": "7.1.3"
    },
    "marge": {
      "options": {
        "reportDir": "cypress/reports",
        "overwrite": false,
        "html": false,
        "json": true
      },
      "version": "6.2.0"
    }
  }
}