{
  "stats": {
    "suites": 1,
    "tests": 4,
    "passes": 4,
    "pending": 0,
    "failures": 0,
    "start": "2024-11-26T04:18:54.858Z",
    "end": "2024-11-26T04:27:49.182Z",
    "duration": 534324,
    "testsRegistered": 4,
    "passPercent": 100,
    "pendingPercent": 0,
    "other": 0,
    "hasOther": false,
    "skipped": 0,
    "hasSkipped": false
  },
  "results": [
    {
      "uuid": "a1c8ee65-0fa5-428d-9d87-9f5b7088591f",
      "title": "",
      "fullFile": "cypress/e2e/Bussiness_owners/Erp_Login/General_Setting/Taxs Group/tests/Taxes_group_listview.cy.ts",
      "file": "cypress/e2e/Bussiness_owners/Erp_Login/General_Setting/Taxs Group/tests/Taxes_group_listview.cy.ts",
      "beforeHooks": [],
      "afterHooks": [],
      "tests": [],
      "suites": [
        {
          "uuid": "76e76a1a-eb4b-4f65-a885-c64852f4115f",
          "title": "Taxs Group List View",
          "fullFile": "",
          "file": "",
          "beforeHooks": [],
          "afterHooks": [],
          "tests": [
            {
              "title": "1.Verify all the components are displayed on the Listview",
              "fullTitle": "Taxs Group List View 1.Verify all the components are displayed on the Listview",
              "timedOut": null,
              "duration": 81144,
              "state": "passed",
              "speed": "slow",
              "pass": true,
              "fail": false,
              "pending": false,
              "context": null,
              "code": "TaxsGroup_1.TaxsGroup.landing();\ncy.wait(1500);\ncy.get(\"table\").then((table) => {\n    cy.wrap(table).find(\"th\").eq(0).contains(/code/i).should(\"be.visible\");\n    cy.wrap(table).find(\"th\").eq(1).contains(/name/i).should(\"be.visible\");\n    cy.wrap(table)\n        .find(\"th\")\n        .eq(2)\n        .contains(/country name/i)\n        .should(\"be.visible\");\n    cy.wrap(table)\n        .find(\"th\")\n        .eq(3)\n        .contains(/actions/i)\n        .should(\"be.visible\");\n});",
              "err": {},
              "uuid": "d925d33d-1632-4873-a75a-28469d345316",
              "parentUUID": "76e76a1a-eb4b-4f65-a885-c64852f4115f",
              "isHook": false,
              "skipped": false
            },
            {
              "title": "2.should filter the table based on search input in the first two columns",
              "fullTitle": "Taxs Group List View 2.should filter the table based on search input in the first two columns",
              "timedOut": null,
              "duration": 73978,
              "state": "passed",
              "speed": "slow",
              "pass": true,
              "fail": false,
              "pending": false,
              "context": null,
              "code": "TaxsGroup_1.TaxsGroup.landing();\ncy.wait(2000);\ncy.verifySearchFunctionality();",
              "err": {},
              "uuid": "d49a7275-b102-4691-9dad-a7d7c9154d6a",
              "parentUUID": "76e76a1a-eb4b-4f65-a885-c64852f4115f",
              "isHook": false,
              "skipped": false
            },
            {
              "title": "3.Verify canceling Deleting an Existing Taxes Group",
              "fullTitle": "Taxs Group List View 3.Verify canceling Deleting an Existing Taxes Group",
              "timedOut": null,
              "duration": 67731,
              "state": "passed",
              "speed": "slow",
              "pass": true,
              "fail": false,
              "pending": false,
              "context": null,
              "code": "TaxsGroup_1.TaxsGroup.landing();\ncy.wait(2000);\ncy.getInitItemsCountInListView();\ncy.clickFirstDeleteActionButton();\nTaxsGroup_1.TaxsGroup.cancelDeleteAction();\ncy.wait(1000);\ncy.assertAfterItemEditedInListView();",
              "err": {},
              "uuid": "2b92665d-8302-4367-a381-36851b1910b8",
              "parentUUID": "76e76a1a-eb4b-4f65-a885-c64852f4115f",
              "isHook": false,
              "skipped": false
            },
            {
              "title": "4.Verify Deleting an Existing Taxes Group",
              "fullTitle": "Taxs Group List View 4.Verify Deleting an Existing Taxes Group",
              "timedOut": null,
              "duration": 162600,
              "state": "passed",
              "speed": "slow",
              "pass": true,
              "fail": false,
              "pending": false,
              "context": null,
              "code": "TaxsGroup_1.TaxsGroup.landing();\ncy.wait(2000);\ncy.getInitItemsCountInListView();\ncy.clickFirstDeleteActionButton();\nTaxsGroup_1.TaxsGroup.confirmDeleteAction();\ncy.wait(1000);\ncy.assertItemDeletedFromListView();",
              "err": {},
              "uuid": "1b96db3f-28df-4ae4-8931-b297516e0076",
              "parentUUID": "76e76a1a-eb4b-4f65-a885-c64852f4115f",
              "isHook": false,
              "skipped": false
            }
          ],
          "suites": [],
          "passes": [
            "d925d33d-1632-4873-a75a-28469d345316",
            "d49a7275-b102-4691-9dad-a7d7c9154d6a",
            "2b92665d-8302-4367-a381-36851b1910b8",
            "1b96db3f-28df-4ae4-8931-b297516e0076"
          ],
          "failures": [],
          "pending": [],
          "skipped": [],
          "duration": 385453,
          "root": false,
          "rootEmpty": false,
          "_timeout": 2000
        }
      ],
      "passes": [],
      "failures": [],
      "pending": [],
      "skipped": [],
      "duration": 0,
      "root": true,
      "rootEmpty": true,
      "_timeout": 2000
    }
  ],
  "meta": {
    "mocha": {
      "version": "7.0.1"
    },
    "mochawesome": {
      "options": {
        "quiet": false,
        "reportFilename": "mochawesome",
        "saveHtml": false,
        "saveJson": true,
        "consoleReporter": "spec",
        "useInlineDiffs": false,
        "code": true
      },
      "version": "7.1.3"
    },
    "marge": {
      "options": {
        "reportDir": "cypress/reports",
        "overwrite": false,
        "html": false,
        "json": true
      },
      "version": "6.2.0"
    }
  }
}