{
  "stats": {
    "suites": 1,
    "tests": 4,
    "passes": 3,
    "pending": 0,
    "failures": 1,
    "start": "2024-12-03T04:56:17.864Z",
    "end": "2024-12-03T05:05:25.803Z",
    "duration": 547939,
    "testsRegistered": 4,
    "passPercent": 75,
    "pendingPercent": 0,
    "other": 0,
    "hasOther": false,
    "skipped": 0,
    "hasSkipped": false
  },
  "results": [
    {
      "uuid": "c67a09cb-dfe2-4015-a68b-bac81a6005c1",
      "title": "",
      "fullFile": "cypress/e2e/Bussiness_owners/Erp_Login/General_Setting/Taxs Group/tests/Add_taxes_group.cy.ts",
      "file": "cypress/e2e/Bussiness_owners/Erp_Login/General_Setting/Taxs Group/tests/Add_taxes_group.cy.ts",
      "beforeHooks": [],
      "afterHooks": [],
      "tests": [],
      "suites": [
        {
          "uuid": "ef47133d-838e-44d7-8b08-38ab6c0394d9",
          "title": "Add New Taxs Group",
          "fullFile": "",
          "file": "",
          "beforeHooks": [],
          "afterHooks": [],
          "tests": [
            {
              "title": "1.Verify all the components are displayed on the Add New Tax Group",
              "fullTitle": "Add New Taxs Group 1.Verify all the components are displayed on the Add New Tax Group",
              "timedOut": null,
              "duration": 119590,
              "state": "failed",
              "speed": null,
              "pass": false,
              "fail": true,
              "pending": false,
              "context": null,
              "code": "TaxsGroup_1.TaxsGroup.landing();\ncy.wait(1500);\ncy.reload();\ncy.wait(1000);\nTaxsGroup_1.TaxsGroup.clickAddNewButton();\ncy.verifyLabelText(\"code\", /code/i);\ncy.verifyLabelText(\"name\", /name/i);",
              "err": {
                "message": "AssertionError: Timed out retrying after 25000ms: Expected to find content: '/create/i' within the selector: 'button' but never did.",
                "estack": "AssertionError: Timed out retrying after 25000ms: Expected to find content: '/create/i' within the selector: 'button' but never did.\n    at Context.eval (webpack://ERP_MicroTec_Cypress/./cypress/support/commands.ts:227:0)",
                "diff": null
              },
              "uuid": "fae53cf2-10e8-4ad9-a94e-dd4f0409c097",
              "parentUUID": "ef47133d-838e-44d7-8b08-38ab6c0394d9",
              "isHook": false,
              "skipped": false
            },
            {
              "title": "2.Verify Displaying Of Required Messsages",
              "fullTitle": "Add New Taxs Group 2.Verify Displaying Of Required Messsages",
              "timedOut": null,
              "duration": 100692,
              "state": "passed",
              "speed": "slow",
              "pass": true,
              "fail": false,
              "pending": false,
              "context": null,
              "code": "TaxsGroup_1.TaxsGroup.landing();\ncy.wait(2000);\nTaxsGroup_1.TaxsGroup.clickAddNewButton();\nTaxsGroup_1.TaxsGroup.submitDialog();\nTaxsGroup_1.TaxsGroup.verifyRequiredMessages(\"2\");\ncy.get(\".pop_up_footer\").invoke(\"hide\");\nTaxsGroup_1.TaxsGroup.inputCode(\"123\");\nTaxsGroup_1.TaxsGroup.verifyRequiredMessages(\"1\");\nTaxsGroup_1.TaxsGroup.inputName(\"name\");\nTaxsGroup_1.TaxsGroup.verifyInExistenceOfRequiredMessage();",
              "err": {},
              "uuid": "239e55c3-1bea-40e4-b5a4-33ee5b7760fa",
              "parentUUID": "ef47133d-838e-44d7-8b08-38ab6c0394d9",
              "isHook": false,
              "skipped": false
            },
            {
              "title": "3.Verify canceling Adding New Taxes Group",
              "fullTitle": "Add New Taxs Group 3.Verify canceling Adding New Taxes Group",
              "timedOut": null,
              "duration": 53531,
              "state": "passed",
              "speed": "slow",
              "pass": true,
              "fail": false,
              "pending": false,
              "context": null,
              "code": "TaxsGroup_1.TaxsGroup.landing();\ncy.wait(2000);\ncy.getInitItemsCountInListView();\nTaxsGroup_1.TaxsGroup.clickAddNewButton();\nTaxsGroup_1.TaxsGroup.inputCode(general_settings_data_1.GeneralSettingsData.taxesGroupCode);\nTaxsGroup_1.TaxsGroup.inputName(general_settings_data_1.GeneralSettingsData.taxesGroupName);\nTaxsGroup_1.TaxsGroup.cancelDialog();\ncy.wait(1000);\ncy.assertAfterItemEditedInListView();",
              "err": {},
              "uuid": "98713768-65a6-4a37-ad20-4d5dc7432487",
              "parentUUID": "ef47133d-838e-44d7-8b08-38ab6c0394d9",
              "isHook": false,
              "skipped": false
            },
            {
              "title": "4.Verify Adding New Taxes Group",
              "fullTitle": "Add New Taxs Group 4.Verify Adding New Taxes Group",
              "timedOut": null,
              "duration": 102988,
              "state": "passed",
              "speed": "slow",
              "pass": true,
              "fail": false,
              "pending": false,
              "context": null,
              "code": "TaxsGroup_1.TaxsGroup.landing();\ncy.wait(2000);\ncy.getInitItemsCountInListView();\nTaxsGroup_1.TaxsGroup.clickAddNewButton();\nTaxsGroup_1.TaxsGroup.inputCode(general_settings_data_1.GeneralSettingsData.taxesGroupCode);\nTaxsGroup_1.TaxsGroup.inputName(general_settings_data_1.GeneralSettingsData.taxesGroupName);\nTaxsGroup_1.TaxsGroup.submitDialog();\ncy.wait(1000);\ncy.assertnewItemAddedToListView();\ncy.verifyFirstCellInTable(0, general_settings_data_1.GeneralSettingsData.taxesGroupCode);\ncy.verifyFirstCellInTable(1, general_settings_data_1.GeneralSettingsData.taxesGroupName);",
              "err": {},
              "uuid": "77a8d8f1-f94f-4c24-ba1d-bee704805ae3",
              "parentUUID": "ef47133d-838e-44d7-8b08-38ab6c0394d9",
              "isHook": false,
              "skipped": false
            }
          ],
          "suites": [],
          "passes": [
            "239e55c3-1bea-40e4-b5a4-33ee5b7760fa",
            "98713768-65a6-4a37-ad20-4d5dc7432487",
            "77a8d8f1-f94f-4c24-ba1d-bee704805ae3"
          ],
          "failures": [
            "fae53cf2-10e8-4ad9-a94e-dd4f0409c097"
          ],
          "pending": [],
          "skipped": [],
          "duration": 376801,
          "root": false,
          "rootEmpty": false,
          "_timeout": 2000
        }
      ],
      "passes": [],
      "failures": [],
      "pending": [],
      "skipped": [],
      "duration": 0,
      "root": true,
      "rootEmpty": true,
      "_timeout": 2000
    }
  ],
  "meta": {
    "mocha": {
      "version": "7.0.1"
    },
    "mochawesome": {
      "options": {
        "quiet": false,
        "reportFilename": "mochawesome",
        "saveHtml": false,
        "saveJson": true,
        "consoleReporter": "spec",
        "useInlineDiffs": false,
        "code": true
      },
      "version": "7.1.3"
    },
    "marge": {
      "options": {
        "reportDir": "cypress/reports",
        "overwrite": false,
        "html": false,
        "json": true
      },
      "version": "6.2.0"
    }
  }
}