{
  "stats": {
    "suites": 1,
    "tests": 7,
    "passes": 0,
    "pending": 1,
    "failures": 6,
    "start": "2024-11-20T11:50:13.202Z",
    "end": "2024-11-20T11:57:13.148Z",
    "duration": 419946,
    "testsRegistered": 7,
    "passPercent": 0,
    "pendingPercent": 14.285714285714285,
    "other": 0,
    "hasOther": false,
    "skipped": 0,
    "hasSkipped": false
  },
  "results": [
    {
      "uuid": "e61fe0ed-cadd-4b58-865b-5c2ddbd28cb2",
      "title": "",
      "fullFile": "cypress/e2e/Bussiness_owners/My-subscriptions/Manage_users/tests/Add_new_user.cy.ts",
      "file": "cypress/e2e/Bussiness_owners/My-subscriptions/Manage_users/tests/Add_new_user.cy.ts",
      "beforeHooks": [],
      "afterHooks": [],
      "tests": [],
      "suites": [
        {
          "uuid": "9d4a402d-a507-4808-b12d-af429596d558",
          "title": "Add new User",
          "fullFile": "",
          "file": "",
          "beforeHooks": [],
          "afterHooks": [],
          "tests": [
            {
              "title": "1.Verify That The Dialoge has the same SubDomain name",
              "fullTitle": "Add new User 1.Verify That The Dialoge has the same SubDomain name",
              "timedOut": null,
              "duration": 34321,
              "state": "failed",
              "speed": null,
              "pass": false,
              "fail": true,
              "pending": false,
              "context": null,
              "code": "manage_users_1.ManageUsers.clickFirstManageUsers();\nmanage_users_1.ManageUsers.clickAddNewUser();\nmanage_users_1.ManageUsers.clickCancelDialoge();\nmanage_users_1.ManageUsers.clickBackSubDomainHomeButton();\ncy.get('div[class=\"supdomain paragraph_b20\"]').should(\"be.visible\");\ncy.get('div[class=\"supdomain paragraph_b20\"]')\n    .eq(1)\n    .invoke(\"text\")\n    .then((txt1) => {\n    cy.wrap(txt1).as(\"txt1\");\n    manage_users_1.ManageUsers.clickFirstManageUsers();\n    manage_users_1.ManageUsers.clickAddNewUser();\n});\ncy.get(\"@txt1\").then((txt1) => {\n    cy.get(\".view\")\n        .should(\"be.visible\")\n        .should(($div) => {\n        const cleanedText = $div\n            .text()\n            .replace(/\\u00a0/g, \" \")\n            .trim();\n        expect(cleanedText).to.equal(txt1\n            .toString()\n            .trim()\n            .replace(/.Microtecdev.Com/i, \"\")\n            .replace(\"&nbsp;\", \"\"));\n    });\n});",
              "err": {
                "message": "AssertionError: Timed out retrying after 25000ms: Expected to find element: `button[class=\"mange body_b14 user\"]`, but never found it.",
                "estack": "AssertionError: Timed out retrying after 25000ms: Expected to find element: `button[class=\"mange body_b14 user\"]`, but never found it.\n    at ManageUsers.clickFirstManageUsers (webpack://ERP_MicroTec_Cypress/./cypress/e2e/Bussiness_owners/My-subscriptions/Manage_users/pages/manage_users.ts:6:0)\n    at Context.eval (webpack://ERP_MicroTec_Cypress/./cypress/e2e/Bussiness_owners/My-subscriptions/Manage_users/tests/Add_new_user.cy.ts:13:0)",
                "diff": null
              },
              "uuid": "c0060afc-71e7-4d3b-86a5-1c04fcff86a7",
              "parentUUID": "9d4a402d-a507-4808-b12d-af429596d558",
              "isHook": false,
              "skipped": false
            },
            {
              "title": "2.Verify All The compontes Are Visible",
              "fullTitle": "Add new User 2.Verify All The compontes Are Visible",
              "timedOut": null,
              "duration": 34311,
              "state": "failed",
              "speed": null,
              "pass": false,
              "fail": true,
              "pending": false,
              "context": null,
              "code": "manage_users_1.ManageUsers.clickFirstManageUsers();\nmanage_users_1.ManageUsers.clickAddNewUser();\nmanage_users_1.ManageUsers.clickCancelDialoge();\nmanage_users_1.ManageUsers.clickBackSubDomainHomeButton();\ncy.get('div[class=\"supdomain paragraph_b20\"]').should(\"be.visible\");\ncy.get('div[class=\"supdomain paragraph_b20\"]')\n    .eq(1)\n    .invoke(\"text\")\n    .then((txt1) => {\n    manage_users_1.ManageUsers.clickFirstManageUsers();\n    manage_users_1.ManageUsers.clickAddNewUser();\n    //  verify All Components Are Visible\n    //\tCheck The Dialoge Title\n    manage_users_1.ManageUsers.verifyDialogTitleComponentsAreVisible();\n    //\tCheck the Dialog Cancel Icon\n    manage_users_1.ManageUsers.verifyDialogCancelIconComponentsAreVisible();\n    //\tCheck The Email Label\n    manage_users_1.ManageUsers.verifyDialogEmailLabelComponentsAreVisible();\n    //\tCheck The Email Text Field\n    manage_users_1.ManageUsers.verifyDialogEmailTextFieldComponentsAreVisible();\n    //\tCheck The Company Label\n    manage_users_1.ManageUsers.verifyDialogCompanyLabelComponentsAreVisible();\n    //\tCheck The Company Drop Down\n    manage_users_1.ManageUsers.verifyDialogCompanyDropDownComponentsAreVisible();\n    //\tCheck The Branches Label\n    manage_users_1.ManageUsers.verifyDialogBranchesLabelComponentsAreVisible();\n    //\tCheck The Branches Text Field\n    manage_users_1.ManageUsers.verifyDialogBranchesTextFieldComponentsAreVisible();\n    //\tCheck The Domain Space Label\n    manage_users_1.ManageUsers.verifyDialogDomainSpaceLabelComponentsAreVisible();\n    //\tCheck The Domain Space Text Field\n    manage_users_1.ManageUsers.verifyDialogDomainSpaceTextFieldComponentsAreVisible(txt1);\n    //\tCheck The select Licence Label\n    manage_users_1.ManageUsers.verifyDialogLicenceLabelComponentsAreVisible();\n    //\tCheck The select Licence Text Field\n    manage_users_1.ManageUsers.verifyDialogSelectLicenceTextFieldComponentsAreVisible();\n    //\tCheck the Dialog Cancel Button\n    manage_users_1.ManageUsers.verifyDialogCancelDialoButtonComponentsAreVisible();\n    //\tCheck the Dialog Save Button\n    manage_users_1.ManageUsers.verifyDialogSaveDialoButtonComponentsAreVisible();\n});",
              "err": {
                "message": "AssertionError: Timed out retrying after 25000ms: Expected to find element: `button[class=\"mange body_b14 user\"]`, but never found it.",
                "estack": "AssertionError: Timed out retrying after 25000ms: Expected to find element: `button[class=\"mange body_b14 user\"]`, but never found it.\n    at ManageUsers.clickFirstManageUsers (webpack://ERP_MicroTec_Cypress/./cypress/e2e/Bussiness_owners/My-subscriptions/Manage_users/pages/manage_users.ts:6:0)\n    at Context.eval (webpack://ERP_MicroTec_Cypress/./cypress/e2e/Bussiness_owners/My-subscriptions/Manage_users/tests/Add_new_user.cy.ts:43:0)",
                "diff": null
              },
              "uuid": "aa56416b-e98e-41d3-bc12-68c8c2b9da12",
              "parentUUID": "9d4a402d-a507-4808-b12d-af429596d558",
              "isHook": false,
              "skipped": false
            },
            {
              "title": "3.Verify That The Dialoge validates All the Required Components",
              "fullTitle": "Add new User 3.Verify That The Dialoge validates All the Required Components",
              "timedOut": null,
              "duration": 34377,
              "state": "failed",
              "speed": null,
              "pass": false,
              "fail": true,
              "pending": false,
              "context": null,
              "code": "manage_users_1.ManageUsers.clickFirstManageUsers();\nmanage_users_1.ManageUsers.clickAddNewUser();\nmanage_users_1.ManageUsers.clickSaveButton();\ncy.verifyDisplayingTheRequiredValidationMsgsCount(4);\nmanage_users_1.ManageUsers.selectAdvancedLicence();\ncy.verifyDisplayingTheRequiredValidationMsgsCount(3);\nmanage_users_1.ManageUsers.selectTheLastCompany();\ncy.verifyDisplayingTheRequiredValidationMsgsCount(2);\nmanage_users_1.ManageUsers.inputMail((0, utils_1.generateRandomEmail)());\ncy.verifyDisplayingTheRequiredValidationMsgsCount(1);\nmanage_users_1.ManageUsers.selectTheFirstAndLastBranch();\ncy.verifyNotExistanceTheRequiredValidation();\ncy.confirmEmailRegExCompatibility('[data-testid=\"email\"]', (0, utils_1.generateRandomEmail)());",
              "err": {
                "message": "AssertionError: Timed out retrying after 25000ms: Expected to find element: `button[class=\"mange body_b14 user\"]`, but never found it.",
                "estack": "AssertionError: Timed out retrying after 25000ms: Expected to find element: `button[class=\"mange body_b14 user\"]`, but never found it.\n    at ManageUsers.clickFirstManageUsers (webpack://ERP_MicroTec_Cypress/./cypress/e2e/Bussiness_owners/My-subscriptions/Manage_users/pages/manage_users.ts:6:0)\n    at Context.eval (webpack://ERP_MicroTec_Cypress/./cypress/e2e/Bussiness_owners/My-subscriptions/Manage_users/tests/Add_new_user.cy.ts:86:0)",
                "diff": null
              },
              "uuid": "1ad5521e-5a1e-42e5-b490-0cc64281ad30",
              "parentUUID": "9d4a402d-a507-4808-b12d-af429596d558",
              "isHook": false,
              "skipped": false
            },
            {
              "title": "4.Verify That the Submitted data is Displayed on the grid and displayed it in the Table",
              "fullTitle": "Add new User 4.Verify That the Submitted data is Displayed on the grid and displayed it in the Table",
              "timedOut": null,
              "duration": 34071,
              "state": "failed",
              "speed": null,
              "pass": false,
              "fail": true,
              "pending": false,
              "context": null,
              "code": "var mail = (0, utils_1.generateRandomEmail)();\nmanage_users_1.ManageUsers.clickFirstManageUsers();\ncy.wait(500);\ncy.getInitItemsCountInListView();\nmanage_users_1.ManageUsers.clickAddNewUser();\n// input All Required Dataو MAil, Company, Breanches, Licence\nmanage_users_1.ManageUsers.inputAllRegularData(mail);\nmanage_users_1.ManageUsers.clickSaveButton();\ncy.wait(2000);\ncy.reload();\ncy.wait(500);\ncy.assertnewItemAddedToListView();",
              "err": {
                "message": "AssertionError: Timed out retrying after 25000ms: Expected to find element: `button[class=\"mange body_b14 user\"]`, but never found it.",
                "estack": "AssertionError: Timed out retrying after 25000ms: Expected to find element: `button[class=\"mange body_b14 user\"]`, but never found it.\n    at ManageUsers.clickFirstManageUsers (webpack://ERP_MicroTec_Cypress/./cypress/e2e/Bussiness_owners/My-subscriptions/Manage_users/pages/manage_users.ts:6:0)\n    at Context.eval (webpack://ERP_MicroTec_Cypress/./cypress/e2e/Bussiness_owners/My-subscriptions/Manage_users/tests/Add_new_user.cy.ts:102:0)",
                "diff": null
              },
              "uuid": "892dce95-93be-4a4b-b4ae-ce40c7d3b7b0",
              "parentUUID": "9d4a402d-a507-4808-b12d-af429596d558",
              "isHook": false,
              "skipped": false
            },
            {
              "title": "5.Verify That the System does not display Branches, If there is not any Chosen Company",
              "fullTitle": "Add new User 5.Verify That the System does not display Branches, If there is not any Chosen Company",
              "timedOut": null,
              "duration": 34167,
              "state": "failed",
              "speed": null,
              "pass": false,
              "fail": true,
              "pending": false,
              "context": null,
              "code": "manage_users_1.ManageUsers.clickFirstManageUsers();\nmanage_users_1.ManageUsers.clickAddNewUser();\n// There is not any chosen company\ncy.get('p-multiselect[data-testid=\"branchIds\"]').click();\ncy.get('li[class=\"p-multiselect-empty-message ng-star-inserted\"]').should(\"be.visible\");\nmanage_users_1.ManageUsers.inputMail(\"test@test.co\");\n// There is a chosen company\nmanage_users_1.ManageUsers.selectTheLastCompany();\ncy.get('p-multiselect[data-testid=\"branchIds\"]').click();\ncy.get('div[class=\"p-checkbox-box\"]')\n    .its(\"length\")\n    .then((cout) => {\n    expect(cout).to.be.greaterThan(1);\n});",
              "err": {
                "message": "AssertionError: Timed out retrying after 25000ms: Expected to find element: `button[class=\"mange body_b14 user\"]`, but never found it.",
                "estack": "AssertionError: Timed out retrying after 25000ms: Expected to find element: `button[class=\"mange body_b14 user\"]`, but never found it.\n    at ManageUsers.clickFirstManageUsers (webpack://ERP_MicroTec_Cypress/./cypress/e2e/Bussiness_owners/My-subscriptions/Manage_users/pages/manage_users.ts:6:0)\n    at Context.eval (webpack://ERP_MicroTec_Cypress/./cypress/e2e/Bussiness_owners/My-subscriptions/Manage_users/tests/Add_new_user.cy.ts:115:0)",
                "diff": null
              },
              "uuid": "b8daf445-b8ac-45e4-83ba-f000b8545498",
              "parentUUID": "9d4a402d-a507-4808-b12d-af429596d558",
              "isHook": false,
              "skipped": false
            },
            {
              "title": "6.Verify That the Dialog prevents dublicated Email",
              "fullTitle": "Add new User 6.Verify That the Dialog prevents dublicated Email",
              "timedOut": null,
              "duration": 34103,
              "state": "failed",
              "speed": null,
              "pass": false,
              "fail": true,
              "pending": false,
              "context": null,
              "code": "var mail = (0, utils_1.generateRandomEmail)();\nmanage_users_1.ManageUsers.clickFirstManageUsers();\nmanage_users_1.ManageUsers.clickAddNewUser();\n// input All Required Dataو MAil, Company, Breanches, Licence\nmanage_users_1.ManageUsers.inputAllRegularData(mail);\nmanage_users_1.ManageUsers.clickSaveButton();\ncy.wait(2000);\ncy.get('div[role=\"dialog\"]').should(\"not.exist\");\nmanage_users_1.ManageUsers.clickAddNewUser();\n// input All Required Dataو MAil, Company, Breanches, Licence\nmanage_users_1.ManageUsers.inputAllRegularData(mail);\nmanage_users_1.ManageUsers.clickSaveButton();\ncy.wait(2000);\ncy.get('div[role=\"dialog\"]').should(\"be.visible\");",
              "err": {
                "message": "AssertionError: Timed out retrying after 25000ms: Expected to find element: `button[class=\"mange body_b14 user\"]`, but never found it.",
                "estack": "AssertionError: Timed out retrying after 25000ms: Expected to find element: `button[class=\"mange body_b14 user\"]`, but never found it.\n    at ManageUsers.clickFirstManageUsers (webpack://ERP_MicroTec_Cypress/./cypress/e2e/Bussiness_owners/My-subscriptions/Manage_users/pages/manage_users.ts:6:0)\n    at Context.eval (webpack://ERP_MicroTec_Cypress/./cypress/e2e/Bussiness_owners/My-subscriptions/Manage_users/tests/Add_new_user.cy.ts:132:0)",
                "diff": null
              },
              "uuid": "3adbd761-7df5-4758-bfd3-4403d500a25e",
              "parentUUID": "9d4a402d-a507-4808-b12d-af429596d558",
              "isHook": false,
              "skipped": false
            },
            {
              "title": "7.Verify That the System does display a Licence type with its available count",
              "fullTitle": "Add new User 7.Verify That the System does display a Licence type with its available count",
              "timedOut": null,
              "duration": 0,
              "state": "pending",
              "speed": null,
              "pass": false,
              "fail": false,
              "pending": true,
              "context": null,
              "code": "var mail = (0, utils_1.generateRandomEmail)();\nvar licence = \"Advanced\";\nmanage_users_1.ManageUsers.clickFirstManageUsers();\nmanage_users_1.ManageUsers.clickAddNewUser();\nmanage_users_1.ManageUsers.selectTheLastCompany();\nmanage_users_1.ManageUsers.inputMail(mail);\nmanage_users_1.ManageUsers.selectTheFirstAndLastBranch();\nmanage_users_1.ManageUsers.inputMail(mail);\nmanage_users_1.ManageUsers.selectAdvancedLicence();\nmanage_users_1.ManageUsers.clickSaveButton();\ncy.reload();\ncy.wait(500);\ncy.increaseScreenItemsMaxCount(100);\ncy.verifyFirstCellInTable(1, mail);\ncy.verifyFirstCellInTable(3, licence);",
              "err": {},
              "uuid": "c6359095-04d4-49df-96f5-ed47a108db98",
              "parentUUID": "9d4a402d-a507-4808-b12d-af429596d558",
              "isHook": false,
              "skipped": false
            }
          ],
          "suites": [],
          "passes": [],
          "failures": [
            "c0060afc-71e7-4d3b-86a5-1c04fcff86a7",
            "aa56416b-e98e-41d3-bc12-68c8c2b9da12",
            "1ad5521e-5a1e-42e5-b490-0cc64281ad30",
            "892dce95-93be-4a4b-b4ae-ce40c7d3b7b0",
            "b8daf445-b8ac-45e4-83ba-f000b8545498",
            "3adbd761-7df5-4758-bfd3-4403d500a25e"
          ],
          "pending": [
            "c6359095-04d4-49df-96f5-ed47a108db98"
          ],
          "skipped": [],
          "duration": 205350,
          "root": false,
          "rootEmpty": false,
          "_timeout": 2000
        }
      ],
      "passes": [],
      "failures": [],
      "pending": [],
      "skipped": [],
      "duration": 0,
      "root": true,
      "rootEmpty": true,
      "_timeout": 2000
    }
  ],
  "meta": {
    "mocha": {
      "version": "7.0.1"
    },
    "mochawesome": {
      "options": {
        "quiet": false,
        "reportFilename": "mochawesome",
        "saveHtml": false,
        "saveJson": true,
        "consoleReporter": "spec",
        "useInlineDiffs": false,
        "code": true
      },
      "version": "7.1.3"
    },
    "marge": {
      "options": {
        "reportDir": "cypress/reports",
        "overwrite": false,
        "html": false,
        "json": true
      },
      "version": "6.2.0"
    }
  }
}