{
  "stats": {
    "suites": 1,
    "tests": 2,
    "passes": 0,
    "pending": 0,
    "failures": 2,
    "start": "2024-11-13T11:25:20.640Z",
    "end": "2024-11-13T11:28:04.028Z",
    "duration": 163388,
    "testsRegistered": 2,
    "passPercent": 0,
    "pendingPercent": 0,
    "other": 0,
    "hasOther": false,
    "skipped": 0,
    "hasSkipped": false
  },
  "results": [
    {
      "uuid": "86cafd75-876e-4533-893e-2e6c6cd95796",
      "title": "",
      "fullFile": "cypress/e2e/Authentication/Registeration/tests/Verify_happy_scenario.cy.ts",
      "file": "cypress/e2e/Authentication/Registeration/tests/Verify_happy_scenario.cy.ts",
      "beforeHooks": [],
      "afterHooks": [],
      "tests": [],
      "suites": [
        {
          "uuid": "3ef018f8-c112-4a97-a486-88fcb9402886",
          "title": "Verify Happy Scenario Registeration",
          "fullFile": "",
          "file": "",
          "beforeHooks": [],
          "afterHooks": [],
          "tests": [
            {
              "title": "VerifyHappyScenarioRegisterationTestAr",
              "fullTitle": "Verify Happy Scenario Registeration VerifyHappyScenarioRegisterationTestAr",
              "timedOut": null,
              "duration": 33327,
              "state": "failed",
              "speed": null,
              "pass": false,
              "fail": true,
              "pending": false,
              "context": null,
              "code": "registerPage_1.RegisterationPage.implemntNormalRegSteps(\"010\" + auth_data_1.AuthData.authPhone);\nregisterPage_1.RegisterationPage.validateRegisteration(\"تم ارسال ايميل التاكيد\", \"برجاء مراجعة بريدك الالكترونى\", auth_data_1.AuthData.authMail);",
              "err": {
                "message": "AssertionError: Timed out retrying after 25000ms: Expected to find content: 'تم ارسال ايميل التاكيد' within the element: <h4> but never did.",
                "estack": "AssertionError: Timed out retrying after 25000ms: Expected to find content: 'تم ارسال ايميل التاكيد' within the element: <h4> but never did.\n    at RegisterationPage.validateRegisteration (webpack://ERP_MicroTec_Cypress/./cypress/e2e/Authentication/Registeration/pages/registerPage.ts:158:0)\n    at Context.eval (webpack://ERP_MicroTec_Cypress/./cypress/e2e/Authentication/Registeration/tests/Verify_happy_scenario.cy.ts:11:0)",
                "diff": null
              },
              "uuid": "3162ac48-10bb-49e6-b6ae-acb723a7b2a7",
              "parentUUID": "3ef018f8-c112-4a97-a486-88fcb9402886",
              "isHook": false,
              "skipped": false
            },
            {
              "title": "VerifyHappyScenarioRegisterationTestEN",
              "fullTitle": "Verify Happy Scenario Registeration VerifyHappyScenarioRegisterationTestEN",
              "timedOut": null,
              "duration": 34805,
              "state": "failed",
              "speed": null,
              "pass": false,
              "fail": true,
              "pending": false,
              "context": null,
              "code": "registerPage_1.RegisterationPage.clickLangButton();\nregisterPage_1.RegisterationPage.implemntNormalRegSteps(\"011\" + auth_data_1.AuthData.authPhone);\nregisterPage_1.RegisterationPage.validateRegisteration(/Verification Email Sent/i, /Check Your Email/i, auth_data_1.AuthData.authMail);",
              "err": {
                "message": "AssertionError: Timed out retrying after 25000ms: Expected to find content: '/Verification Email Sent/i' within the element: <h4> but never did.",
                "estack": "AssertionError: Timed out retrying after 25000ms: Expected to find content: '/Verification Email Sent/i' within the element: <h4> but never did.\n    at RegisterationPage.validateRegisteration (webpack://ERP_MicroTec_Cypress/./cypress/e2e/Authentication/Registeration/pages/registerPage.ts:158:0)\n    at Context.eval (webpack://ERP_MicroTec_Cypress/./cypress/e2e/Authentication/Registeration/tests/Verify_happy_scenario.cy.ts:16:0)",
                "diff": null
              },
              "uuid": "fcc01203-8428-44e1-9671-da1ff8dcae23",
              "parentUUID": "3ef018f8-c112-4a97-a486-88fcb9402886",
              "isHook": false,
              "skipped": false
            }
          ],
          "suites": [],
          "passes": [],
          "failures": [
            "3162ac48-10bb-49e6-b6ae-acb723a7b2a7",
            "fcc01203-8428-44e1-9671-da1ff8dcae23"
          ],
          "pending": [],
          "skipped": [],
          "duration": 68132,
          "root": false,
          "rootEmpty": false,
          "_timeout": 2000
        }
      ],
      "passes": [],
      "failures": [],
      "pending": [],
      "skipped": [],
      "duration": 0,
      "root": true,
      "rootEmpty": true,
      "_timeout": 2000
    }
  ],
  "meta": {
    "mocha": {
      "version": "7.0.1"
    },
    "mochawesome": {
      "options": {
        "quiet": false,
        "reportFilename": "mochawesome",
        "saveHtml": false,
        "saveJson": true,
        "consoleReporter": "spec",
        "useInlineDiffs": false,
        "code": true
      },
      "version": "7.1.3"
    },
    "marge": {
      "options": {
        "reportDir": "cypress/reports",
        "overwrite": false,
        "html": false,
        "json": true
      },
      "version": "6.2.0"
    }
  }
}