{
  "stats": {
    "suites": 1,
    "tests": 2,
    "passes": 2,
    "pending": 0,
    "failures": 0,
    "start": "2024-11-13T11:31:04.526Z",
    "end": "2024-11-13T11:31:18.433Z",
    "duration": 13907,
    "testsRegistered": 2,
    "passPercent": 100,
    "pendingPercent": 0,
    "other": 0,
    "hasOther": false,
    "skipped": 0,
    "hasSkipped": false
  },
  "results": [
    {
      "uuid": "333bc734-989b-4206-a784-58c85a9d3c13",
      "title": "",
      "fullFile": "cypress/e2e/Authentication/Login/tests/Verify_alll_components_displaying.cy.ts",
      "file": "cypress/e2e/Authentication/Login/tests/Verify_alll_components_displaying.cy.ts",
      "beforeHooks": [],
      "afterHooks": [],
      "tests": [],
      "suites": [
        {
          "uuid": "c310fbfd-74e8-4221-8786-726ce0261c44",
          "title": "Verify that all the components exist on the Login page",
          "fullFile": "",
          "file": "",
          "beforeHooks": [],
          "afterHooks": [],
          "tests": [
            {
              "title": "En",
              "fullTitle": "Verify that all the components exist on the Login page En",
              "timedOut": null,
              "duration": 6181,
              "state": "passed",
              "speed": "medium",
              "pass": true,
              "fail": false,
              "pending": false,
              "context": null,
              "code": "loginPage_1.LoginPage.visit();\nloginPage_1.LoginPage.getPageHeader(\"Login\");\nloginPage_1.LoginPage.getPageSecHeader();\nloginPage_1.LoginPage.checkUserNameLabel(\"Email Or Phone*\");\nloginPage_1.LoginPage.inputEmail(auth_data_1.AuthData.loginMail);\nloginPage_1.LoginPage.checkPasswordLabel(\"Password\");\nloginPage_1.LoginPage.inputPassword(auth_data_1.AuthData.pass);\nloginPage_1.LoginPage.checkUserForgetPasswordLink();\nloginPage_1.LoginPage.checkDoNotHaveAccountLink(\"Don't have an account?\");\nloginPage_1.LoginPage.checkLangButton();\nloginPage_1.LoginPage.checkLoginButton(\"Login\");",
              "err": {},
              "uuid": "31d6fba8-7d1c-4be5-89f4-c49c5c912c5c",
              "parentUUID": "c310fbfd-74e8-4221-8786-726ce0261c44",
              "isHook": false,
              "skipped": false
            },
            {
              "title": "Ar",
              "fullTitle": "Verify that all the components exist on the Login page Ar",
              "timedOut": null,
              "duration": 7455,
              "state": "passed",
              "speed": "medium",
              "pass": true,
              "fail": false,
              "pending": false,
              "context": null,
              "code": "loginPage_1.LoginPage.visit();\nloginPage_1.LoginPage.clickLangButton();\ncy.wait(1500);\nloginPage_1.LoginPage.getPageHeader(\"تسجيل الدخول\");\nloginPage_1.LoginPage.getPageSecHeader();\nloginPage_1.LoginPage.checkUserNameLabel(\"البريد الالكتروني او رقم الهاتف*\");\nloginPage_1.LoginPage.inputEmail(auth_data_1.AuthData.loginMail);\nloginPage_1.LoginPage.checkPasswordLabel(\"كلمة المرور\");\nloginPage_1.LoginPage.inputPassword(auth_data_1.AuthData.pass);\nloginPage_1.LoginPage.checkUserForgetPasswordLink();\nloginPage_1.LoginPage.checkDoNotHaveAccountLink(\"ليس لديك حساب؟\");\nloginPage_1.LoginPage.checkLoginButton(\"تسجيل الدخول\");",
              "err": {},
              "uuid": "10e132f9-e910-487e-866f-9090eec41956",
              "parentUUID": "c310fbfd-74e8-4221-8786-726ce0261c44",
              "isHook": false,
              "skipped": false
            }
          ],
          "suites": [],
          "passes": [
            "31d6fba8-7d1c-4be5-89f4-c49c5c912c5c",
            "10e132f9-e910-487e-866f-9090eec41956"
          ],
          "failures": [],
          "pending": [],
          "skipped": [],
          "duration": 13636,
          "root": false,
          "rootEmpty": false,
          "_timeout": 2000
        }
      ],
      "passes": [],
      "failures": [],
      "pending": [],
      "skipped": [],
      "duration": 0,
      "root": true,
      "rootEmpty": true,
      "_timeout": 2000
    }
  ],
  "meta": {
    "mocha": {
      "version": "7.0.1"
    },
    "mochawesome": {
      "options": {
        "quiet": false,
        "reportFilename": "mochawesome",
        "saveHtml": false,
        "saveJson": true,
        "consoleReporter": "spec",
        "useInlineDiffs": false,
        "code": true
      },
      "version": "7.1.3"
    },
    "marge": {
      "options": {
        "reportDir": "cypress/reports",
        "overwrite": false,
        "html": false,
        "json": true
      },
      "version": "6.2.0"
    }
  }
}