{
  "stats": {
    "suites": 1,
    "tests": 9,
    "passes": 0,
    "pending": 0,
    "failures": 9,
    "start": "2024-11-06T11:40:16.514Z",
    "end": "2024-11-06T11:50:59.563Z",
    "duration": 643049,
    "testsRegistered": 9,
    "passPercent": 0,
    "pendingPercent": 0,
    "other": 0,
    "hasOther": false,
    "skipped": 0,
    "hasSkipped": false
  },
  "results": [
    {
      "uuid": "e151da1b-c0d8-4a91-937e-8c3a9092c8c4",
      "title": "",
      "fullFile": "cypress/e2e/Bussiness_owners/My-subscriptions/Manage_companies/tests/EditCompanyScreen.cy.ts",
      "file": "cypress/e2e/Bussiness_owners/My-subscriptions/Manage_companies/tests/EditCompanyScreen.cy.ts",
      "beforeHooks": [],
      "afterHooks": [],
      "tests": [],
      "suites": [
        {
          "uuid": "b5638a74-7025-451f-84a5-6c5438531547",
          "title": "Edit Company Screen",
          "fullFile": "",
          "file": "",
          "beforeHooks": [],
          "afterHooks": [],
          "tests": [
            {
              "title": "1. Verify That The User Can Navigate Between All Tabs",
              "fullTitle": "Edit Company Screen 1. Verify That The User Can Navigate Between All Tabs",
              "timedOut": null,
              "duration": 38204,
              "state": "failed",
              "speed": null,
              "pass": false,
              "fail": true,
              "pending": false,
              "context": null,
              "code": "cy.wait(1000);\neditCompanyScreenAct_1.EditCompanyScreen.clickFirstCompanyToEdit();\neditCompanyScreenAct_1.EditCompanyScreen.clickContactTab();\neditCompanyScreenAct_1.EditCompanyScreen.clickLegalTab();\neditCompanyScreenAct_1.EditCompanyScreen.clickHierarchyTab();\neditCompanyScreenAct_1.EditCompanyScreen.clickBranchesTab();\neditCompanyScreenAct_1.EditCompanyScreen.clickAddressTab();",
              "err": {
                "message": "AssertionError: Timed out retrying after 25000ms: Expected to find element: `p-button[icon=\"pi pi-pencil\"]`, but never found it.",
                "estack": "AssertionError: Timed out retrying after 25000ms: Expected to find element: `p-button[icon=\"pi pi-pencil\"]`, but never found it.\n    at EditCompanyScreen.clickFirstCompanyToEdit (webpack://ERP_MicroTec_Cypress/./cypress/e2e/Bussiness_owners/My-subscriptions/Manage_companies/pages/editCompanyScreenAct.ts:25:0)\n    at Context.eval (webpack://ERP_MicroTec_Cypress/./cypress/e2e/Bussiness_owners/My-subscriptions/Manage_companies/tests/EditCompanyScreen.cy.ts:16:0)",
                "diff": null
              },
              "uuid": "79098dcd-c7ef-4792-8911-f8792180cca5",
              "parentUUID": "b5638a74-7025-451f-84a5-6c5438531547",
              "isHook": false,
              "skipped": false
            },
            {
              "title": "2. Verify  Editting Address Tab",
              "fullTitle": "Edit Company Screen 2. Verify  Editting Address Tab",
              "timedOut": null,
              "duration": 35663,
              "state": "failed",
              "speed": null,
              "pass": false,
              "fail": true,
              "pending": false,
              "context": null,
              "code": "cy.wait(1000);\n// Click Edit Button\neditCompanyScreenAct_1.EditCompanyScreen.clickFirstCompanyToEdit();\ncy.wait(1000);\neditCompanyScreenAct_1.EditCompanyScreen.clickEditCompanyButton();\n// Choose Country\neditCompanyScreenAct_1.EditCompanyScreen.selectCountry();\n// Input Latitude\neditCompanyScreenAct_1.EditCompanyScreen.inputLatitude(company_data_1.CompanyData.cLatitude);\n// Input Langitude\neditCompanyScreenAct_1.EditCompanyScreen.inputLangitude(company_data_1.CompanyData.cLongitude);\n// Input City\neditCompanyScreenAct_1.EditCompanyScreen.inputCity(company_data_1.CompanyData.cCity);\n// Input Region\neditCompanyScreenAct_1.EditCompanyScreen.inputRegion(company_data_1.CompanyData.cRegion);\n// Input Address\neditCompanyScreenAct_1.EditCompanyScreen.inputAddress(company_data_1.CompanyData.address);\n// Add Currency\ncy.getLastItemInDropDownList(\"currencyId\");\n// Submit\neditCompanyScreenAct_1.EditCompanyScreen.clickSaveEditCompanyButton();\n// Check and close the Success POp up\neditCompanyScreenAct_1.EditCompanyScreen.EdittingIsFinished();",
              "err": {
                "message": "AssertionError: Timed out retrying after 25000ms: Expected to find element: `p-button[icon=\"pi pi-pencil\"]`, but never found it.",
                "estack": "AssertionError: Timed out retrying after 25000ms: Expected to find element: `p-button[icon=\"pi pi-pencil\"]`, but never found it.\n    at EditCompanyScreen.clickFirstCompanyToEdit (webpack://ERP_MicroTec_Cypress/./cypress/e2e/Bussiness_owners/My-subscriptions/Manage_companies/pages/editCompanyScreenAct.ts:25:0)\n    at Context.eval (webpack://ERP_MicroTec_Cypress/./cypress/e2e/Bussiness_owners/My-subscriptions/Manage_companies/tests/EditCompanyScreen.cy.ts:26:0)",
                "diff": null
              },
              "uuid": "595f4bb4-9e31-455a-add2-5cb46710ef0e",
              "parentUUID": "b5638a74-7025-451f-84a5-6c5438531547",
              "isHook": false,
              "skipped": false
            },
            {
              "title": "3. Verify Editting Adress Tab is Successfully Saved",
              "fullTitle": "Edit Company Screen 3. Verify Editting Adress Tab is Successfully Saved",
              "timedOut": null,
              "duration": 34776,
              "state": "failed",
              "speed": null,
              "pass": false,
              "fail": true,
              "pending": false,
              "context": null,
              "code": "editCompanyScreenAct_1.EditCompanyScreen.clickFirstCompanyToEdit();\ncy.wait(1500);\neditCompanyScreenAct_1.EditCompanyScreen.clickEditCompanyButton();\neditCompanyScreenVerify_1.EditCompanyScreenVerify.verifyCity(company_data_1.CompanyData.cCity);\n// Input Region\neditCompanyScreenVerify_1.EditCompanyScreenVerify.verifyRegion(company_data_1.CompanyData.cRegion);\n// Input Address\neditCompanyScreenVerify_1.EditCompanyScreenVerify.verifyAddress(company_data_1.CompanyData.address);\n// Input Latitude\neditCompanyScreenVerify_1.EditCompanyScreenVerify.verifyLatitude(company_data_1.CompanyData.cLatitude);\n// Input Langitude\neditCompanyScreenVerify_1.EditCompanyScreenVerify.verifyLangitude(company_data_1.CompanyData.cLongitude);",
              "err": {
                "message": "AssertionError: Timed out retrying after 25000ms: Expected to find element: `p-button[icon=\"pi pi-pencil\"]`, but never found it.",
                "estack": "AssertionError: Timed out retrying after 25000ms: Expected to find element: `p-button[icon=\"pi pi-pencil\"]`, but never found it.\n    at EditCompanyScreen.clickFirstCompanyToEdit (webpack://ERP_MicroTec_Cypress/./cypress/e2e/Bussiness_owners/My-subscriptions/Manage_companies/pages/editCompanyScreenAct.ts:25:0)\n    at Context.eval (webpack://ERP_MicroTec_Cypress/./cypress/e2e/Bussiness_owners/My-subscriptions/Manage_companies/tests/EditCompanyScreen.cy.ts:49:0)",
                "diff": null
              },
              "uuid": "6872171d-6f03-4f22-b317-35ae26ff6d33",
              "parentUUID": "b5638a74-7025-451f-84a5-6c5438531547",
              "isHook": false,
              "skipped": false
            },
            {
              "title": "4. Verify  Editting Contact Tab",
              "fullTitle": "Edit Company Screen 4. Verify  Editting Contact Tab",
              "timedOut": null,
              "duration": 34356,
              "state": "failed",
              "speed": null,
              "pass": false,
              "fail": true,
              "pending": false,
              "context": null,
              "code": "editCompanyScreenAct_1.EditCompanyScreen.clickFirstCompanyToEdit();\ncy.wait(1500);\neditCompanyScreenAct_1.EditCompanyScreen.clickContactTab();\neditCompanyScreenAct_1.EditCompanyScreen.clickEditCompanyButton();\neditCompanyScreenAct_1.EditCompanyScreen.inputTelephon(company_data_1.CompanyData.cTelephone);\neditCompanyScreenAct_1.EditCompanyScreen.inputCompnayName(company_data_1.CompanyData.companyName);\neditCompanyScreenAct_1.EditCompanyScreen.inputCompnayEmail(company_data_1.CompanyData.cMail);\neditCompanyScreenAct_1.EditCompanyScreen.inputCompanyAddress(company_data_1.CompanyData.cAddress);\neditCompanyScreenAct_1.EditCompanyScreen.inputContactPersonal(company_data_1.CompanyData.cPerson);\neditCompanyScreenAct_1.EditCompanyScreen.inputContactPersonalEmail(company_data_1.CompanyData.cPersonMail);\neditCompanyScreenAct_1.EditCompanyScreen.selectCompanyPhoneNumberCode();\neditCompanyScreenAct_1.EditCompanyScreen.selectContactNumberCode();\neditCompanyScreenAct_1.EditCompanyScreen.inputTelephon(company_data_1.CompanyData.cTelephone);\neditCompanyScreenAct_1.EditCompanyScreen.inputContactPersonalPosition(company_data_1.CompanyData.cContactPersonPosition);\neditCompanyScreenAct_1.EditCompanyScreen.clickSaveEditCompanyButton();\ncy.wait(1000);\neditCompanyScreenAct_1.EditCompanyScreen.EdittingIsFinished();",
              "err": {
                "message": "AssertionError: Timed out retrying after 25000ms: Expected to find element: `p-button[icon=\"pi pi-pencil\"]`, but never found it.",
                "estack": "AssertionError: Timed out retrying after 25000ms: Expected to find element: `p-button[icon=\"pi pi-pencil\"]`, but never found it.\n    at EditCompanyScreen.clickFirstCompanyToEdit (webpack://ERP_MicroTec_Cypress/./cypress/e2e/Bussiness_owners/My-subscriptions/Manage_companies/pages/editCompanyScreenAct.ts:25:0)\n    at Context.eval (webpack://ERP_MicroTec_Cypress/./cypress/e2e/Bussiness_owners/My-subscriptions/Manage_companies/tests/EditCompanyScreen.cy.ts:63:0)",
                "diff": null
              },
              "uuid": "0a7e8f60-054b-414e-afca-fb9ffd6fe8df",
              "parentUUID": "b5638a74-7025-451f-84a5-6c5438531547",
              "isHook": false,
              "skipped": false
            },
            {
              "title": "5. Verify Editting Contact Tab is Successfully Saved",
              "fullTitle": "Edit Company Screen 5. Verify Editting Contact Tab is Successfully Saved",
              "timedOut": null,
              "duration": 35516,
              "state": "failed",
              "speed": null,
              "pass": false,
              "fail": true,
              "pending": false,
              "context": null,
              "code": "cy.wait(1500);\neditCompanyScreenAct_1.EditCompanyScreen.clickFirstCompanyToEdit();\ncy.wait(1500);\neditCompanyScreenAct_1.EditCompanyScreen.clickContactTab();\neditCompanyScreenAct_1.EditCompanyScreen.clickEditCompanyButton();\ncy.wait(1500);\neditCompanyScreenVerify_1.EditCompanyScreenVerify.verifyTelephon(company_data_1.CompanyData.cTelephone);\neditCompanyScreenVerify_1.EditCompanyScreenVerify.verifyTelephon(company_data_1.CompanyData.cTelephone);\neditCompanyScreenVerify_1.EditCompanyScreenVerify.verifyCompnayEmail(company_data_1.CompanyData.cMail);\neditCompanyScreenVerify_1.EditCompanyScreenVerify.verifyCompanyAddress(company_data_1.CompanyData.cAddress);\neditCompanyScreenVerify_1.EditCompanyScreenVerify.verifyContactPersonal(company_data_1.CompanyData.cPerson);\neditCompanyScreenVerify_1.EditCompanyScreenVerify.verifyContactPersonalEmail(company_data_1.CompanyData.cPersonMail);\neditCompanyScreenVerify_1.EditCompanyScreenVerify.verifyCountryNumberCode();\neditCompanyScreenVerify_1.EditCompanyScreenVerify.verifyContactPersonalPosition(company_data_1.CompanyData.cContactPersonPosition);",
              "err": {
                "message": "AssertionError: Timed out retrying after 25000ms: Expected to find element: `p-button[icon=\"pi pi-pencil\"]`, but never found it.",
                "estack": "AssertionError: Timed out retrying after 25000ms: Expected to find element: `p-button[icon=\"pi pi-pencil\"]`, but never found it.\n    at EditCompanyScreen.clickFirstCompanyToEdit (webpack://ERP_MicroTec_Cypress/./cypress/e2e/Bussiness_owners/My-subscriptions/Manage_companies/pages/editCompanyScreenAct.ts:25:0)\n    at Context.eval (webpack://ERP_MicroTec_Cypress/./cypress/e2e/Bussiness_owners/My-subscriptions/Manage_companies/tests/EditCompanyScreen.cy.ts:83:0)",
                "diff": null
              },
              "uuid": "6b0a4c3e-0d33-41f7-848c-6a7094423043",
              "parentUUID": "b5638a74-7025-451f-84a5-6c5438531547",
              "isHook": false,
              "skipped": false
            },
            {
              "title": "6. Verify  Editting Legal Tab",
              "fullTitle": "Edit Company Screen 6. Verify  Editting Legal Tab",
              "timedOut": null,
              "duration": 34495,
              "state": "failed",
              "speed": null,
              "pass": false,
              "fail": true,
              "pending": false,
              "context": null,
              "code": "editCompanyScreenAct_1.EditCompanyScreen.clickFirstCompanyToEdit();\ncy.wait(1500);\neditCompanyScreenAct_1.EditCompanyScreen.clickLegalTab();\neditCompanyScreenAct_1.EditCompanyScreen.clickEditCompanyButton();\neditCompanyScreenAct_1.EditCompanyScreen.inputCompanyNameE(company_data_1.CompanyData.companyName);\neditCompanyScreenAct_1.EditCompanyScreen.inputCompanyEmail(company_data_1.CompanyData.cMail);\neditCompanyScreenAct_1.EditCompanyScreen.inputOrganizationUnit(company_data_1.CompanyData.OrganizationUnit);\neditCompanyScreenAct_1.EditCompanyScreen.inputOrganization(company_data_1.CompanyData.Organization);\neditCompanyScreenAct_1.EditCompanyScreen.inputTaxID(company_data_1.CompanyData.TaxID);\neditCompanyScreenAct_1.EditCompanyScreen.inputCommercialID(company_data_1.CompanyData.CommercialID);\neditCompanyScreenAct_1.EditCompanyScreen.inputRegisteredAddress(company_data_1.CompanyData.RegisteredAddress);\neditCompanyScreenAct_1.EditCompanyScreen.inputBusinessCategory(company_data_1.CompanyData.BusinessCategory);\neditCompanyScreenAct_1.EditCompanyScreen.inputStreetName(company_data_1.CompanyData.StreetName);\neditCompanyScreenAct_1.EditCompanyScreen.inputCitySubdivisionName(company_data_1.CompanyData.CitySubdivisionName);\neditCompanyScreenAct_1.EditCompanyScreen.inputCompanyAddCityName(company_data_1.CompanyData.CompanyAddCityName);\neditCompanyScreenAct_1.EditCompanyScreen.inputPostalZone(company_data_1.CompanyData.PostalZone);\neditCompanyScreenAct_1.EditCompanyScreen.inputCountrySubentity(company_data_1.CompanyData.CountrySubentity);\neditCompanyScreenAct_1.EditCompanyScreen.inputBuildingNumber(company_data_1.CompanyData.BuildingNumber);\neditCompanyScreenAct_1.EditCompanyScreen.inputAdditionalStreetName(company_data_1.CompanyData.AdditionalStreetName);\neditCompanyScreenAct_1.EditCompanyScreen.inputRegistrationName(company_data_1.CompanyData.RegistrationName);\neditCompanyScreenAct_1.EditCompanyScreen.clickSaveEditCompanyButton();\neditCompanyScreenAct_1.EditCompanyScreen.EdittingIsFinished();",
              "err": {
                "message": "AssertionError: Timed out retrying after 25000ms: Expected to find element: `p-button[icon=\"pi pi-pencil\"]`, but never found it.",
                "estack": "AssertionError: Timed out retrying after 25000ms: Expected to find element: `p-button[icon=\"pi pi-pencil\"]`, but never found it.\n    at EditCompanyScreen.clickFirstCompanyToEdit (webpack://ERP_MicroTec_Cypress/./cypress/e2e/Bussiness_owners/My-subscriptions/Manage_companies/pages/editCompanyScreenAct.ts:25:0)\n    at Context.eval (webpack://ERP_MicroTec_Cypress/./cypress/e2e/Bussiness_owners/My-subscriptions/Manage_companies/tests/EditCompanyScreen.cy.ts:98:0)",
                "diff": null
              },
              "uuid": "9344b1c9-6617-4a94-a9e2-6a62c354f0e0",
              "parentUUID": "b5638a74-7025-451f-84a5-6c5438531547",
              "isHook": false,
              "skipped": false
            },
            {
              "title": "7. Verify Editting Legal Tab is Successfully Saved",
              "fullTitle": "Edit Company Screen 7. Verify Editting Legal Tab is Successfully Saved",
              "timedOut": null,
              "duration": 34649,
              "state": "failed",
              "speed": null,
              "pass": false,
              "fail": true,
              "pending": false,
              "context": null,
              "code": "editCompanyScreenAct_1.EditCompanyScreen.clickFirstCompanyToEdit();\ncy.wait(1500);\neditCompanyScreenAct_1.EditCompanyScreen.clickLegalTab();\neditCompanyScreenAct_1.EditCompanyScreen.clickEditCompanyButton();\neditCompanyScreenVerify_1.EditCompanyScreenVerify.verifyCompanyNameE(company_data_1.CompanyData.companyName);\neditCompanyScreenVerify_1.EditCompanyScreenVerify.verifyCompanyEmail(company_data_1.CompanyData.cMail);\neditCompanyScreenVerify_1.EditCompanyScreenVerify.verifyOrganizationUnit(company_data_1.CompanyData.OrganizationUnit);\neditCompanyScreenVerify_1.EditCompanyScreenVerify.verifyOrganization(company_data_1.CompanyData.Organization);\neditCompanyScreenVerify_1.EditCompanyScreenVerify.verifyTaxID(company_data_1.CompanyData.TaxID);\neditCompanyScreenVerify_1.EditCompanyScreenVerify.verifyCommercialID(company_data_1.CompanyData.CommercialID);\neditCompanyScreenVerify_1.EditCompanyScreenVerify.verifyRegisteredAddress(company_data_1.CompanyData.RegisteredAddress);\neditCompanyScreenVerify_1.EditCompanyScreenVerify.verifyBusinessCategory(company_data_1.CompanyData.BusinessCategory);\neditCompanyScreenVerify_1.EditCompanyScreenVerify.verifyStreetName(company_data_1.CompanyData.StreetName);\neditCompanyScreenVerify_1.EditCompanyScreenVerify.verifyCitySubdivisionName(company_data_1.CompanyData.CitySubdivisionName);\neditCompanyScreenVerify_1.EditCompanyScreenVerify.verifyCompanyAddCityName(company_data_1.CompanyData.CompanyAddCityName);\neditCompanyScreenVerify_1.EditCompanyScreenVerify.verifyPostalZone(company_data_1.CompanyData.PostalZone);\neditCompanyScreenVerify_1.EditCompanyScreenVerify.verifyCountrySubentity(company_data_1.CompanyData.CountrySubentity);\neditCompanyScreenVerify_1.EditCompanyScreenVerify.verifyBuildingNumber(company_data_1.CompanyData.BuildingNumber);\neditCompanyScreenVerify_1.EditCompanyScreenVerify.verifyAdditionalStreetName(company_data_1.CompanyData.AdditionalStreetName);\neditCompanyScreenVerify_1.EditCompanyScreenVerify.verifyRegistrationName(company_data_1.CompanyData.RegistrationName);",
              "err": {
                "message": "AssertionError: Timed out retrying after 25000ms: Expected to find element: `p-button[icon=\"pi pi-pencil\"]`, but never found it.",
                "estack": "AssertionError: Timed out retrying after 25000ms: Expected to find element: `p-button[icon=\"pi pi-pencil\"]`, but never found it.\n    at EditCompanyScreen.clickFirstCompanyToEdit (webpack://ERP_MicroTec_Cypress/./cypress/e2e/Bussiness_owners/My-subscriptions/Manage_companies/pages/editCompanyScreenAct.ts:25:0)\n    at Context.eval (webpack://ERP_MicroTec_Cypress/./cypress/e2e/Bussiness_owners/My-subscriptions/Manage_companies/tests/EditCompanyScreen.cy.ts:122:0)",
                "diff": null
              },
              "uuid": "d6c13079-3803-40e9-99f5-e89ecdd45000",
              "parentUUID": "b5638a74-7025-451f-84a5-6c5438531547",
              "isHook": false,
              "skipped": false
            },
            {
              "title": "8. Verify  Editting Hierarchy Tab",
              "fullTitle": "Edit Company Screen 8. Verify  Editting Hierarchy Tab",
              "timedOut": null,
              "duration": 34802,
              "state": "failed",
              "speed": null,
              "pass": false,
              "fail": true,
              "pending": false,
              "context": null,
              "code": "editCompanyScreenAct_1.EditCompanyScreen.clickFirstCompanyToEdit();\neditCompanyScreenAct_1.EditCompanyScreen.clickHierarchyTab();\neditCompanyScreenAct_1.EditCompanyScreen.validateCompanyType(\"Holding\");",
              "err": {
                "message": "AssertionError: Timed out retrying after 25000ms: Expected to find element: `p-button[icon=\"pi pi-pencil\"]`, but never found it.",
                "estack": "AssertionError: Timed out retrying after 25000ms: Expected to find element: `p-button[icon=\"pi pi-pencil\"]`, but never found it.\n    at EditCompanyScreen.clickFirstCompanyToEdit (webpack://ERP_MicroTec_Cypress/./cypress/e2e/Bussiness_owners/My-subscriptions/Manage_companies/pages/editCompanyScreenAct.ts:25:0)\n    at Context.eval (webpack://ERP_MicroTec_Cypress/./cypress/e2e/Bussiness_owners/My-subscriptions/Manage_companies/tests/EditCompanyScreen.cy.ts:144:0)",
                "diff": null
              },
              "uuid": "9832a705-e30f-40b2-95aa-ae2d7ba68798",
              "parentUUID": "b5638a74-7025-451f-84a5-6c5438531547",
              "isHook": false,
              "skipped": false
            },
            {
              "title": "9. Verify  Editting Branches Tab",
              "fullTitle": "Edit Company Screen 9. Verify  Editting Branches Tab",
              "timedOut": null,
              "duration": 34750,
              "state": "failed",
              "speed": null,
              "pass": false,
              "fail": true,
              "pending": false,
              "context": null,
              "code": "editCompanyScreenAct_1.EditCompanyScreen.clickFirstCompanyToEdit();\neditCompanyScreenAct_1.EditCompanyScreen.clickBranchesTab();\neditCompanyScreenAct_1.EditCompanyScreen.validateBranchesTab();",
              "err": {
                "message": "AssertionError: Timed out retrying after 25000ms: Expected to find element: `p-button[icon=\"pi pi-pencil\"]`, but never found it.",
                "estack": "AssertionError: Timed out retrying after 25000ms: Expected to find element: `p-button[icon=\"pi pi-pencil\"]`, but never found it.\n    at EditCompanyScreen.clickFirstCompanyToEdit (webpack://ERP_MicroTec_Cypress/./cypress/e2e/Bussiness_owners/My-subscriptions/Manage_companies/pages/editCompanyScreenAct.ts:25:0)\n    at Context.eval (webpack://ERP_MicroTec_Cypress/./cypress/e2e/Bussiness_owners/My-subscriptions/Manage_companies/tests/EditCompanyScreen.cy.ts:149:0)",
                "diff": null
              },
              "uuid": "9ce01690-5569-4cd0-8560-a70085e27cd4",
              "parentUUID": "b5638a74-7025-451f-84a5-6c5438531547",
              "isHook": false,
              "skipped": false
            }
          ],
          "suites": [],
          "passes": [],
          "failures": [
            "79098dcd-c7ef-4792-8911-f8792180cca5",
            "595f4bb4-9e31-455a-add2-5cb46710ef0e",
            "6872171d-6f03-4f22-b317-35ae26ff6d33",
            "0a7e8f60-054b-414e-afca-fb9ffd6fe8df",
            "6b0a4c3e-0d33-41f7-848c-6a7094423043",
            "9344b1c9-6617-4a94-a9e2-6a62c354f0e0",
            "d6c13079-3803-40e9-99f5-e89ecdd45000",
            "9832a705-e30f-40b2-95aa-ae2d7ba68798",
            "9ce01690-5569-4cd0-8560-a70085e27cd4"
          ],
          "pending": [],
          "skipped": [],
          "duration": 317211,
          "root": false,
          "rootEmpty": false,
          "_timeout": 2000
        }
      ],
      "passes": [],
      "failures": [],
      "pending": [],
      "skipped": [],
      "duration": 0,
      "root": true,
      "rootEmpty": true,
      "_timeout": 2000
    }
  ],
  "meta": {
    "mocha": {
      "version": "7.0.1"
    },
    "mochawesome": {
      "options": {
        "quiet": false,
        "reportFilename": "mochawesome",
        "saveHtml": false,
        "saveJson": true,
        "consoleReporter": "spec",
        "useInlineDiffs": false,
        "code": true
      },
      "version": "7.1.3"
    },
    "marge": {
      "options": {
        "reportDir": "cypress/reports",
        "overwrite": false,
        "html": false,
        "json": true
      },
      "version": "6.2.0"
    }
  }
}