{
  "stats": {
    "suites": 1,
    "tests": 1,
    "passes": 0,
    "pending": 0,
    "failures": 1,
    "start": "2024-12-03T08:16:21.000Z",
    "end": "2024-12-03T08:16:24.420Z",
    "duration": 3420,
    "testsRegistered": 5,
    "passPercent": 0,
    "pendingPercent": 0,
    "other": 0,
    "hasOther": false,
    "skipped": 4,
    "hasSkipped": true
  },
  "results": [
    {
      "uuid": "97bc54e0-33ae-4cb9-a722-9da718d790c9",
      "title": "",
      "fullFile": "cypress/e2e/Bussiness_owners/Erp_Login/Accounting/Cost Center/tests/Edit_cost_center.cy.ts",
      "file": "cypress/e2e/Bussiness_owners/Erp_Login/Accounting/Cost Center/tests/Edit_cost_center.cy.ts",
      "beforeHooks": [],
      "afterHooks": [],
      "tests": [],
      "suites": [
        {
          "uuid": "3e7ee4da-b1fb-4a97-8c0b-d34af457ba16",
          "title": "Editing Cost Center",
          "fullFile": "",
          "file": "",
          "beforeHooks": [],
          "afterHooks": [],
          "tests": [
            {
              "title": "1.verify that all Components are visible in Edit Cost Center Screen pf Parent Account",
              "fullTitle": "Editing Cost Center 1.verify that all Components are visible in Edit Cost Center Screen pf Parent Account",
              "timedOut": null,
              "duration": 1608,
              "state": "failed",
              "speed": null,
              "pass": false,
              "fail": true,
              "pending": false,
              "context": null,
              "code": "cost_center_1.CostCenter.landing();\ncy.wait(5000);\ncharts_of_accounts_1.ChartOfAccounts.clickEditButtonDetailAccount();\ncost_center_1.CostCenter.verifyAddPanalLabels();\ncost_center_1.CostCenter.verifyIsDetailCheckBox();\ncost_center_1.CostCenter.verifyCostCenterCode();\ncost_center_1.CostCenter.verifyCostCenterName();\ncost_center_1.CostCenter.verifyParentCodeDropDownNotEmpty();",
              "err": {
                "message": "CypressError: `cy.visit()` failed trying to load:\n\nhttps://intmicrotec.neat-url.com:2006/bussiness-owners/\n\nWe attempted to make an http request to this URL but the request failed without a response.\n\nWe received this error at the network level:\n\n  > Error: connect ECONNREFUSED 77.31.144.166:2006\n\nCommon situations why this would fail:\n  - you don't have internet access\n  - you forgot to run / boot your web server\n  - your web server isn't accessible\n  - you have weird network configuration settings on your computer\n\nThis error occurred while creating the session. Because the session setup failed, we failed the test.\n\nBecause this error occurred during a `before each` hook we are skipping all of the remaining tests.",
                "estack": "CypressError: `cy.visit()` failed trying to load:\n\nhttps://intmicrotec.neat-url.com:2006/bussiness-owners/\n\nWe attempted to make an http request to this URL but the request failed without a response.\n\nWe received this error at the network level:\n\n  > Error: connect ECONNREFUSED 77.31.144.166:2006\n\nCommon situations why this would fail:\n  - you don't have internet access\n  - you forgot to run / boot your web server\n  - your web server isn't accessible\n  - you have weird network configuration settings on your computer\n\nThis error occurred while creating the session. Because the session setup failed, we failed the test.\n\nBecause this error occurred during a `before each` hook we are skipping all of the remaining tests.\n    at <unknown> (https://intmicrotec.neat-url.com:2006/__cypress/runner/cypress_runner.js:131477:74)\n    at visitFailedByErr (https://intmicrotec.neat-url.com:2006/__cypress/runner/cypress_runner.js:130876:12)\n    at <unknown> (https://intmicrotec.neat-url.com:2006/__cypress/runner/cypress_runner.js:131476:11)\n    at tryCatcher (https://intmicrotec.neat-url.com:2006/__cypress/runner/cypress_runner.js:1830:23)\n    at Promise._settlePromiseFromHandler (https://intmicrotec.neat-url.com:2006/__cypress/runner/cypress_runner.js:1542:31)\n    at Promise._settlePromise (https://intmicrotec.neat-url.com:2006/__cypress/runner/cypress_runner.js:1599:18)\n    at Promise._settlePromise0 (https://intmicrotec.neat-url.com:2006/__cypress/runner/cypress_runner.js:1644:10)\n    at Promise._settlePromises (https://intmicrotec.neat-url.com:2006/__cypress/runner/cypress_runner.js:1720:18)\n    at _drainQueueStep (https://intmicrotec.neat-url.com:2006/__cypress/runner/cypress_runner.js:2430:12)\n    at _drainQueue (https://intmicrotec.neat-url.com:2006/__cypress/runner/cypress_runner.js:2423:9)\n    at Async._drainQueues (https://intmicrotec.neat-url.com:2006/__cypress/runner/cypress_runner.js:2439:5)\n    at Async.drainQueues (https://intmicrotec.neat-url.com:2006/__cypress/runner/cypress_runner.js:2309:14)\nFrom Your Spec Code:\n    at Context.eval (webpack://ERP_MicroTec_Cypress/./cypress/support/commands.ts:1239:0)\n\nFrom Node.js Internals:\n  Error: connect ECONNREFUSED 77.31.144.166:2006\n      at TCPConnectWrap.afterConnect [as oncomplete] (node:net:1495:16)",
                "diff": null
              },
              "uuid": "cd74378f-421c-44c8-a4a2-89bfac4b3e67",
              "parentUUID": "3e7ee4da-b1fb-4a97-8c0b-d34af457ba16",
              "isHook": false,
              "skipped": false
            },
            {
              "title": "2.verify that all Components are visible in Edit Cost Center Screen pf Detail Account",
              "fullTitle": "Editing Cost Center 2.verify that all Components are visible in Edit Cost Center Screen pf Detail Account",
              "timedOut": null,
              "duration": 0,
              "state": "skipped",
              "speed": null,
              "pass": false,
              "fail": false,
              "pending": false,
              "context": null,
              "code": "cost_center_1.CostCenter.landing();\ncy.wait(5000);\ncharts_of_accounts_1.ChartOfAccounts.clickEditButtonDetailAccount();\ncost_center_1.CostCenter.verifyAddPanalLabels();\ncost_center_1.CostCenter.verifyIsDetailCheckBox();\ncost_center_1.CostCenter.verifyCostCenterCode();\ncost_center_1.CostCenter.verifyCostCenterName();\ncost_center_1.CostCenter.verifyParentCodeDropDownNotEmpty();\ncost_center_1.CostCenter.clickCancelButton();",
              "err": {},
              "uuid": "e01d3adf-b13f-426d-ba03-57676231bb38",
              "parentUUID": "3e7ee4da-b1fb-4a97-8c0b-d34af457ba16",
              "isHook": false,
              "skipped": true
            },
            {
              "title": "3.Validate TheCost Center Name Required Message",
              "fullTitle": "Editing Cost Center 3.Validate TheCost Center Name Required Message",
              "timedOut": null,
              "duration": 0,
              "state": "skipped",
              "speed": null,
              "pass": false,
              "fail": false,
              "pending": false,
              "context": null,
              "code": "cost_center_1.CostCenter.landing();\ncy.wait(5000);\ncharts_of_accounts_1.ChartOfAccounts.clickEditButtonDetailAccount();\ncost_center_1.CostCenter.clearCostCenterName();\ncost_center_1.CostCenter.clickSaveButton();\ncy.contains(\"span\", /required/i).should(\"be.visible\");\ncost_center_1.CostCenter.inputCostCenterName(accounting_data_1.AccountingData.detailCostCenterName);\ncy.contains(\"span\", /required/i).should(\"not.exist\");",
              "err": {},
              "uuid": "733be88d-d6ab-4aac-846c-a8aa5a537bc7",
              "parentUUID": "3e7ee4da-b1fb-4a97-8c0b-d34af457ba16",
              "isHook": false,
              "skipped": true
            },
            {
              "title": "4.Edit An Existing Cost Center For Cost Center That does not have a related parent account or Transaction",
              "fullTitle": "Editing Cost Center 4.Edit An Existing Cost Center For Cost Center That does not have a related parent account or Transaction",
              "timedOut": null,
              "duration": 0,
              "state": "skipped",
              "speed": null,
              "pass": false,
              "fail": false,
              "pending": false,
              "context": null,
              "code": "cost_center_1.CostCenter.landing();\ncy.wait(3000);\ncharts_of_accounts_1.ChartOfAccounts.SearchAnTreeAccount(accounting_data_1.AccountingData.detailCostCenterSrch);\ncy.wait(1000);\ncharts_of_accounts_1.ChartOfAccounts.clickEditButtonDetailAccount();\ncy.wait(5500);\ncy.getByTestAttribute(\"name\")\n    .invoke(\"val\")\n    .then((nameTxt) => {\n    cy.wrap(nameTxt + \"Editted\").as(\"editNameTxt\");\n    cy.logMsg(nameTxt);\n});\ncy.get(\"@editNameTxt\").then((editNameTxt) => {\n    cost_center_1.CostCenter.inputcostCenterNameInDialog((0, utils_1.getWrappedString)(editNameTxt));\n});\ncost_center_1.CostCenter.clickParentDropDown();\ncost_center_1.CostCenter.clickIsDetail();\ncost_center_1.CostCenter.clickSaveButton();\ncy.wait(2000);\ncy.reload();\ncy.get(\"@editNameTxt\").then((editNameTxt) => {\n    cost_center_1.CostCenter.inputSearchTree(accounting_data_1.AccountingData.detailCostCenterName + \"Editted\");\n    cy.contains('span[id=\"label_tree\"]', (0, utils_1.getWrappedString)(editNameTxt)).should(\"be.visible\");\n});",
              "err": {},
              "uuid": "66386046-7ceb-4124-9945-ce38d954c4bb",
              "parentUUID": "3e7ee4da-b1fb-4a97-8c0b-d34af457ba16",
              "isHook": false,
              "skipped": true
            },
            {
              "title": "5.Verify that the System Prevents Editting Cost Center That has a related parent account or Transaction",
              "fullTitle": "Editing Cost Center 5.Verify that the System Prevents Editting Cost Center That has a related parent account or Transaction",
              "timedOut": null,
              "duration": 0,
              "state": "skipped",
              "speed": null,
              "pass": false,
              "fail": false,
              "pending": false,
              "context": null,
              "code": "cost_center_1.CostCenter.landing();\ncy.wait(3000);\ncharts_of_accounts_1.ChartOfAccounts.SearchAnTreeAccount(accounting_data_1.AccountingData.detailCostCenterSrch);\ncy.wait(1000);\ncharts_of_accounts_1.ChartOfAccounts.clickEditButtonDetailAccount();\ncy.wait(5500);\ncost_center_1.CostCenter.inputcostCenterNameInDialog(accounting_data_1.AccountingData.detailCostCenterName + \"Editted\");\ncost_center_1.CostCenter.clickParentDropDown();\ncost_center_1.CostCenter.clickIsDetail();\ncost_center_1.CostCenter.clickSaveButton();\ncy.wait(2000);\ncy.contains(\".btn\", /save/i).should(\"be.visible\");\ncost_center_1.CostCenter.inputSearchTree(accounting_data_1.AccountingData.detailCostCenterName + \"Editted\");\ncy.contains('span[id=\"label_tree\"]', accounting_data_1.AccountingData.detailCostCenterName + \"Editted\").should(\"not.exist\");",
              "err": {},
              "uuid": "765f0fdf-388b-44c8-8d8e-32ae7fdf0e8e",
              "parentUUID": "3e7ee4da-b1fb-4a97-8c0b-d34af457ba16",
              "isHook": false,
              "skipped": true
            }
          ],
          "suites": [],
          "passes": [],
          "failures": [
            "cd74378f-421c-44c8-a4a2-89bfac4b3e67"
          ],
          "pending": [],
          "skipped": [
            "e01d3adf-b13f-426d-ba03-57676231bb38",
            "733be88d-d6ab-4aac-846c-a8aa5a537bc7",
            "66386046-7ceb-4124-9945-ce38d954c4bb",
            "765f0fdf-388b-44c8-8d8e-32ae7fdf0e8e"
          ],
          "duration": 1608,
          "root": false,
          "rootEmpty": false,
          "_timeout": 2000
        }
      ],
      "passes": [],
      "failures": [],
      "pending": [],
      "skipped": [],
      "duration": 0,
      "root": true,
      "rootEmpty": true,
      "_timeout": 2000
    }
  ],
  "meta": {
    "mocha": {
      "version": "7.0.1"
    },
    "mochawesome": {
      "options": {
        "quiet": false,
        "reportFilename": "mochawesome",
        "saveHtml": false,
        "saveJson": true,
        "consoleReporter": "spec",
        "useInlineDiffs": false,
        "code": true
      },
      "version": "7.1.3"
    },
    "marge": {
      "options": {
        "reportDir": "cypress/reports",
        "overwrite": false,
        "html": false,
        "json": true
      },
      "version": "6.2.0"
    }
  }
}