{
  "stats": {
    "suites": 1,
    "tests": 7,
    "passes": 0,
    "pending": 0,
    "failures": 7,
    "start": "2024-11-20T11:31:54.960Z",
    "end": "2024-11-20T11:40:03.352Z",
    "duration": 488392,
    "testsRegistered": 7,
    "passPercent": 0,
    "pendingPercent": 0,
    "other": 0,
    "hasOther": false,
    "skipped": 0,
    "hasSkipped": false
  },
  "results": [
    {
      "uuid": "9bf8bdb0-a946-49cb-a653-b703615006e4",
      "title": "",
      "fullFile": "cypress/e2e/Bussiness_owners/My-subscriptions/Add_domain_space/tests/Add_domain_space.cy.ts",
      "file": "cypress/e2e/Bussiness_owners/My-subscriptions/Add_domain_space/tests/Add_domain_space.cy.ts",
      "beforeHooks": [],
      "afterHooks": [],
      "tests": [],
      "suites": [
        {
          "uuid": "7c40b64d-2b34-4bb7-a35d-a8c7e7a6386a",
          "title": "Add Domain Space",
          "fullFile": "",
          "file": "",
          "beforeHooks": [],
          "afterHooks": [],
          "tests": [
            {
              "title": "1.Verify Adding Subdomain",
              "fullTitle": "Add Domain Space 1.Verify Adding Subdomain",
              "timedOut": null,
              "duration": 33417,
              "state": "failed",
              "speed": null,
              "pass": false,
              "fail": true,
              "pending": false,
              "context": null,
              "code": "my_subscriptions_page_1.MySubscriptionsPage.clickAddDomainSpaceBtn();\n// implement Add SubDomain and Monthly\nadd_domain_space_1.AddDomainSpace.implementAddSubDomain(sub_domain_data_1.SubDomainData.count, sub_domain_data_1.SubDomainData.subDomainName);\nadd_domain_space_1.AddDomainSpace.clickAddToCartButton();\ncy.wait(30000);\n// Verify That The Saved Data is Stored and Displayed Successfully\nadd_domain_space_1.AddDomainSpace.validateNewCardIsAddedOnTheGrid(sub_domain_data_1.SubDomainData.subDomainName, sub_domain_data_1.SubDomainData.count, sub_domain_data_1.SubDomainData.isMonthly);",
              "err": {
                "message": "AssertionError: Timed out retrying after 25000ms: Expected to find element: `div[class=\"plan_header\"] button`, but never found it.",
                "estack": "AssertionError: Timed out retrying after 25000ms: Expected to find element: `div[class=\"plan_header\"] button`, but never found it.\n    at MySubscriptionsPage.clickAddDomainSpaceBtn (webpack://ERP_MicroTec_Cypress/./cypress/e2e/Bussiness_owners/My-subscriptions/My_subscriptions_page/pages/my-subscriptions_page.ts:7:0)\n    at Context.eval (webpack://ERP_MicroTec_Cypress/./cypress/e2e/Bussiness_owners/My-subscriptions/Add_domain_space/tests/Add_domain_space.cy.ts:13:0)",
                "diff": null
              },
              "uuid": "cb3e2912-cdbd-4642-936f-0e238781dc2b",
              "parentUUID": "7c40b64d-2b34-4bb7-a35d-a8c7e7a6386a",
              "isHook": false,
              "skipped": false
            },
            {
              "title": "2.Verify That The System Correctly Calculate The Price Monthly and Yearly",
              "fullTitle": "Add Domain Space 2.Verify That The System Correctly Calculate The Price Monthly and Yearly",
              "timedOut": null,
              "duration": 35785,
              "state": "failed",
              "speed": null,
              "pass": false,
              "fail": true,
              "pending": false,
              "context": null,
              "code": "cy.clickContinueAs();\nmy_subscriptions_page_1.MySubscriptionsPage.clickAddDomainSpaceBtn();\nadd_domain_space_1.AddDomainSpace.inputeCount(sub_domain_data_1.SubDomainData.count);\nadd_domain_space_1.AddDomainSpace.validateYearlyCount(sub_domain_data_1.SubDomainData.count);\nadd_domain_space_1.AddDomainSpace.clickMonthly();\nadd_domain_space_1.AddDomainSpace.validateMonthlyCount(sub_domain_data_1.SubDomainData.count);",
              "err": {
                "message": "AssertionError: Timed out retrying after 25000ms: Expected to find element: `div[class=\"plan_header\"] button`, but never found it.",
                "estack": "AssertionError: Timed out retrying after 25000ms: Expected to find element: `div[class=\"plan_header\"] button`, but never found it.\n    at MySubscriptionsPage.clickAddDomainSpaceBtn (webpack://ERP_MicroTec_Cypress/./cypress/e2e/Bussiness_owners/My-subscriptions/My_subscriptions_page/pages/my-subscriptions_page.ts:7:0)\n    at Context.eval (webpack://ERP_MicroTec_Cypress/./cypress/e2e/Bussiness_owners/My-subscriptions/Add_domain_space/tests/Add_domain_space.cy.ts:24:0)",
                "diff": null
              },
              "uuid": "d19f40e6-0ae0-4fe9-9af5-918e180996d6",
              "parentUUID": "7c40b64d-2b34-4bb7-a35d-a8c7e7a6386a",
              "isHook": false,
              "skipped": false
            },
            {
              "title": "3.Verify That The Count Can't be Greater Than 12 or Less Than 1",
              "fullTitle": "Add Domain Space 3.Verify That The Count Can't be Greater Than 12 or Less Than 1",
              "timedOut": null,
              "duration": 37100,
              "state": "failed",
              "speed": null,
              "pass": false,
              "fail": true,
              "pending": false,
              "context": null,
              "code": "var count = 13;\nmy_subscriptions_page_1.MySubscriptionsPage.clickAddDomainSpaceBtn();\nadd_domain_space_1.AddDomainSpace.clickMonthly();\nadd_domain_space_1.AddDomainSpace.inputeCount(count);\nadd_domain_space_1.AddDomainSpace.clickDialoge();\nadd_domain_space_1.AddDomainSpace.verifyValidSubDomainCount(count);\ncount = 0;\nadd_domain_space_1.AddDomainSpace.inputeCount(count);\nadd_domain_space_1.AddDomainSpace.clickDialoge();\nadd_domain_space_1.AddDomainSpace.verifyValidSubDomainCount(count);",
              "err": {
                "message": "AssertionError: Timed out retrying after 25000ms: Expected to find element: `div.new_domain`, but never found it.",
                "estack": "AssertionError: Timed out retrying after 25000ms: Expected to find element: `div.new_domain`, but never found it.\n    at AddDomainSpace.clickDialoge (webpack://ERP_MicroTec_Cypress/./cypress/e2e/Bussiness_owners/My-subscriptions/Add_domain_space/pages/add_domain_space.ts:19:0)\n    at Context.eval (webpack://ERP_MicroTec_Cypress/./cypress/e2e/Bussiness_owners/My-subscriptions/Add_domain_space/tests/Add_domain_space.cy.ts:35:0)",
                "diff": null
              },
              "uuid": "efef1477-990c-4a99-93a7-56e6b435536d",
              "parentUUID": "7c40b64d-2b34-4bb7-a35d-a8c7e7a6386a",
              "isHook": false,
              "skipped": false
            },
            {
              "title": "4.Verify That The Count accepts Numbers",
              "fullTitle": "Add Domain Space 4.Verify That The Count accepts Numbers",
              "timedOut": null,
              "duration": 33594,
              "state": "failed",
              "speed": null,
              "pass": false,
              "fail": true,
              "pending": false,
              "context": null,
              "code": "my_subscriptions_page_1.MySubscriptionsPage.clickAddDomainSpaceBtn();\nvar count = \"A\";\nadd_domain_space_1.AddDomainSpace.validateStringCount(count);",
              "err": {
                "message": "AssertionError: Timed out retrying after 25000ms: Expected to find element: `div[class=\"plan_header\"] button`, but never found it.",
                "estack": "AssertionError: Timed out retrying after 25000ms: Expected to find element: `div[class=\"plan_header\"] button`, but never found it.\n    at MySubscriptionsPage.clickAddDomainSpaceBtn (webpack://ERP_MicroTec_Cypress/./cypress/e2e/Bussiness_owners/My-subscriptions/My_subscriptions_page/pages/my-subscriptions_page.ts:7:0)\n    at Context.eval (webpack://ERP_MicroTec_Cypress/./cypress/e2e/Bussiness_owners/My-subscriptions/Add_domain_space/tests/Add_domain_space.cy.ts:43:0)",
                "diff": null
              },
              "uuid": "3611e6db-0774-4420-9c05-5b19d9edecc7",
              "parentUUID": "7c40b64d-2b34-4bb7-a35d-a8c7e7a6386a",
              "isHook": false,
              "skipped": false
            },
            {
              "title": "5.Verify That The System Can't Accept The Existing Domain Space Name",
              "fullTitle": "Add Domain Space 5.Verify That The System Can't Accept The Existing Domain Space Name",
              "timedOut": null,
              "duration": 33624,
              "state": "failed",
              "speed": null,
              "pass": false,
              "fail": true,
              "pending": false,
              "context": null,
              "code": "my_subscriptions_page_1.MySubscriptionsPage.clickAddDomainSpaceBtn();\nadd_domain_space_1.AddDomainSpace.inputeCount(3);\nadd_domain_space_1.AddDomainSpace.inputeYourDomainSpace(sub_domain_data_1.SubDomainData.subDomainName);\nadd_domain_space_1.AddDomainSpace.validateDublicatedDomainSpace();",
              "err": {
                "message": "AssertionError: Timed out retrying after 25000ms: Expected to find element: `div[class=\"plan_header\"] button`, but never found it.",
                "estack": "AssertionError: Timed out retrying after 25000ms: Expected to find element: `div[class=\"plan_header\"] button`, but never found it.\n    at MySubscriptionsPage.clickAddDomainSpaceBtn (webpack://ERP_MicroTec_Cypress/./cypress/e2e/Bussiness_owners/My-subscriptions/My_subscriptions_page/pages/my-subscriptions_page.ts:7:0)\n    at Context.eval (webpack://ERP_MicroTec_Cypress/./cypress/e2e/Bussiness_owners/My-subscriptions/Add_domain_space/tests/Add_domain_space.cy.ts:48:0)",
                "diff": null
              },
              "uuid": "86cd8a58-451c-4ea2-aff2-7025f574a2ea",
              "parentUUID": "7c40b64d-2b34-4bb7-a35d-a8c7e7a6386a",
              "isHook": false,
              "skipped": false
            },
            {
              "title": "6.Verify That form validate all the required components before submitting",
              "fullTitle": "Add Domain Space 6.Verify That form validate all the required components before submitting",
              "timedOut": null,
              "duration": 33669,
              "state": "failed",
              "speed": null,
              "pass": false,
              "fail": true,
              "pending": false,
              "context": null,
              "code": "my_subscriptions_page_1.MySubscriptionsPage.clickAddDomainSpaceBtn();\nadd_domain_space_1.AddDomainSpace.clearCount();\nadd_domain_space_1.AddDomainSpace.inputeYourDomainSpace(sub_domain_data_1.SubDomainData.subDomainName);\nadd_domain_space_1.AddDomainSpace.validateRequiredComponents(1);\nadd_domain_space_1.AddDomainSpace.inputeCount(7);\nadd_domain_space_1.AddDomainSpace.inputeYourDomainSpace(sub_domain_data_1.SubDomainData.subDomainName);\nadd_domain_space_1.AddDomainSpace.validateRequiredComponentsMsgRemoval();",
              "err": {
                "message": "AssertionError: Timed out retrying after 25000ms: Expected to find element: `div[class=\"plan_header\"] button`, but never found it.",
                "estack": "AssertionError: Timed out retrying after 25000ms: Expected to find element: `div[class=\"plan_header\"] button`, but never found it.\n    at MySubscriptionsPage.clickAddDomainSpaceBtn (webpack://ERP_MicroTec_Cypress/./cypress/e2e/Bussiness_owners/My-subscriptions/My_subscriptions_page/pages/my-subscriptions_page.ts:7:0)\n    at Context.eval (webpack://ERP_MicroTec_Cypress/./cypress/e2e/Bussiness_owners/My-subscriptions/Add_domain_space/tests/Add_domain_space.cy.ts:54:0)",
                "diff": null
              },
              "uuid": "52e0d15d-c639-48cd-8262-37fe0632979b",
              "parentUUID": "7c40b64d-2b34-4bb7-a35d-a8c7e7a6386a",
              "isHook": false,
              "skipped": false
            },
            {
              "title": "7.Verify Adding Subdomain has Special Characters, Prevent Submission",
              "fullTitle": "Add Domain Space 7.Verify Adding Subdomain has Special Characters, Prevent Submission",
              "timedOut": null,
              "duration": 33348,
              "state": "failed",
              "speed": null,
              "pass": false,
              "fail": true,
              "pending": false,
              "context": null,
              "code": "const subDomainNameSpecial = \"****/***lowerdomain\" + sub_domain_data_1.SubDomainData.subDomainName;\nmy_subscriptions_page_1.MySubscriptionsPage.clickAddDomainSpaceBtn();\nadd_domain_space_1.AddDomainSpace.implementAddSubDomain(sub_domain_data_1.SubDomainData.count, subDomainNameSpecial);\nadd_domain_space_1.AddDomainSpace.clickAddToCartButton();\ncy.wait(300);\nadd_domain_space_1.AddDomainSpace.verifyDialogPresistance();\n// Verify That  Special Charachters Not Allowed Displayed Successfully\nadd_domain_space_1.AddDomainSpace.validationSpecialCharacters();",
              "err": {
                "message": "AssertionError: Timed out retrying after 25000ms: Expected to find element: `div[class=\"plan_header\"] button`, but never found it.",
                "estack": "AssertionError: Timed out retrying after 25000ms: Expected to find element: `div[class=\"plan_header\"] button`, but never found it.\n    at MySubscriptionsPage.clickAddDomainSpaceBtn (webpack://ERP_MicroTec_Cypress/./cypress/e2e/Bussiness_owners/My-subscriptions/My_subscriptions_page/pages/my-subscriptions_page.ts:7:0)\n    at Context.eval (webpack://ERP_MicroTec_Cypress/./cypress/e2e/Bussiness_owners/My-subscriptions/Add_domain_space/tests/Add_domain_space.cy.ts:64:0)",
                "diff": null
              },
              "uuid": "8b1bc003-8ab5-461c-a0ec-a90ab24c18cf",
              "parentUUID": "7c40b64d-2b34-4bb7-a35d-a8c7e7a6386a",
              "isHook": false,
              "skipped": false
            }
          ],
          "suites": [],
          "passes": [],
          "failures": [
            "cb3e2912-cdbd-4642-936f-0e238781dc2b",
            "d19f40e6-0ae0-4fe9-9af5-918e180996d6",
            "efef1477-990c-4a99-93a7-56e6b435536d",
            "3611e6db-0774-4420-9c05-5b19d9edecc7",
            "86cd8a58-451c-4ea2-aff2-7025f574a2ea",
            "52e0d15d-c639-48cd-8262-37fe0632979b",
            "8b1bc003-8ab5-461c-a0ec-a90ab24c18cf"
          ],
          "pending": [],
          "skipped": [],
          "duration": 240537,
          "root": false,
          "rootEmpty": false,
          "_timeout": 2000
        }
      ],
      "passes": [],
      "failures": [],
      "pending": [],
      "skipped": [],
      "duration": 0,
      "root": true,
      "rootEmpty": true,
      "_timeout": 2000
    }
  ],
  "meta": {
    "mocha": {
      "version": "7.0.1"
    },
    "mochawesome": {
      "options": {
        "quiet": false,
        "reportFilename": "mochawesome",
        "saveHtml": false,
        "saveJson": true,
        "consoleReporter": "spec",
        "useInlineDiffs": false,
        "code": true
      },
      "version": "7.1.3"
    },
    "marge": {
      "options": {
        "reportDir": "cypress/reports",
        "overwrite": false,
        "html": false,
        "json": true
      },
      "version": "6.2.0"
    }
  }
}