{
  "stats": {
    "suites": 1,
    "tests": 4,
    "passes": 0,
    "pending": 0,
    "failures": 4,
    "start": "2024-11-13T13:51:47.650Z",
    "end": "2024-11-13T14:10:05.011Z",
    "duration": 1097361,
    "testsRegistered": 4,
    "passPercent": 0,
    "pendingPercent": 0,
    "other": 0,
    "hasOther": false,
    "skipped": 0,
    "hasSkipped": false
  },
  "results": [
    {
      "uuid": "e2120890-924c-4452-a429-5732b5968aad",
      "title": "",
      "fullFile": "cypress/e2e/Bussiness_owners/Erp_Login/General_Setting/Taxs Group/tests/Edit_taxes_group.cy.ts",
      "file": "cypress/e2e/Bussiness_owners/Erp_Login/General_Setting/Taxs Group/tests/Edit_taxes_group.cy.ts",
      "beforeHooks": [],
      "afterHooks": [],
      "tests": [],
      "suites": [
        {
          "uuid": "a3a4912e-c708-4da4-bf6f-6f011fa672b9",
          "title": "Edit New Taxs Group",
          "fullFile": "",
          "file": "",
          "beforeHooks": [],
          "afterHooks": [],
          "tests": [
            {
              "title": "1.Verify all the components are displayed on the Edit New Tax Group",
              "fullTitle": "Edit New Taxs Group 1.Verify all the components are displayed on the Edit New Tax Group",
              "timedOut": null,
              "duration": 82264,
              "state": "failed",
              "speed": null,
              "pass": false,
              "fail": true,
              "pending": false,
              "context": null,
              "code": "TaxsGroup_1.TaxsGroup.landing();\ncy.wait(1000);\ncy.reload();\ncy.wait(1000);\ncy.clickFirstEditActionButton();\n// Code Label\ncy.get('label[for=\"code\"]').contains(/code/i).should(\"be.visible\");\n// Code Input\ncy.getByTestAttribute(\"code\").should(\"be.visible\");\n// Name Label\ncy.get('label[for=\"name\"]').contains(/name/i).should(\"be.visible\");\n// Name Input\ncy.getByTestAttribute(\"name\").should(\"be.visible\");",
              "err": {
                "message": "AssertionError: Timed out retrying after 25000ms: Expected to find element: `table`, but never found it.",
                "estack": "AssertionError: Timed out retrying after 25000ms: Expected to find element: `table`, but never found it.\n    at Context.eval (webpack://ERP_MicroTec_Cypress/./cypress/support/commands.ts:111:0)",
                "diff": null
              },
              "uuid": "cb07a3b5-ae51-49e8-b71c-6127e9cfcea5",
              "parentUUID": "a3a4912e-c708-4da4-bf6f-6f011fa672b9",
              "isHook": false,
              "skipped": false
            },
            {
              "title": "2.Verify Displaying Of Required Messsages",
              "fullTitle": "Edit New Taxs Group 2.Verify Displaying Of Required Messsages",
              "timedOut": null,
              "duration": 185338,
              "state": "failed",
              "speed": null,
              "pass": false,
              "fail": true,
              "pending": false,
              "context": null,
              "code": "TaxsGroup_1.TaxsGroup.landing();\ncy.wait(1000);\ncy.reload();\ncy.wait(1000);\ncy.clickFirstEditActionButton();\nTaxsGroup_1.TaxsGroup.clearName();\nTaxsGroup_1.TaxsGroup.verifyRequiredMessages(\"1\");\nTaxsGroup_1.TaxsGroup.inputName(\"name\");\nTaxsGroup_1.TaxsGroup.clearCode();\nTaxsGroup_1.TaxsGroup.verifyRequiredMessages(\"1\");\nTaxsGroup_1.TaxsGroup.inputCode(general_settings_data_1.GeneralSettingsData.taxesGroupCode);\nTaxsGroup_1.TaxsGroup.verifyInExistenceOfRequiredMessage();",
              "err": {
                "message": "AssertionError: Timed out retrying after 25000ms: Expected to find element: `[data-testid=name]`, but never found it.",
                "estack": "AssertionError: Timed out retrying after 25000ms: Expected to find element: `[data-testid=name]`, but never found it.\n    at TaxsGroup.clearName (webpack://ERP_MicroTec_Cypress/./cypress/e2e/Bussiness_owners/Erp_Login/General_Setting/Taxs Group/pages/TaxsGroup.ts:54:0)\n    at Context.eval (webpack://ERP_MicroTec_Cypress/./cypress/e2e/Bussiness_owners/Erp_Login/General_Setting/Taxs Group/tests/Edit_taxes_group.cy.ts:31:0)",
                "diff": null
              },
              "uuid": "da7e7aa3-445a-48ca-bf5d-77db5065d65d",
              "parentUUID": "a3a4912e-c708-4da4-bf6f-6f011fa672b9",
              "isHook": false,
              "skipped": false
            },
            {
              "title": "3.Verify Editting New Taxes Group",
              "fullTitle": "Edit New Taxs Group 3.Verify Editting New Taxes Group",
              "timedOut": null,
              "duration": 112779,
              "state": "failed",
              "speed": null,
              "pass": false,
              "fail": true,
              "pending": false,
              "context": null,
              "code": "TaxsGroup_1.TaxsGroup.landing();\ncy.wait(2000);\ncy.getInitItemsCountInListView();\ncy.getLastCellInTableValue(0).then((code1) => {\n    cy.wrap(code1).as(\"code1\");\n});\ncy.getLastCellInTableValue(1).then((name1) => {\n    cy.wrap(name1).as(\"name1\");\n});\ncy.reload();\ncy.wait(1000);\ncy.clickFirstEditActionButton();\ncy.get(\"@name1\").then((name1) => {\n    TaxsGroup_1.TaxsGroup.inputName(\"Editted_\" + (0, utils_1.getWrappedString)(name1));\n});\nTaxsGroup_1.TaxsGroup.submitDialog();\ncy.wait(1000);\ncy.assertAfterItemEditedInListView();\ncy.get(\"@code1\").then((code1) => {\n    cy.verifyFirstCellInTable(0, (0, utils_1.getWrappedString)(code1));\n});\ncy.get(\"@name1\").then((name1) => {\n    cy.verifyFirstCellInTable(1, \"Editted_\" + (0, utils_1.getWrappedString)(name1));\n});",
              "err": {
                "message": "AssertionError: Timed out retrying after 25000ms: Expected to find element: `[data-testid=name]`, but never found it.",
                "estack": "AssertionError: Timed out retrying after 25000ms: Expected to find element: `[data-testid=name]`, but never found it.\n    at TaxsGroup.inputName (webpack://ERP_MicroTec_Cypress/./cypress/e2e/Bussiness_owners/Erp_Login/General_Setting/Taxs Group/pages/TaxsGroup.ts:46:0)\n    at Context.eval (webpack://ERP_MicroTec_Cypress/./cypress/e2e/Bussiness_owners/Erp_Login/General_Setting/Taxs Group/tests/Edit_taxes_group.cy.ts:53:0)",
                "diff": null
              },
              "uuid": "61413289-8736-4548-a65a-13d4891e01f8",
              "parentUUID": "a3a4912e-c708-4da4-bf6f-6f011fa672b9",
              "isHook": false,
              "skipped": false
            },
            {
              "title": "4.Verify canceling Editting New Taxes Group",
              "fullTitle": "Edit New Taxs Group 4.Verify canceling Editting New Taxes Group",
              "timedOut": null,
              "duration": 189778,
              "state": "failed",
              "speed": null,
              "pass": false,
              "fail": true,
              "pending": false,
              "context": null,
              "code": "TaxsGroup_1.TaxsGroup.landing();\ncy.wait(2000);\ncy.getInitItemsCountInListView();\ncy.getLastCellInTableValue(0).then((code1) => {\n    cy.wrap(code1).as(\"code1\");\n});\ncy.getLastCellInTableValue(1).then((name1) => {\n    cy.wrap(name1).as(\"name1\");\n});\ncy.reload();\ncy.wait(1000);\ncy.clickFirstEditActionButton();\ncy.get(\"@name1\").then((name1) => {\n    TaxsGroup_1.TaxsGroup.inputName(\"Editted_\" + (0, utils_1.getWrappedString)(name1));\n});\nTaxsGroup_1.TaxsGroup.cancelDialog();\ncy.wait(1000);\ncy.assertAfterItemEditedInListView();\ncy.get(\"@code1\").then((code1) => {\n    cy.verifyFirstCellInTable(0, (0, utils_1.getWrappedString)(code1));\n});\ncy.get(\"@name1\").then((name1) => {\n    cy.verifyFirstCellInTable(1, (0, utils_1.getWrappedString)(name1));\n});",
              "err": {
                "message": "AssertionError: Timed out retrying after 25000ms: Expected to find element: `[data-testid=name]`, but never found it.",
                "estack": "AssertionError: Timed out retrying after 25000ms: Expected to find element: `[data-testid=name]`, but never found it.\n    at TaxsGroup.inputName (webpack://ERP_MicroTec_Cypress/./cypress/e2e/Bussiness_owners/Erp_Login/General_Setting/Taxs Group/pages/TaxsGroup.ts:46:0)\n    at Context.eval (webpack://ERP_MicroTec_Cypress/./cypress/e2e/Bussiness_owners/Erp_Login/General_Setting/Taxs Group/tests/Edit_taxes_group.cy.ts:79:0)",
                "diff": null
              },
              "uuid": "d7cd68c2-0a98-46ed-b6b0-5fb213648367",
              "parentUUID": "a3a4912e-c708-4da4-bf6f-6f011fa672b9",
              "isHook": false,
              "skipped": false
            }
          ],
          "suites": [],
          "passes": [],
          "failures": [
            "cb07a3b5-ae51-49e8-b71c-6127e9cfcea5",
            "da7e7aa3-445a-48ca-bf5d-77db5065d65d",
            "61413289-8736-4548-a65a-13d4891e01f8",
            "d7cd68c2-0a98-46ed-b6b0-5fb213648367"
          ],
          "pending": [],
          "skipped": [],
          "duration": 570159,
          "root": false,
          "rootEmpty": false,
          "_timeout": 2000
        }
      ],
      "passes": [],
      "failures": [],
      "pending": [],
      "skipped": [],
      "duration": 0,
      "root": true,
      "rootEmpty": true,
      "_timeout": 2000
    }
  ],
  "meta": {
    "mocha": {
      "version": "7.0.1"
    },
    "mochawesome": {
      "options": {
        "quiet": false,
        "reportFilename": "mochawesome",
        "saveHtml": false,
        "saveJson": true,
        "consoleReporter": "spec",
        "useInlineDiffs": false,
        "code": true
      },
      "version": "7.1.3"
    },
    "marge": {
      "options": {
        "reportDir": "cypress/reports",
        "overwrite": false,
        "html": false,
        "json": true
      },
      "version": "6.2.0"
    }
  }
}