{
  "stats": {
    "suites": 1,
    "tests": 2,
    "passes": 2,
    "pending": 0,
    "failures": 0,
    "start": "2024-11-13T11:31:20.068Z",
    "end": "2024-11-13T11:31:44.132Z",
    "duration": 24064,
    "testsRegistered": 2,
    "passPercent": 100,
    "pendingPercent": 0,
    "other": 0,
    "hasOther": false,
    "skipped": 0,
    "hasSkipped": false
  },
  "results": [
    {
      "uuid": "5a328230-de81-412d-8f44-be089d9453c0",
      "title": "",
      "fullFile": "cypress/e2e/Authentication/Login/tests/Verify_happy_scenario.cy.ts",
      "file": "cypress/e2e/Authentication/Login/tests/Verify_happy_scenario.cy.ts",
      "beforeHooks": [],
      "afterHooks": [],
      "tests": [],
      "suites": [
        {
          "uuid": "332d9909-50bc-4ee1-baa6-c40c73e31c06",
          "title": "Verify The Happy Scenario on the Login page",
          "fullFile": "",
          "file": "",
          "beforeHooks": [],
          "afterHooks": [],
          "tests": [
            {
              "title": "LoginAndSaveAccessTokenEn",
              "fullTitle": "Verify The Happy Scenario on the Login page LoginAndSaveAccessTokenEn",
              "timedOut": null,
              "duration": 13314,
              "state": "passed",
              "speed": "slow",
              "pass": true,
              "fail": false,
              "pending": false,
              "context": null,
              "code": "loginPage_1.LoginPage.inputEmail(auth_data_1.AuthData.loginMail);\nloginPage_1.LoginPage.inputPassword(auth_data_1.AuthData.pass);\nloginPage_1.LoginPage.clickLoginButton();\ncy.wait(1000);\n(0, validateLogin_1.validateLogin)();",
              "err": {},
              "uuid": "dce87ea9-c727-4650-a4c0-7a11abb83d1b",
              "parentUUID": "332d9909-50bc-4ee1-baa6-c40c73e31c06",
              "isHook": false,
              "skipped": false
            },
            {
              "title": "LoginAndSaveAccessTokenAr",
              "fullTitle": "Verify The Happy Scenario on the Login page LoginAndSaveAccessTokenAr",
              "timedOut": null,
              "duration": 10523,
              "state": "passed",
              "speed": "slow",
              "pass": true,
              "fail": false,
              "pending": false,
              "context": null,
              "code": "loginPage_1.LoginPage.clickLangButton();\nloginPage_1.LoginPage.inputEmail(auth_data_1.AuthData.loginMail);\nloginPage_1.LoginPage.inputPassword(auth_data_1.AuthData.pass);\nloginPage_1.LoginPage.clickLoginButton();\ncy.wait(1000);\n(0, validateLogin_1.validateLogin)();",
              "err": {},
              "uuid": "68809de4-6fcb-42fb-b87e-a9e7d2eb480f",
              "parentUUID": "332d9909-50bc-4ee1-baa6-c40c73e31c06",
              "isHook": false,
              "skipped": false
            }
          ],
          "suites": [],
          "passes": [
            "dce87ea9-c727-4650-a4c0-7a11abb83d1b",
            "68809de4-6fcb-42fb-b87e-a9e7d2eb480f"
          ],
          "failures": [],
          "pending": [],
          "skipped": [],
          "duration": 23837,
          "root": false,
          "rootEmpty": false,
          "_timeout": 2000
        }
      ],
      "passes": [],
      "failures": [],
      "pending": [],
      "skipped": [],
      "duration": 0,
      "root": true,
      "rootEmpty": true,
      "_timeout": 2000
    }
  ],
  "meta": {
    "mocha": {
      "version": "7.0.1"
    },
    "mochawesome": {
      "options": {
        "quiet": false,
        "reportFilename": "mochawesome",
        "saveHtml": false,
        "saveJson": true,
        "consoleReporter": "spec",
        "useInlineDiffs": false,
        "code": true
      },
      "version": "7.1.3"
    },
    "marge": {
      "options": {
        "reportDir": "cypress/reports",
        "overwrite": false,
        "html": false,
        "json": true
      },
      "version": "6.2.0"
    }
  }
}