{
  "stats": {
    "suites": 1,
    "tests": 4,
    "passes": 4,
    "pending": 0,
    "failures": 0,
    "start": "2024-11-13T13:43:18.187Z",
    "end": "2024-11-13T13:51:45.996Z",
    "duration": 507809,
    "testsRegistered": 4,
    "passPercent": 100,
    "pendingPercent": 0,
    "other": 0,
    "hasOther": false,
    "skipped": 0,
    "hasSkipped": false
  },
  "results": [
    {
      "uuid": "ccfb9d05-60e9-436b-af9e-1a31e9ff50be",
      "title": "",
      "fullFile": "cypress/e2e/Bussiness_owners/Erp_Login/General_Setting/Taxs Group/tests/Add_taxes_group.cy.ts",
      "file": "cypress/e2e/Bussiness_owners/Erp_Login/General_Setting/Taxs Group/tests/Add_taxes_group.cy.ts",
      "beforeHooks": [],
      "afterHooks": [],
      "tests": [],
      "suites": [
        {
          "uuid": "9a31cf2d-d524-415e-bcbc-c676d8582e52",
          "title": "Add New Taxs Group",
          "fullFile": "",
          "file": "",
          "beforeHooks": [],
          "afterHooks": [],
          "tests": [
            {
              "title": "1.Verify all the components are displayed on the Add New Tax Group",
              "fullTitle": "Add New Taxs Group 1.Verify all the components are displayed on the Add New Tax Group",
              "timedOut": null,
              "duration": 161854,
              "state": "passed",
              "speed": "slow",
              "pass": true,
              "fail": false,
              "pending": false,
              "context": null,
              "code": "TaxsGroup_1.TaxsGroup.landing();\ncy.wait(1500);\ncy.reload();\ncy.wait(1000);\nTaxsGroup_1.TaxsGroup.clickAddNewButton();\ncy.verifyLabelText(\"code\", /code/i);\ncy.verifyLabelText(\"name\", /name/i);",
              "err": {},
              "uuid": "c9ce3a54-e484-45f6-a442-b3e15a0f457b",
              "parentUUID": "9a31cf2d-d524-415e-bcbc-c676d8582e52",
              "isHook": false,
              "skipped": false
            },
            {
              "title": "2.Verify Displaying Of Required Messsages",
              "fullTitle": "Add New Taxs Group 2.Verify Displaying Of Required Messsages",
              "timedOut": null,
              "duration": 59111,
              "state": "passed",
              "speed": "slow",
              "pass": true,
              "fail": false,
              "pending": false,
              "context": null,
              "code": "TaxsGroup_1.TaxsGroup.landing();\ncy.wait(2000);\nTaxsGroup_1.TaxsGroup.clickAddNewButton();\nTaxsGroup_1.TaxsGroup.submitDialog();\nTaxsGroup_1.TaxsGroup.verifyRequiredMessages(\"2\");\ncy.get(\".pop_up_footer\").invoke(\"hide\");\nTaxsGroup_1.TaxsGroup.inputCode(\"123\");\nTaxsGroup_1.TaxsGroup.verifyRequiredMessages(\"1\");\nTaxsGroup_1.TaxsGroup.inputName(\"name\");\nTaxsGroup_1.TaxsGroup.verifyInExistenceOfRequiredMessage();",
              "err": {},
              "uuid": "d046d565-93f4-44a2-81f9-1c165995ddbd",
              "parentUUID": "9a31cf2d-d524-415e-bcbc-c676d8582e52",
              "isHook": false,
              "skipped": false
            },
            {
              "title": "3.Verify canceling Adding New Taxes Group",
              "fullTitle": "Add New Taxs Group 3.Verify canceling Adding New Taxes Group",
              "timedOut": null,
              "duration": 23413,
              "state": "passed",
              "speed": "slow",
              "pass": true,
              "fail": false,
              "pending": false,
              "context": null,
              "code": "TaxsGroup_1.TaxsGroup.landing();\ncy.wait(2000);\ncy.getInitItemsCountInListView();\nTaxsGroup_1.TaxsGroup.clickAddNewButton();\nTaxsGroup_1.TaxsGroup.inputCode(general_settings_data_1.GeneralSettingsData.taxesGroupCode);\nTaxsGroup_1.TaxsGroup.inputName(general_settings_data_1.GeneralSettingsData.taxesGroupName);\nTaxsGroup_1.TaxsGroup.cancelDialog();\ncy.wait(1000);\ncy.assertAfterItemEditedInListView();",
              "err": {},
              "uuid": "414e34bf-706a-4cc2-9682-40fee7a2b563",
              "parentUUID": "9a31cf2d-d524-415e-bcbc-c676d8582e52",
              "isHook": false,
              "skipped": false
            },
            {
              "title": "4.Verify Adding New Taxes Group",
              "fullTitle": "Add New Taxs Group 4.Verify Adding New Taxes Group",
              "timedOut": null,
              "duration": 43633,
              "state": "passed",
              "speed": "slow",
              "pass": true,
              "fail": false,
              "pending": false,
              "context": null,
              "code": "TaxsGroup_1.TaxsGroup.landing();\ncy.wait(2000);\ncy.getInitItemsCountInListView();\nTaxsGroup_1.TaxsGroup.clickAddNewButton();\nTaxsGroup_1.TaxsGroup.inputCode(general_settings_data_1.GeneralSettingsData.taxesGroupCode);\nTaxsGroup_1.TaxsGroup.inputName(general_settings_data_1.GeneralSettingsData.taxesGroupName);\nTaxsGroup_1.TaxsGroup.submitDialog();\ncy.wait(1000);\ncy.assertnewItemAddedToListView();\ncy.verifyFirstCellInTable(0, general_settings_data_1.GeneralSettingsData.taxesGroupCode);\ncy.verifyFirstCellInTable(1, general_settings_data_1.GeneralSettingsData.taxesGroupName);",
              "err": {},
              "uuid": "12bd9a59-b4cc-4f14-ab6d-14dd6745d8e2",
              "parentUUID": "9a31cf2d-d524-415e-bcbc-c676d8582e52",
              "isHook": false,
              "skipped": false
            }
          ],
          "suites": [],
          "passes": [
            "c9ce3a54-e484-45f6-a442-b3e15a0f457b",
            "d046d565-93f4-44a2-81f9-1c165995ddbd",
            "414e34bf-706a-4cc2-9682-40fee7a2b563",
            "12bd9a59-b4cc-4f14-ab6d-14dd6745d8e2"
          ],
          "failures": [],
          "pending": [],
          "skipped": [],
          "duration": 288011,
          "root": false,
          "rootEmpty": false,
          "_timeout": 2000
        }
      ],
      "passes": [],
      "failures": [],
      "pending": [],
      "skipped": [],
      "duration": 0,
      "root": true,
      "rootEmpty": true,
      "_timeout": 2000
    }
  ],
  "meta": {
    "mocha": {
      "version": "7.0.1"
    },
    "mochawesome": {
      "options": {
        "quiet": false,
        "reportFilename": "mochawesome",
        "saveHtml": false,
        "saveJson": true,
        "consoleReporter": "spec",
        "useInlineDiffs": false,
        "code": true
      },
      "version": "7.1.3"
    },
    "marge": {
      "options": {
        "reportDir": "cypress/reports",
        "overwrite": false,
        "html": false,
        "json": true
      },
      "version": "6.2.0"
    }
  }
}