{
  "stats": {
    "suites": 1,
    "tests": 2,
    "passes": 0,
    "pending": 0,
    "failures": 2,
    "start": "2024-11-20T16:37:14.605Z",
    "end": "2024-11-20T16:45:28.916Z",
    "duration": 494311,
    "testsRegistered": 2,
    "passPercent": 0,
    "pendingPercent": 0,
    "other": 0,
    "hasOther": false,
    "skipped": 0,
    "hasSkipped": false
  },
  "results": [
    {
      "uuid": "cca2e6d2-e704-4f09-82e8-d01310b23870",
      "title": "",
      "fullFile": "cypress/e2e/Bussiness_owners/Erp_Login/Accounting/charts_of_accounts/tests/Edit_Chart_Of_account.cy.ts",
      "file": "cypress/e2e/Bussiness_owners/Erp_Login/Accounting/charts_of_accounts/tests/Edit_Chart_Of_account.cy.ts",
      "beforeHooks": [],
      "afterHooks": [],
      "tests": [],
      "suites": [
        {
          "uuid": "87bb7e92-2c7d-46e8-b527-932b5a69bfa6",
          "title": "Editting Chart of Account",
          "fullFile": "",
          "file": "",
          "beforeHooks": [],
          "afterHooks": [],
          "tests": [
            {
              "title": "1.  Verify All Components are displaying in their correct states",
              "fullTitle": "Editting Chart of Account 1.  Verify All Components are displaying in their correct states",
              "timedOut": null,
              "duration": 100517,
              "state": "failed",
              "speed": null,
              "pass": false,
              "fail": true,
              "pending": false,
              "context": null,
              "code": "charts_of_accounts_1.ChartOfAccounts.landing();\ncy.wait(1500);\ncharts_of_accounts_1.ChartOfAccounts.SearchAnTreeAccount(accounting_data_1.AccountingData.accountCOde);\ncharts_of_accounts_1.ChartOfAccounts.clickEditButtonDetailAccount();\ndisplaying_account_screen_1.DisplayingAccountScreen.verifyDisplayingTheCorrectDataInAccountEditting();",
              "err": {
                "message": "AssertionError: Timed out retrying after 25000ms: Expected to find element: `.action`, but never found it.",
                "estack": "AssertionError: Timed out retrying after 25000ms: Expected to find element: `.action`, but never found it.\n    at ChartOfAccounts.clickEditButtonDetailAccount (webpack://ERP_MicroTec_Cypress/./cypress/e2e/Bussiness_owners/Erp_Login/Accounting/charts_of_accounts/pages/charts_of_accounts.ts:54:0)\n    at Context.eval (webpack://ERP_MicroTec_Cypress/./cypress/e2e/Bussiness_owners/Erp_Login/Accounting/charts_of_accounts/tests/Edit_Chart_Of_account.cy.ts:16:0)",
                "diff": null
              },
              "uuid": "031a2259-799a-4edf-b5e4-3ebba7f26d0f",
              "parentUUID": "87bb7e92-2c7d-46e8-b527-932b5a69bfa6",
              "isHook": false,
              "skipped": false
            },
            {
              "title": "2. Verify Editting an Detail Chart of Account",
              "fullTitle": "Editting Chart of Account 2. Verify Editting an Detail Chart of Account",
              "timedOut": null,
              "duration": 83029,
              "state": "failed",
              "speed": null,
              "pass": false,
              "fail": true,
              "pending": false,
              "context": null,
              "code": "charts_of_accounts_1.ChartOfAccounts.landing();\ncy.wait(1500);\ncharts_of_accounts_1.ChartOfAccounts.SearchAnTreeAccount(accounting_data_1.AccountingData.accountCOde);\ncy.wait(1000);\ncharts_of_accounts_1.ChartOfAccounts.clickEditButtonDetailAccount();\ncy.wait(5500);\ncy.verifyDimmidItemDropDownList(\"natureId\");\ncy.verifyDimmidItemDropDownList(\"accountSectionId\");\ncy.clickInputtedSearchDropDownList(\"parentId\", accounting_data_1.AccountingData.testParentAccountEdittedSearch).then(($parentId) => {\n    cy.wrap($parentId)\n        .invoke(\"text\")\n        .then((parentTxtEdited) => {\n        cy.log(\"parentTxtEdited::: \" + parentTxtEdited);\n        cy.wrap(parentTxtEdited).as(\"parentTxtEdited\");\n    });\n});\nadding_account_screen_1.AddingAccountScreen.inputName(accounting_data_1.AccountingData.edittedChartOfAccountName);\n// cy.clickInputtedSearchDropDownList(\"accountTypeId\",\"bank\").then(($accountTypeId) => {\n//   cy.wrap($accountTypeId)\n//     .invoke(\"text\")\n//     .then((typeTxtEditted) => {\n//       cy.log(\"typeTxtEditted::: \" + typeTxtEditted);\n//       cy.wrap(typeTxtEditted).as(\"typeTxtEditted\");\n//     });\n// });\nadding_account_screen_1.AddingAccountScreen.inputName(accounting_data_1.AccountingData.edittedChartOfAccountName);\nadding_account_screen_1.AddingAccountScreen.clickSaveButton();\nfor (var i = 0; i < 7; i++) {\n    cy.log(\"<<<<<***** Viewing ***** Viewing ***** Viewing ***** Viewing *****>>>\");\n}\ncy.wait(2000);\ncy.log(\"<<<<<***** Verification in Tree View *****>>>>>>\");\ncharts_of_accounts_1.ChartOfAccounts.SearchAnTreeAccount(accounting_data_1.AccountingData.edittedChartOfAccountName);\ncy.get(\"span#label_tree.ng-star-inserted\").last().scrollIntoView().click();\ncy.wait(1000);\ncy.verifyPlaceholderText(2, accounting_data_1.AccountingData.edittedChartOfAccountName);\ncy.get(\"@parentTxtEdited\").then((parentTxtEdited) => {\n    cy.verifyPlaceholderText(3, (0, utils_1.getWrappedString)(parentTxtEdited));\n});\n// cy.get(\"@typeTxtEditted\").then((typeTxtEditted) => {\n//   cy.verifyPlaceholderText(7, getWrappedString(typeTxtEditted));\n// });",
              "err": {
                "message": "AssertionError: Timed out retrying after 25000ms: Expected to find element: `.action`, but never found it.",
                "estack": "AssertionError: Timed out retrying after 25000ms: Expected to find element: `.action`, but never found it.\n    at ChartOfAccounts.clickEditButtonDetailAccount (webpack://ERP_MicroTec_Cypress/./cypress/e2e/Bussiness_owners/Erp_Login/Accounting/charts_of_accounts/pages/charts_of_accounts.ts:54:0)\n    at Context.eval (webpack://ERP_MicroTec_Cypress/./cypress/e2e/Bussiness_owners/Erp_Login/Accounting/charts_of_accounts/tests/Edit_Chart_Of_account.cy.ts:24:0)",
                "diff": null
              },
              "uuid": "445fad32-74a0-49c6-817d-93d88ac2f8e1",
              "parentUUID": "87bb7e92-2c7d-46e8-b527-932b5a69bfa6",
              "isHook": false,
              "skipped": false
            }
          ],
          "suites": [],
          "passes": [],
          "failures": [
            "031a2259-799a-4edf-b5e4-3ebba7f26d0f",
            "445fad32-74a0-49c6-817d-93d88ac2f8e1"
          ],
          "pending": [],
          "skipped": [],
          "duration": 183546,
          "root": false,
          "rootEmpty": false,
          "_timeout": 2000
        }
      ],
      "passes": [],
      "failures": [],
      "pending": [],
      "skipped": [],
      "duration": 0,
      "root": true,
      "rootEmpty": true,
      "_timeout": 2000
    }
  ],
  "meta": {
    "mocha": {
      "version": "7.0.1"
    },
    "mochawesome": {
      "options": {
        "quiet": false,
        "reportFilename": "mochawesome",
        "saveHtml": false,
        "saveJson": true,
        "consoleReporter": "spec",
        "useInlineDiffs": false,
        "code": true
      },
      "version": "7.1.3"
    },
    "marge": {
      "options": {
        "reportDir": "cypress/reports",
        "overwrite": false,
        "html": false,
        "json": true
      },
      "version": "6.2.0"
    }
  }
}