{
  "stats": {
    "suites": 1,
    "tests": 4,
    "passes": 4,
    "pending": 0,
    "failures": 0,
    "start": "2024-11-20T11:30:49.277Z",
    "end": "2024-11-20T11:31:15.091Z",
    "duration": 25814,
    "testsRegistered": 4,
    "passPercent": 100,
    "pendingPercent": 0,
    "other": 0,
    "hasOther": false,
    "skipped": 0,
    "hasSkipped": false
  },
  "results": [
    {
      "uuid": "b92d520e-3805-4c1c-92fd-e084487968a3",
      "title": "",
      "fullFile": "cypress/e2e/Authentication/Login/tests/Invalid_credentials.cy.ts",
      "file": "cypress/e2e/Authentication/Login/tests/Invalid_credentials.cy.ts",
      "beforeHooks": [],
      "afterHooks": [],
      "tests": [],
      "suites": [
        {
          "uuid": "b8f299af-1251-4eb5-878c-e9ce1a2a04c8",
          "title": "InvalidCredentials",
          "fullFile": "",
          "file": "",
          "beforeHooks": [],
          "afterHooks": [],
          "tests": [
            {
              "title": "EntersWrongPassword",
              "fullTitle": "InvalidCredentials EntersWrongPassword",
              "timedOut": null,
              "duration": 9075,
              "state": "passed",
              "speed": "medium",
              "pass": true,
              "fail": false,
              "pending": false,
              "context": null,
              "code": "loginPage_1.LoginPage.inputEmail(auth_data_1.AuthData.loginMail);\n// Wrong Password\nloginPage_1.LoginPage.inputPassword(auth_data_1.AuthData.pass + \"Wrong\");\nloginPage_1.LoginPage.clickLoginButton();\ncy.get('div[data-valmsg-summary=\"true\"]').should(\"be.visible\");",
              "err": {},
              "uuid": "9a3fe51e-464a-4bd4-b890-8514ce299418",
              "parentUUID": "b8f299af-1251-4eb5-878c-e9ce1a2a04c8",
              "isHook": false,
              "skipped": false
            },
            {
              "title": "MissingPassword",
              "fullTitle": "InvalidCredentials MissingPassword",
              "timedOut": null,
              "duration": 5581,
              "state": "passed",
              "speed": "medium",
              "pass": true,
              "fail": false,
              "pending": false,
              "context": null,
              "code": "loginPage_1.LoginPage.inputEmail(auth_data_1.AuthData.loginMail);\nloginPage_1.LoginPage.clickLoginButton();\ncy.get('div[data-valmsg-summary=\"true\"]').should(\"be.visible\");\ncy.get(\"li\").contains(/The Password Field Is Required./i);",
              "err": {},
              "uuid": "5273b7b8-bc5e-4206-b7d2-3121e1b20cf2",
              "parentUUID": "b8f299af-1251-4eb5-878c-e9ce1a2a04c8",
              "isHook": false,
              "skipped": false
            },
            {
              "title": "Enter Wrong Email",
              "fullTitle": "InvalidCredentials Enter Wrong Email",
              "timedOut": null,
              "duration": 4982,
              "state": "passed",
              "speed": "fast",
              "pass": true,
              "fail": false,
              "pending": false,
              "context": null,
              "code": "loginPage_1.LoginPage.inputEmail(\"testtest@test.ccc\");\nloginPage_1.LoginPage.inputPassword(auth_data_1.AuthData.pass);\nloginPage_1.LoginPage.clickLoginButton();\ncy.get('div[data-valmsg-summary=\"true\"]').should(\"be.visible\");",
              "err": {},
              "uuid": "598401b2-bc33-4be0-b08a-78c269f73dd3",
              "parentUUID": "b8f299af-1251-4eb5-878c-e9ce1a2a04c8",
              "isHook": false,
              "skipped": false
            },
            {
              "title": "MissingEmail",
              "fullTitle": "InvalidCredentials MissingEmail",
              "timedOut": null,
              "duration": 5780,
              "state": "passed",
              "speed": "medium",
              "pass": true,
              "fail": false,
              "pending": false,
              "context": null,
              "code": "loginPage_1.LoginPage.inputPassword(auth_data_1.AuthData.pass);\nloginPage_1.LoginPage.clickLoginButton();\ncy.get('div[data-valmsg-summary=\"true\"]').should(\"be.visible\");\ncy.get(\"li\").contains(/The email Field Is Required./i);",
              "err": {},
              "uuid": "1a1be1fb-938c-4358-b012-5d065d6e917b",
              "parentUUID": "b8f299af-1251-4eb5-878c-e9ce1a2a04c8",
              "isHook": false,
              "skipped": false
            }
          ],
          "suites": [],
          "passes": [
            "9a3fe51e-464a-4bd4-b890-8514ce299418",
            "5273b7b8-bc5e-4206-b7d2-3121e1b20cf2",
            "598401b2-bc33-4be0-b08a-78c269f73dd3",
            "1a1be1fb-938c-4358-b012-5d065d6e917b"
          ],
          "failures": [],
          "pending": [],
          "skipped": [],
          "duration": 25418,
          "root": false,
          "rootEmpty": false,
          "_timeout": 2000
        }
      ],
      "passes": [],
      "failures": [],
      "pending": [],
      "skipped": [],
      "duration": 0,
      "root": true,
      "rootEmpty": true,
      "_timeout": 2000
    }
  ],
  "meta": {
    "mocha": {
      "version": "7.0.1"
    },
    "mochawesome": {
      "options": {
        "quiet": false,
        "reportFilename": "mochawesome",
        "saveHtml": false,
        "saveJson": true,
        "consoleReporter": "spec",
        "useInlineDiffs": false,
        "code": true
      },
      "version": "7.1.3"
    },
    "marge": {
      "options": {
        "reportDir": "cypress/reports",
        "overwrite": false,
        "html": false,
        "json": true
      },
      "version": "6.2.0"
    }
  }
}