{
  "stats": {
    "suites": 1,
    "tests": 1,
    "passes": 0,
    "pending": 0,
    "failures": 1,
    "start": "2024-11-26T02:56:14.917Z",
    "end": "2024-11-26T02:58:19.002Z",
    "duration": 124085,
    "testsRegistered": 4,
    "passPercent": 0,
    "pendingPercent": 0,
    "other": 0,
    "hasOther": false,
    "skipped": 3,
    "hasSkipped": true
  },
  "results": [
    {
      "uuid": "aed26178-fab5-4b9c-af12-2b6bf07920b1",
      "title": "",
      "fullFile": "cypress/e2e/Bussiness_owners/My-subscriptions/Manage_companies/tests/Company_list.cy.ts",
      "file": "cypress/e2e/Bussiness_owners/My-subscriptions/Manage_companies/tests/Company_list.cy.ts",
      "beforeHooks": [],
      "afterHooks": [],
      "tests": [],
      "suites": [
        {
          "uuid": "f567c1ab-6dea-4826-9d35-9b3ac3dc6b5c",
          "title": "Company List",
          "fullFile": "",
          "file": "",
          "beforeHooks": [],
          "afterHooks": [],
          "tests": [
            {
              "title": "1.Verify That All The Component of The Grid are Displayed (Rows and Columns)",
              "fullTitle": "Company List 1.Verify That All The Component of The Grid are Displayed (Rows and Columns)",
              "timedOut": null,
              "duration": 48752,
              "state": "failed",
              "speed": null,
              "pass": false,
              "fail": true,
              "pending": false,
              "context": null,
              "code": "cy.get(\"table thead tr th\").eq(0).should(\"include\", /Code/i);\ncy.get(\"table thead tr th\")\n    .eq(1)\n    .should(\"include\", /Companies Name/i);\ncy.get(\"table thead tr th\")\n    .eq(2)\n    .should(\"include\", /Companies Type/i);\ncy.get(\"table thead tr th\")\n    .eq(3)\n    .should(\"include\", /Tax ID/i);\ncy.get(\"table thead tr th\")\n    .eq(4)\n    .should(\"include\", /Commercial ID/i);\ncy.get(\"table thead tr th\").eq(5).should(\"include\", /Phone/i);\ncy.get(\"table thead tr th\")\n    .eq(6)\n    .should(\"include\", /Status/i);\ncy.get(\"table thead tr th\")\n    .eq(7)\n    .should(\"include\", /Actions/i);",
              "err": {
                "message": "AssertionError: Timed out retrying after 25000ms: Expected to find element: `button[class=\"mange body_b14 Companies\"]`, but never found it.\n\nBecause this error occurred during a `before each` hook we are skipping the remaining tests in the current suite: `Company List`",
                "estack": "AssertionError: Timed out retrying after 25000ms: Expected to find element: `button[class=\"mange body_b14 Companies\"]`, but never found it.\n\nBecause this error occurred during a `before each` hook we are skipping the remaining tests in the current suite: `Company List`\n    at EditCompanyScreen.clickLastManageCompanies (webpack://ERP_MicroTec_Cypress/./cypress/e2e/Bussiness_owners/My-subscriptions/Manage_companies/pages/editCompanyScreenAct.ts:17:0)\n    at Context.eval (webpack://ERP_MicroTec_Cypress/./cypress/e2e/Bussiness_owners/My-subscriptions/Manage_companies/tests/Company_list.cy.ts:12:0)",
                "diff": null
              },
              "uuid": "f29a1762-468a-48ae-8c30-bb041ec109cc",
              "parentUUID": "f567c1ab-6dea-4826-9d35-9b3ac3dc6b5c",
              "isHook": false,
              "skipped": false
            },
            {
              "title": "2.Verify That The Cells Under Status Column is Actionable (Radio Button)",
              "fullTitle": "Company List 2.Verify That The Cells Under Status Column is Actionable (Radio Button)",
              "timedOut": null,
              "duration": 0,
              "state": "skipped",
              "speed": null,
              "pass": false,
              "fail": false,
              "pending": false,
              "context": null,
              "code": "cy.wait(2000);\ncy.get(\"table\").then(($table) => {\n    cy.wrap($table)\n        .find(\"tbody tr\")\n        .last()\n        .find(\"td\")\n        .eq(6)\n        .scrollIntoView()\n        .then(($lastActions) => {\n        if ($lastActions\n            .find('p[class=\"inactive body_b16 ng-star-inserted\"]')\n            .is(\":visible\")) {\n            cy.wrap(\"inactive\").as(\"initStatus\");\n        }\n        else if ($lastActions\n            .find('p[class=\"active body_b16 ng-star-inserted\"]')\n            .is(\":visible\")) {\n            cy.wrap(\"active\").as(\"initStatus\");\n        }\n        else {\n            cy.log(\"No Actions are Visible\");\n        }\n    });\n    company_list_1.CompanyList.clickLastActivationSliderListView();\n    company_list_1.CompanyList.confirmChangeStatusPopUp();\n    editCompanyScreenAct_1.EditCompanyScreen.clickFirstCompanyToEdit();\n    cy.get('div[class=\"edit_company_page\"]').then(($EditScreen) => {\n        if ($EditScreen\n            .find('p[class=\"inactive body_b16 ng-star-inserted\"]')\n            .is(\":visible\")) {\n            cy.wrap(\"inactive\").as(\"finalStatus\");\n        }\n        else if ($EditScreen\n            .find('p[class=\"active body_b16 ng-star-inserted\"]')\n            .is(\":visible\")) {\n            cy.wrap(\"active\").as(\"finalStatus\");\n        }\n        else {\n            cy.log(\"No Activation is Visible in Edit Screen\");\n        }\n    });\n    cy.get(\"@initStatus\").then((initStatus) => {\n        cy.get(\"@finalStatus\").then((finalStatus) => {\n            expect((0, utils_1.getWrappedString)(initStatus)).not.to.equal((0, utils_1.getWrappedString)(finalStatus));\n        });\n    });\n});",
              "err": {},
              "uuid": "d15353c8-0fbf-4e34-92d9-a91dd4abea4f",
              "parentUUID": "f567c1ab-6dea-4826-9d35-9b3ac3dc6b5c",
              "isHook": false,
              "skipped": true
            },
            {
              "title": "3.Verify That The Edit is navigate To The Edit Company of The Company Represent on This Row.",
              "fullTitle": "Company List 3.Verify That The Edit is navigate To The Edit Company of The Company Represent on This Row.",
              "timedOut": null,
              "duration": 0,
              "state": "skipped",
              "speed": null,
              "pass": false,
              "fail": false,
              "pending": false,
              "context": null,
              "code": "company_list_1.CompanyList.clickToNavigateCompanyEdit();",
              "err": {},
              "uuid": "a9eb09ea-6df1-45cc-9da9-4d3a58c4bdca",
              "parentUUID": "f567c1ab-6dea-4826-9d35-9b3ac3dc6b5c",
              "isHook": false,
              "skipped": true
            },
            {
              "title": "4.Verify That The Paginator is Successfully Displayed.",
              "fullTitle": "Company List 4.Verify That The Paginator is Successfully Displayed.",
              "timedOut": null,
              "duration": 0,
              "state": "skipped",
              "speed": null,
              "pass": false,
              "fail": false,
              "pending": false,
              "context": null,
              "code": "company_list_1.CompanyList.CheckPaginator();",
              "err": {},
              "uuid": "0bce5e83-29f2-4ef6-9681-d1059cfe0304",
              "parentUUID": "f567c1ab-6dea-4826-9d35-9b3ac3dc6b5c",
              "isHook": false,
              "skipped": true
            }
          ],
          "suites": [],
          "passes": [],
          "failures": [
            "f29a1762-468a-48ae-8c30-bb041ec109cc"
          ],
          "pending": [],
          "skipped": [
            "d15353c8-0fbf-4e34-92d9-a91dd4abea4f",
            "a9eb09ea-6df1-45cc-9da9-4d3a58c4bdca",
            "0bce5e83-29f2-4ef6-9681-d1059cfe0304"
          ],
          "duration": 48752,
          "root": false,
          "rootEmpty": false,
          "_timeout": 2000
        }
      ],
      "passes": [],
      "failures": [],
      "pending": [],
      "skipped": [],
      "duration": 0,
      "root": true,
      "rootEmpty": true,
      "_timeout": 2000
    }
  ],
  "meta": {
    "mocha": {
      "version": "7.0.1"
    },
    "mochawesome": {
      "options": {
        "quiet": false,
        "reportFilename": "mochawesome",
        "saveHtml": false,
        "saveJson": true,
        "consoleReporter": "spec",
        "useInlineDiffs": false,
        "code": true
      },
      "version": "7.1.3"
    },
    "marge": {
      "options": {
        "reportDir": "cypress/reports",
        "overwrite": false,
        "html": false,
        "json": true
      },
      "version": "6.2.0"
    }
  }
}