{
  "stats": {
    "suites": 1,
    "tests": 1,
    "passes": 0,
    "pending": 0,
    "failures": 1,
    "start": "2024-11-13T11:57:35.722Z",
    "end": "2024-11-13T11:58:52.936Z",
    "duration": 77214,
    "testsRegistered": 2,
    "passPercent": 0,
    "pendingPercent": 0,
    "other": 0,
    "hasOther": false,
    "skipped": 1,
    "hasSkipped": true
  },
  "results": [
    {
      "uuid": "3b2f0d8d-3ad0-42c8-b98d-9b4b570bd22c",
      "title": "",
      "fullFile": "cypress/e2e/Bussiness_owners/My-subscriptions/Manage_users/tests/Delete_existing_user.cy.ts",
      "file": "cypress/e2e/Bussiness_owners/My-subscriptions/Manage_users/tests/Delete_existing_user.cy.ts",
      "beforeHooks": [],
      "afterHooks": [],
      "tests": [],
      "suites": [
        {
          "uuid": "804c643f-aeec-436c-8243-233c0d15924f",
          "title": "Delete Existing User",
          "fullFile": "",
          "file": "",
          "beforeHooks": [],
          "afterHooks": [],
          "tests": [
            {
              "title": "1.Verify That The User Can Cancel in the confirmation Pop up",
              "fullTitle": "Delete Existing User 1.Verify That The User Can Cancel in the confirmation Pop up",
              "timedOut": null,
              "duration": 34556,
              "state": "failed",
              "speed": null,
              "pass": false,
              "fail": true,
              "pending": false,
              "context": null,
              "code": "cy.get(\"table\").then(($table) => {\n    if ($table.find(\"tbody tr\").is(\":visible\")) {\n        cy.get(\"table tbody tr\")\n            .eq(0)\n            .find(\"td\")\n            .eq(1)\n            .invoke(\"text\")\n            .then((tMail) => {\n            cy.wrap(tMail.trim()).as(\"tMail1\");\n        });\n        cy.getInitItemsCountInListView();\n        manage_users_1.ManageUsers.clickDeleteOnTheLastUser();\n        //  Verify The Components of Cancel Pop up\n        // ManageUsers.verifyTheComponentsOfCancelPopup();\n        //  Click Cancel Button\n        manage_users_1.ManageUsers.cancelTheDeletePopUp();\n        //  Verify that No Data is Deleted\n        cy.get(\"@tMail1\").then((tMail1) => {\n            cy.get(\"table tbody tr\")\n                .eq(0)\n                .find(\"td\")\n                .eq(1)\n                .scrollIntoView()\n                .invoke(\"text\")\n                .then((tMail2) => {\n                expect((0, utils_1.trimText)(tMail1.toString().trim())).to.equal((0, utils_1.trimText)(tMail2));\n            });\n        });\n        cy.assertItemDeletedFromListView();\n    }\n    else {\n        cy.log(\"Table is Empty\");\n    }\n});",
              "err": {
                "message": "AssertionError: Timed out retrying after 25000ms: Expected to find element: `button[class=\"mange body_b14 user\"]`, but never found it.\n\nBecause this error occurred during a `before each` hook we are skipping the remaining tests in the current suite: `Delete Existing User`",
                "estack": "AssertionError: Timed out retrying after 25000ms: Expected to find element: `button[class=\"mange body_b14 user\"]`, but never found it.\n\nBecause this error occurred during a `before each` hook we are skipping the remaining tests in the current suite: `Delete Existing User`\n    at ManageUsers.clickFirstManageUsers (webpack://ERP_MicroTec_Cypress/./cypress/e2e/Bussiness_owners/My-subscriptions/Manage_users/pages/manage_users.ts:6:0)\n    at Context.eval (webpack://ERP_MicroTec_Cypress/./cypress/e2e/Bussiness_owners/My-subscriptions/Manage_users/tests/Delete_existing_user.cy.ts:11:0)",
                "diff": null
              },
              "uuid": "84c9038d-1408-4dfc-945c-a58d2a8548d4",
              "parentUUID": "804c643f-aeec-436c-8243-233c0d15924f",
              "isHook": false,
              "skipped": false
            },
            {
              "title": "2.Verify That The User Can Delete The User From Delete Button on The User Row an Action. ",
              "fullTitle": "Delete Existing User 2.Verify That The User Can Delete The User From Delete Button on The User Row an Action. ",
              "timedOut": null,
              "duration": 0,
              "state": "skipped",
              "speed": null,
              "pass": false,
              "fail": false,
              "pending": false,
              "context": null,
              "code": "cy.get(\"table\").then(($table) => {\n    if ($table.find(\"tbody tr\").is(\":visible\")) {\n        cy.get(\"tbody tr\")\n            .last()\n            .find(\"td\")\n            .eq(1)\n            .invoke(\"text\")\n            .then((tMail) => {\n            cy.wrap(tMail.trim()).as(\"tMail1\");\n        });\n        cy.getInitItemsCountInListView();\n        manage_users_1.ManageUsers.clickDeleteOnTheLastUser();\n        cy.confirmDeletePopUp();\n        //  Verify that No Data is Deleted\n        cy.get(\"@tMail1\").then((tMail1) => {\n            cy.get(\"tbody tr\")\n                .last()\n                .find(\"td\")\n                .eq(1)\n                .scrollIntoView()\n                .invoke(\"text\")\n                .then((tMail2) => {\n                expect((0, utils_1.trimText)(tMail1.toString().trim())).not.to.equal((0, utils_1.trimText)(tMail2));\n            });\n        });\n        cy.assertItemDeletedFromListView();\n    }\n    else {\n        cy.log(\"Table is Empty\");\n    }\n});",
              "err": {},
              "uuid": "3cb5f884-486a-4197-a77b-7cdc75b9f3ce",
              "parentUUID": "804c643f-aeec-436c-8243-233c0d15924f",
              "isHook": false,
              "skipped": true
            }
          ],
          "suites": [],
          "passes": [],
          "failures": [
            "84c9038d-1408-4dfc-945c-a58d2a8548d4"
          ],
          "pending": [],
          "skipped": [
            "3cb5f884-486a-4197-a77b-7cdc75b9f3ce"
          ],
          "duration": 34556,
          "root": false,
          "rootEmpty": false,
          "_timeout": 2000
        }
      ],
      "passes": [],
      "failures": [],
      "pending": [],
      "skipped": [],
      "duration": 0,
      "root": true,
      "rootEmpty": true,
      "_timeout": 2000
    }
  ],
  "meta": {
    "mocha": {
      "version": "7.0.1"
    },
    "mochawesome": {
      "options": {
        "quiet": false,
        "reportFilename": "mochawesome",
        "saveHtml": false,
        "saveJson": true,
        "consoleReporter": "spec",
        "useInlineDiffs": false,
        "code": true
      },
      "version": "7.1.3"
    },
    "marge": {
      "options": {
        "reportDir": "cypress/reports",
        "overwrite": false,
        "html": false,
        "json": true
      },
      "version": "6.2.0"
    }
  }
}