{
  "stats": {
    "suites": 1,
    "tests": 1,
    "passes": 0,
    "pending": 0,
    "failures": 1,
    "start": "2024-12-03T08:18:41.055Z",
    "end": "2024-12-03T08:18:44.394Z",
    "duration": 3339,
    "testsRegistered": 3,
    "passPercent": 0,
    "pendingPercent": 0,
    "other": 0,
    "hasOther": false,
    "skipped": 2,
    "hasSkipped": true
  },
  "results": [
    {
      "uuid": "4bfeffcb-d94b-4470-93a3-3aa0db06eeda",
      "title": "",
      "fullFile": "cypress/e2e/Bussiness_owners/Erp_Login/Sales/customer_definition/tests/customer_definition_listview.cy.ts",
      "file": "cypress/e2e/Bussiness_owners/Erp_Login/Sales/customer_definition/tests/customer_definition_listview.cy.ts",
      "beforeHooks": [],
      "afterHooks": [],
      "tests": [],
      "suites": [
        {
          "uuid": "a1d99b85-5b88-41b2-b861-16c1559a2d94",
          "title": "Customer Definition (Delete)",
          "fullFile": "",
          "file": "",
          "beforeHooks": [],
          "afterHooks": [],
          "tests": [
            {
              "title": "1.Verify all the components are displayed on the Listview",
              "fullTitle": "Customer Definition (Delete) 1.Verify all the components are displayed on the Listview",
              "timedOut": null,
              "duration": 1623,
              "state": "failed",
              "speed": null,
              "pass": false,
              "fail": true,
              "pending": false,
              "context": null,
              "code": "customer_Definition_1.CustomerDefinition.landing();\ncy.zoomOut();\ncy.get(\"table\").then((table) => {\n    cy.wrap(table)\n        .find(\"th\")\n        .eq(0)\n        .contains(/Customer code/i)\n        .should(\"be.visible\");\n    cy.wrap(table)\n        .find(\"th\")\n        .eq(1)\n        .contains(/Customer name/i)\n        .should(\"be.visible\");\n    cy.wrap(table)\n        .find(\"th\")\n        .eq(2)\n        .contains(/Customer category/i)\n        .should(\"be.visible\");\n    cy.wrap(table).find(\"th\").eq(3).contains(/email/i).should(\"be.visible\");\n    cy.wrap(table)\n        .find(\"th\")\n        .eq(4)\n        .contains(/country/i)\n        .should(\"be.visible\");\n    cy.wrap(table)\n        .find(\"th\")\n        .eq(5)\n        .contains(/payment term/i)\n        .should(\"be.visible\");\n    cy.wrap(table)\n        .find(\"th\")\n        .eq(6)\n        .scrollIntoView()\n        .contains(/credit limit/i)\n        .should(\"be.visible\");\n    cy.wrap(table)\n        .find(\"th\")\n        .eq(7)\n        .scrollIntoView()\n        .contains(/actions/i)\n        .should(\"be.visible\");\n});",
              "err": {
                "message": "CypressError: `cy.visit()` failed trying to load:\n\nhttps://intmicrotec.neat-url.com:2006/bussiness-owners/\n\nWe attempted to make an http request to this URL but the request failed without a response.\n\nWe received this error at the network level:\n\n  > Error: connect ECONNREFUSED 77.31.144.166:2006\n\nCommon situations why this would fail:\n  - you don't have internet access\n  - you forgot to run / boot your web server\n  - your web server isn't accessible\n  - you have weird network configuration settings on your computer\n\nThis error occurred while creating the session. Because the session setup failed, we failed the test.\n\nBecause this error occurred during a `before each` hook we are skipping all of the remaining tests.",
                "estack": "CypressError: `cy.visit()` failed trying to load:\n\nhttps://intmicrotec.neat-url.com:2006/bussiness-owners/\n\nWe attempted to make an http request to this URL but the request failed without a response.\n\nWe received this error at the network level:\n\n  > Error: connect ECONNREFUSED 77.31.144.166:2006\n\nCommon situations why this would fail:\n  - you don't have internet access\n  - you forgot to run / boot your web server\n  - your web server isn't accessible\n  - you have weird network configuration settings on your computer\n\nThis error occurred while creating the session. Because the session setup failed, we failed the test.\n\nBecause this error occurred during a `before each` hook we are skipping all of the remaining tests.\n    at <unknown> (https://intmicrotec.neat-url.com:2006/__cypress/runner/cypress_runner.js:131477:74)\n    at visitFailedByErr (https://intmicrotec.neat-url.com:2006/__cypress/runner/cypress_runner.js:130876:12)\n    at <unknown> (https://intmicrotec.neat-url.com:2006/__cypress/runner/cypress_runner.js:131476:11)\n    at tryCatcher (https://intmicrotec.neat-url.com:2006/__cypress/runner/cypress_runner.js:1830:23)\n    at Promise._settlePromiseFromHandler (https://intmicrotec.neat-url.com:2006/__cypress/runner/cypress_runner.js:1542:31)\n    at Promise._settlePromise (https://intmicrotec.neat-url.com:2006/__cypress/runner/cypress_runner.js:1599:18)\n    at Promise._settlePromise0 (https://intmicrotec.neat-url.com:2006/__cypress/runner/cypress_runner.js:1644:10)\n    at Promise._settlePromises (https://intmicrotec.neat-url.com:2006/__cypress/runner/cypress_runner.js:1720:18)\n    at _drainQueueStep (https://intmicrotec.neat-url.com:2006/__cypress/runner/cypress_runner.js:2430:12)\n    at _drainQueue (https://intmicrotec.neat-url.com:2006/__cypress/runner/cypress_runner.js:2423:9)\n    at Async._drainQueues (https://intmicrotec.neat-url.com:2006/__cypress/runner/cypress_runner.js:2439:5)\n    at Async.drainQueues (https://intmicrotec.neat-url.com:2006/__cypress/runner/cypress_runner.js:2309:14)\nFrom Your Spec Code:\n    at Context.eval (webpack://ERP_MicroTec_Cypress/./cypress/support/commands.ts:1239:0)\n\nFrom Node.js Internals:\n  Error: connect ECONNREFUSED 77.31.144.166:2006\n      at TCPConnectWrap.afterConnect [as oncomplete] (node:net:1495:16)",
                "diff": null
              },
              "uuid": "9daa9807-1f5e-4943-afbd-1e1627ffcc61",
              "parentUUID": "a1d99b85-5b88-41b2-b861-16c1559a2d94",
              "isHook": false,
              "skipped": false
            },
            {
              "title": "2.should filter the table based on search input in the first two columns",
              "fullTitle": "Customer Definition (Delete) 2.should filter the table based on search input in the first two columns",
              "timedOut": null,
              "duration": 0,
              "state": "skipped",
              "speed": null,
              "pass": false,
              "fail": false,
              "pending": false,
              "context": null,
              "code": "customer_Definition_1.CustomerDefinition.landing();\ncy.wait(1000);\ncy.verifySearchFunctionalityDots();",
              "err": {},
              "uuid": "ecb4e133-31c9-48fc-b689-c1cd0ee4a7d8",
              "parentUUID": "a1d99b85-5b88-41b2-b861-16c1559a2d94",
              "isHook": false,
              "skipped": true
            },
            {
              "title": "3.Verify Deleting An Existing Customer Definition (All fields are filled)",
              "fullTitle": "Customer Definition (Delete) 3.Verify Deleting An Existing Customer Definition (All fields are filled)",
              "timedOut": null,
              "duration": 0,
              "state": "skipped",
              "speed": null,
              "pass": false,
              "fail": false,
              "pending": false,
              "context": null,
              "code": "customer_Definition_1.CustomerDefinition.landing();\ncy.clickFirstDeleteActionButton();\ncy.wait(2000);\ncy.confirmDeletePopUp();\ncustomer_Definition_1.CustomerDefinition.assertSuccessfulDeletion();",
              "err": {},
              "uuid": "240216fc-ed56-4411-8216-a7793f83d8d6",
              "parentUUID": "a1d99b85-5b88-41b2-b861-16c1559a2d94",
              "isHook": false,
              "skipped": true
            }
          ],
          "suites": [],
          "passes": [],
          "failures": [
            "9daa9807-1f5e-4943-afbd-1e1627ffcc61"
          ],
          "pending": [],
          "skipped": [
            "ecb4e133-31c9-48fc-b689-c1cd0ee4a7d8",
            "240216fc-ed56-4411-8216-a7793f83d8d6"
          ],
          "duration": 1623,
          "root": false,
          "rootEmpty": false,
          "_timeout": 2000
        }
      ],
      "passes": [],
      "failures": [],
      "pending": [],
      "skipped": [],
      "duration": 0,
      "root": true,
      "rootEmpty": true,
      "_timeout": 2000
    }
  ],
  "meta": {
    "mocha": {
      "version": "7.0.1"
    },
    "mochawesome": {
      "options": {
        "quiet": false,
        "reportFilename": "mochawesome",
        "saveHtml": false,
        "saveJson": true,
        "consoleReporter": "spec",
        "useInlineDiffs": false,
        "code": true
      },
      "version": "7.1.3"
    },
    "marge": {
      "options": {
        "reportDir": "cypress/reports",
        "overwrite": false,
        "html": false,
        "json": true
      },
      "version": "6.2.0"
    }
  }
}